qpAdm: parameter file: parqpAdm
### THE INPUT PARAMETERS
##PARAMETER NAME: VALUE
DIR: ../data
S1: v62.0_HO_public
indivname: ../data/v62.0_HO_public.ind
snpname: ../data/v62.0_HO_public.snp
genotypename: ../data/v62.0_HO_public.geno
popleft: leftsrc
popright: right1_posth_recent_all_snps_corrected_ehg_new2
allsnps: YES
inbreed: YES
details: YES
summary: YES
##  qpAdm -p parqpAdm
## qpAdm version: 2050
seed: 1674696580
inbreed set YES
tmp: /tmp/fsx.61077

left pops:
           Veneto.HO      2
      Croatia_EIA.AG     16
  Italy_Broion_BA.SG      2
   Italy_Imperial.SG     36

right pops:
  Ethiopia_4500BP.SG      2
                 WHG      3
Russia_YuzhniyOleniyOstrov_Mesolithic.AG     18
 Iran_GanjDareh_N.AG      8
      Jordan_PPNB.AG      7
  Israel_Natufian.AG      6
Morocco_Iberomaurusian.AG      7
Turkey_Marmara_Barcin_N.AG     23
   Germany_EN_LBK.AG     69
Russia_Samara_EBA_Yamnaya.AG      9
Italy_North_Remedello_C.SG      2
Italy_North_EarlyMedieval_Langobards_1.AG      4
       Denmark_IA.SG      4
Hungary_Langobard.SG      7
Germany_EarlyMedieval.SG     19

codimension 1
f4info: 
f4rank: 2 dof:     12 chisq:    35.390 tail:       0.000405760258 dofdiff:     14 chisqdiff:   -35.390 taildiff:                    1
B:
          scale     1.000     1.000 
            WHG     2.004     0.032 
Russia_YuzhniyOleniyOstrov_Mesolithic.AG     1.675     1.875 
Iran_GanjDareh_N.AG    -0.373     0.987 
 Jordan_PPNB.AG     0.139     1.693 
Israel_Natufian.AG    -0.000     1.274 
Morocco_Iberomaurusian.AG     0.150     0.595 
Turkey_Marmara_Barcin_N.AG     0.432     0.411 
Germany_EN_LBK.AG     0.639     0.847 
Russia_Samara_EBA_Yamnaya.AG     1.002     0.795 
Italy_North_Remedello_C.SG     0.827    -1.071 
Italy_North_EarlyMedieval_Langobards_1.AG     1.235     0.281 
  Denmark_IA.SG     1.139    -0.801 
Hungary_Langobard.SG     0.970    -0.750 
Germany_EarlyMedieval.SG     0.974    -0.847 
A:
          scale   372.415   946.078 
 Croatia_EIA.AG    -0.210     1.711 
Italy_Broion_BA.SG     0.238    -0.131 
Italy_Imperial.SG    -1.703     0.234 


full rank
f4info: 
f4rank: 3 dof:      0 chisq:     0.000 tail:                    1 dofdiff:     12 chisqdiff:    35.390 taildiff:       0.000405760258
B:
          scale   490.536   544.335   223.583 
            WHG    -0.231     0.837    -1.971 
Russia_YuzhniyOleniyOstrov_Mesolithic.AG     1.023    -0.761    -1.753 
Iran_GanjDareh_N.AG     0.626    -1.556     0.208 
 Jordan_PPNB.AG     1.964     0.337     0.112 
Israel_Natufian.AG     1.555     0.209     0.167 
Morocco_Iberomaurusian.AG     1.241     1.071     0.161 
Turkey_Marmara_Barcin_N.AG     0.833     1.039    -0.242 
Germany_EN_LBK.AG     1.191     1.196    -0.402 
Russia_Samara_EBA_Yamnaya.AG     0.455    -0.216    -1.057 
Italy_North_Remedello_C.SG    -0.357     2.466    -0.591 
Italy_North_EarlyMedieval_Langobards_1.AG     0.103     0.175    -1.244 
  Denmark_IA.SG    -0.812     0.272    -1.188 
Hungary_Langobard.SG    -0.955    -0.439    -1.108 
Germany_EarlyMedieval.SG    -0.816     0.249    -1.029 
A:
          scale     1.732     1.732     1.732 
 Croatia_EIA.AG     1.732     0.000     0.000 
Italy_Broion_BA.SG     0.000     1.732     0.000 
Italy_Imperial.SG     0.000     0.000     1.732 


best coefficients:     0.049     0.840     0.112 
totmean:      0.049     0.840     0.112 
zzevarboot
   -0.131999038     0.847107935     0.284891103 
   -0.000989659     0.001873314 
    0.001286998     0.000232112 
   -0.004285356     0.000177795 
zzevarboot2
    0.351187408     0.710126798    -0.061314206 
   -0.000148284     0.001906859 
   -0.000353869    -0.000912347 
   -0.004947748     0.000355263 
boot mean:     0.034     0.858     0.107 
bootstrap saimpling of F-coeffs: 1000
zzjmean     0.034     0.858     0.107 
      std. errors:     0.162     0.177     0.102 

error covariance (* 1,000,000)
     26284     -23633      -2651 
    -23633      31444      -7811 
     -2651      -7811      10462 


summ: Veneto.HO    3      0.000406     0.034     0.858     0.107      26284     -23633      -2651      31444      -7811   ...
     10462 

    fixed pat  wt  dof     chisq       tail prob
          000  0    12    35.390      0.00040576     0.049     0.840     0.112 
          001  1    13    36.582     0.000481643     0.095     0.905     0.000 
          010  1    13   124.224     2.93657e-20     0.705     0.000     0.295 
          100  1    13    35.606     0.000682844     0.000     0.874     0.126 
          011  2    14   138.735      1.2658e-22     1.000     0.000     0.000 
          101  2    14    37.387     0.000644458     0.000     1.000     0.000 
          110  2    14   237.974               0     0.000     0.000     1.000 
best pat:          000       0.00040576              -  -
best pat:          100      0.000682844  chi(nested):     0.216 p-value for nested model:        0.642219
best pat:          101      0.000644458  chi(nested):     1.781 p-value for nested model:        0.182037

coeffs:     0.049     0.840     0.112 

## dscore:: f_4(Base, Fit, Rbase, right2)
## genstat:: f_4(Base, Fit, right1, right2)

details:       Croatia_EIA.AG                  WHG    -0.000472   -0.405219
details:   Italy_Broion_BA.SG                  WHG     0.001537    0.909683
details:    Italy_Imperial.SG                  WHG    -0.008817   -8.076256
dscore:                  WHG f4:     0.000285 Z:     0.186328

details:       Croatia_EIA.AG Russia_YuzhniyOleniyOstrov_Mesolithic.AG     0.002085    2.108957
details:   Italy_Broion_BA.SG Russia_YuzhniyOleniyOstrov_Mesolithic.AG    -0.001397   -0.910860
details:    Italy_Imperial.SG Russia_YuzhniyOleniyOstrov_Mesolithic.AG    -0.007841   -8.574377
dscore: Russia_YuzhniyOleniyOstrov_Mesolithic.AG f4:    -0.001945 Z:    -1.419749

details:       Croatia_EIA.AG  Iran_GanjDareh_N.AG     0.001275    1.327038
details:   Italy_Broion_BA.SG  Iran_GanjDareh_N.AG    -0.002859   -1.916420
details:    Italy_Imperial.SG  Iran_GanjDareh_N.AG     0.000928    1.044938
dscore:  Iran_GanjDareh_N.AG f4:    -0.002234 Z:    -1.672532

details:       Croatia_EIA.AG       Jordan_PPNB.AG     0.004003    3.489834
details:   Italy_Broion_BA.SG       Jordan_PPNB.AG     0.000619    0.340015
details:    Italy_Imperial.SG       Jordan_PPNB.AG     0.000501    0.494491
dscore:       Jordan_PPNB.AG f4:     0.000771 Z:     0.477955

details:       Croatia_EIA.AG   Israel_Natufian.AG     0.003171    2.670530
details:   Italy_Broion_BA.SG   Israel_Natufian.AG     0.000385    0.203203
details:    Italy_Imperial.SG   Israel_Natufian.AG     0.000747    0.695446
dscore:   Israel_Natufian.AG f4:     0.000561 Z:     0.332786

details:       Croatia_EIA.AG Morocco_Iberomaurusian.AG     0.002530    2.519834
details:   Italy_Broion_BA.SG Morocco_Iberomaurusian.AG     0.001967    1.299252
details:    Italy_Imperial.SG Morocco_Iberomaurusian.AG     0.000719    0.770792
dscore: Morocco_Iberomaurusian.AG f4:     0.001855 Z:     1.367765

details:       Croatia_EIA.AG Turkey_Marmara_Barcin_N.AG     0.001698    1.841917
details:   Italy_Broion_BA.SG Turkey_Marmara_Barcin_N.AG     0.001908    1.375659
details:    Italy_Imperial.SG Turkey_Marmara_Barcin_N.AG    -0.001082   -1.282141
dscore: Turkey_Marmara_Barcin_N.AG f4:     0.001565 Z:     1.260343

details:       Croatia_EIA.AG    Germany_EN_LBK.AG     0.002428    2.614819
details:   Italy_Broion_BA.SG    Germany_EN_LBK.AG     0.002197    1.574510
details:    Italy_Imperial.SG    Germany_EN_LBK.AG    -0.001796   -2.161066
dscore:    Germany_EN_LBK.AG f4:     0.001763 Z:     1.409439

details:       Croatia_EIA.AG Russia_Samara_EBA_Yamnaya.AG     0.000928    0.985050
details:   Italy_Broion_BA.SG Russia_Samara_EBA_Yamnaya.AG    -0.000396   -0.274766
details:    Italy_Imperial.SG Russia_Samara_EBA_Yamnaya.AG    -0.004727   -5.570886
dscore: Russia_Samara_EBA_Yamnaya.AG f4:    -0.000814 Z:    -0.632181

details:       Croatia_EIA.AG Italy_North_Remedello_C.SG    -0.000728   -0.585269
details:   Italy_Broion_BA.SG Italy_North_Remedello_C.SG     0.004530    2.342580
details:    Italy_Imperial.SG Italy_North_Remedello_C.SG    -0.002643   -2.340088
dscore: Italy_North_Remedello_C.SG f4:     0.003473 Z:     2.017111

details:       Croatia_EIA.AG Italy_North_EarlyMedieval_Langobards_1.AG     0.000210    0.201265
details:   Italy_Broion_BA.SG Italy_North_EarlyMedieval_Langobards_1.AG     0.000321    0.211276
details:    Italy_Imperial.SG Italy_North_EarlyMedieval_Langobards_1.AG    -0.005563   -5.796814
dscore: Italy_North_EarlyMedieval_Langobards_1.AG f4:    -0.000340 Z:    -0.249769

details:       Croatia_EIA.AG        Denmark_IA.SG    -0.001655   -1.562673
details:   Italy_Broion_BA.SG        Denmark_IA.SG     0.000500    0.307563
details:    Italy_Imperial.SG        Denmark_IA.SG    -0.005313   -5.438145
dscore:        Denmark_IA.SG f4:    -0.000253 Z:    -0.174033

details:       Croatia_EIA.AG Hungary_Langobard.SG    -0.001947   -2.091108
details:   Italy_Broion_BA.SG Hungary_Langobard.SG    -0.000807   -0.553315
details:    Italy_Imperial.SG Hungary_Langobard.SG    -0.004957   -5.831232
dscore: Hungary_Langobard.SG f4:    -0.001325 Z:    -1.017234

details:       Croatia_EIA.AG Germany_EarlyMedieval.SG    -0.001663   -1.771041
details:   Italy_Broion_BA.SG Germany_EarlyMedieval.SG     0.000458    0.317822
details:    Italy_Imperial.SG Germany_EarlyMedieval.SG    -0.004601   -5.299644
dscore: Germany_EarlyMedieval.SG f4:    -0.000210 Z:    -0.162133

gendstat:   Ethiopia_4500BP.SG                  WHG     0.186
gendstat:   Ethiopia_4500BP.SG Russia_YuzhniyOleniyOstrov_Mesolithic.AG    -1.420
gendstat:   Ethiopia_4500BP.SG  Iran_GanjDareh_N.AG    -1.673
gendstat:   Ethiopia_4500BP.SG       Jordan_PPNB.AG     0.478
gendstat:   Ethiopia_4500BP.SG   Israel_Natufian.AG     0.333
gendstat:   Ethiopia_4500BP.SG Morocco_Iberomaurusian.AG     1.368
gendstat:   Ethiopia_4500BP.SG Turkey_Marmara_Barcin_N.AG     1.260
gendstat:   Ethiopia_4500BP.SG    Germany_EN_LBK.AG     1.409
gendstat:   Ethiopia_4500BP.SG Russia_Samara_EBA_Yamnaya.AG    -0.632
gendstat:   Ethiopia_4500BP.SG Italy_North_Remedello_C.SG     2.017
gendstat:   Ethiopia_4500BP.SG Italy_North_EarlyMedieval_Langobards_1.AG    -0.250
gendstat:   Ethiopia_4500BP.SG        Denmark_IA.SG    -0.174
gendstat:   Ethiopia_4500BP.SG Hungary_Langobard.SG    -1.017
gendstat:   Ethiopia_4500BP.SG Germany_EarlyMedieval.SG    -0.162
gendstat:                  WHG Russia_YuzhniyOleniyOstrov_Mesolithic.AG    -1.956
gendstat:                  WHG  Iran_GanjDareh_N.AG    -1.808
gendstat:                  WHG       Jordan_PPNB.AG     0.316
gendstat:                  WHG   Israel_Natufian.AG     0.164
gendstat:                  WHG Morocco_Iberomaurusian.AG     1.055
gendstat:                  WHG Turkey_Marmara_Barcin_N.AG     1.081
gendstat:                  WHG    Germany_EN_LBK.AG     1.299
gendstat:                  WHG Russia_Samara_EBA_Yamnaya.AG    -0.965
gendstat:                  WHG Italy_North_Remedello_C.SG     1.882
gendstat:                  WHG Italy_North_EarlyMedieval_Langobards_1.AG    -0.519
gendstat:                  WHG        Denmark_IA.SG    -0.415
gendstat:                  WHG Hungary_Langobard.SG    -1.499
gendstat:                  WHG Germany_EarlyMedieval.SG    -0.464
gendstat: Russia_YuzhniyOleniyOstrov_Mesolithic.AG  Iran_GanjDareh_N.AG    -0.255
gendstat: Russia_YuzhniyOleniyOstrov_Mesolithic.AG       Jordan_PPNB.AG     1.850
gendstat: Russia_YuzhniyOleniyOstrov_Mesolithic.AG   Israel_Natufian.AG     1.559
gendstat: Russia_YuzhniyOleniyOstrov_Mesolithic.AG Morocco_Iberomaurusian.AG     3.011
gendstat: Russia_YuzhniyOleniyOstrov_Mesolithic.AG Turkey_Marmara_Barcin_N.AG     3.371
gendstat: Russia_YuzhniyOleniyOstrov_Mesolithic.AG    Germany_EN_LBK.AG     3.637
gendstat: Russia_YuzhniyOleniyOstrov_Mesolithic.AG Russia_Samara_EBA_Yamnaya.AG     1.415
gendstat: Russia_YuzhniyOleniyOstrov_Mesolithic.AG Italy_North_Remedello_C.SG     3.325
gendstat: Russia_YuzhniyOleniyOstrov_Mesolithic.AG Italy_North_EarlyMedieval_Langobards_1.AG     1.490
gendstat: Russia_YuzhniyOleniyOstrov_Mesolithic.AG        Denmark_IA.SG     1.490
gendstat: Russia_YuzhniyOleniyOstrov_Mesolithic.AG Hungary_Langobard.SG     0.670
gendstat: Russia_YuzhniyOleniyOstrov_Mesolithic.AG Germany_EarlyMedieval.SG     1.919
gendstat:  Iran_GanjDareh_N.AG       Jordan_PPNB.AG     2.011
gendstat:  Iran_GanjDareh_N.AG   Israel_Natufian.AG     1.718
gendstat:  Iran_GanjDareh_N.AG Morocco_Iberomaurusian.AG     3.075
gendstat:  Iran_GanjDareh_N.AG Turkey_Marmara_Barcin_N.AG     3.755
gendstat:  Iran_GanjDareh_N.AG    Germany_EN_LBK.AG     3.928
gendstat:  Iran_GanjDareh_N.AG Russia_Samara_EBA_Yamnaya.AG     1.417
gendstat:  Iran_GanjDareh_N.AG Italy_North_Remedello_C.SG     3.555
gendstat:  Iran_GanjDareh_N.AG Italy_North_EarlyMedieval_Langobards_1.AG     1.588
gendstat:  Iran_GanjDareh_N.AG        Denmark_IA.SG     1.632
gendstat:  Iran_GanjDareh_N.AG Hungary_Langobard.SG     0.872
gendstat:  Iran_GanjDareh_N.AG Germany_EarlyMedieval.SG     1.958
gendstat:       Jordan_PPNB.AG   Israel_Natufian.AG    -0.123
gendstat:       Jordan_PPNB.AG Morocco_Iberomaurusian.AG     0.719
gendstat:       Jordan_PPNB.AG Turkey_Marmara_Barcin_N.AG     0.674
gendstat:       Jordan_PPNB.AG    Germany_EN_LBK.AG     0.838
gendstat:       Jordan_PPNB.AG Russia_Samara_EBA_Yamnaya.AG    -1.153
gendstat:       Jordan_PPNB.AG Italy_North_Remedello_C.SG     1.546
gendstat:       Jordan_PPNB.AG Italy_North_EarlyMedieval_Langobards_1.AG    -0.787
gendstat:       Jordan_PPNB.AG        Denmark_IA.SG    -0.711
gendstat:       Jordan_PPNB.AG Hungary_Langobard.SG    -1.592
gendstat:       Jordan_PPNB.AG Germany_EarlyMedieval.SG    -0.730
gendstat:   Israel_Natufian.AG Morocco_Iberomaurusian.AG     0.830
gendstat:   Israel_Natufian.AG Turkey_Marmara_Barcin_N.AG     0.729
gendstat:   Israel_Natufian.AG    Germany_EN_LBK.AG     0.874
gendstat:   Israel_Natufian.AG Russia_Samara_EBA_Yamnaya.AG    -0.876
gendstat:   Israel_Natufian.AG Italy_North_Remedello_C.SG     1.563
gendstat:   Israel_Natufian.AG Italy_North_EarlyMedieval_Langobards_1.AG    -0.549
gendstat:   Israel_Natufian.AG        Denmark_IA.SG    -0.498
gendstat:   Israel_Natufian.AG Hungary_Langobard.SG    -1.252
gendstat:   Israel_Natufian.AG Germany_EarlyMedieval.SG    -0.511
gendstat: Morocco_Iberomaurusian.AG Turkey_Marmara_Barcin_N.AG    -0.263
gendstat: Morocco_Iberomaurusian.AG    Germany_EN_LBK.AG    -0.082
gendstat: Morocco_Iberomaurusian.AG Russia_Samara_EBA_Yamnaya.AG    -2.264
gendstat: Morocco_Iberomaurusian.AG Italy_North_Remedello_C.SG     1.002
gendstat: Morocco_Iberomaurusian.AG Italy_North_EarlyMedieval_Langobards_1.AG    -1.725
gendstat: Morocco_Iberomaurusian.AG        Denmark_IA.SG    -1.520
gendstat: Morocco_Iberomaurusian.AG Hungary_Langobard.SG    -2.642
gendstat: Morocco_Iberomaurusian.AG Germany_EarlyMedieval.SG    -1.745
gendstat: Turkey_Marmara_Barcin_N.AG    Germany_EN_LBK.AG     0.457
gendstat: Turkey_Marmara_Barcin_N.AG Russia_Samara_EBA_Yamnaya.AG    -2.654
gendstat: Turkey_Marmara_Barcin_N.AG Italy_North_Remedello_C.SG     1.396
gendstat: Turkey_Marmara_Barcin_N.AG Italy_North_EarlyMedieval_Langobards_1.AG    -2.029
gendstat: Turkey_Marmara_Barcin_N.AG        Denmark_IA.SG    -1.853
gendstat: Turkey_Marmara_Barcin_N.AG Hungary_Langobard.SG    -3.863
gendstat: Turkey_Marmara_Barcin_N.AG Germany_EarlyMedieval.SG    -2.288
gendstat:    Germany_EN_LBK.AG Russia_Samara_EBA_Yamnaya.AG    -2.963
gendstat:    Germany_EN_LBK.AG Italy_North_Remedello_C.SG     1.258
gendstat:    Germany_EN_LBK.AG Italy_North_EarlyMedieval_Langobards_1.AG    -2.327
gendstat:    Germany_EN_LBK.AG        Denmark_IA.SG    -2.101
gendstat:    Germany_EN_LBK.AG Hungary_Langobard.SG    -4.198
gendstat:    Germany_EN_LBK.AG Germany_EarlyMedieval.SG    -2.698
gendstat: Russia_Samara_EBA_Yamnaya.AG Italy_North_Remedello_C.SG     2.753
gendstat: Russia_Samara_EBA_Yamnaya.AG Italy_North_EarlyMedieval_Langobards_1.AG     0.482
gendstat: Russia_Samara_EBA_Yamnaya.AG        Denmark_IA.SG     0.532
gendstat: Russia_Samara_EBA_Yamnaya.AG Hungary_Langobard.SG    -0.637
gendstat: Russia_Samara_EBA_Yamnaya.AG Germany_EarlyMedieval.SG     0.769
gendstat: Italy_North_Remedello_C.SG Italy_North_EarlyMedieval_Langobards_1.AG    -2.469
gendstat: Italy_North_Remedello_C.SG        Denmark_IA.SG    -2.275
gendstat: Italy_North_Remedello_C.SG Hungary_Langobard.SG    -3.228
gendstat: Italy_North_Remedello_C.SG Germany_EarlyMedieval.SG    -2.405
gendstat: Italy_North_EarlyMedieval_Langobards_1.AG        Denmark_IA.SG     0.078
gendstat: Italy_North_EarlyMedieval_Langobards_1.AG Hungary_Langobard.SG    -1.052
gendstat: Italy_North_EarlyMedieval_Langobards_1.AG Germany_EarlyMedieval.SG     0.142
gendstat:        Denmark_IA.SG Hungary_Langobard.SG    -1.066
gendstat:        Denmark_IA.SG Germany_EarlyMedieval.SG     0.044
gendstat: Hungary_Langobard.SG Germany_EarlyMedieval.SG     1.541

worst Z-score with right hand mix
f4(Target, Fit, Base, mix of Right pops;  Z:     5.942 sum:     1.000
                           WHG     8.976
Russia_YuzhniyOleniyOstrov_Mesolithic.AG   -16.977
           Iran_GanjDareh_N.AG   -22.658
                Jordan_PPNB.AG    -3.298
            Israel_Natufian.AG    -4.769
     Morocco_Iberomaurusian.AG    12.566
    Turkey_Marmara_Barcin_N.AG    17.661
             Germany_EN_LBK.AG    37.961
  Russia_Samara_EBA_Yamnaya.AG     5.601
    Italy_North_Remedello_C.SG     9.838
Italy_North_EarlyMedieval_Langobards_1.AG    -8.017
                 Denmark_IA.SG    -1.601
          Hungary_Langobard.SG   -35.814
      Germany_EarlyMedieval.SG     1.531

removing /tmp/fsx.61077
oldmode set: terminating
##end of qpAdm:        7.979 seconds cpu        8.757 Mbytes in use
[2025-12-30T03:07:59Z] ✅ Target Veneto.HO: success on attempt 1.
