qpAdm: parameter file: parqpAdm
### THE INPUT PARAMETERS
##PARAMETER NAME: VALUE
DIR: ../data
S1: v62.0_HO_public
indivname: ../data/v62.0_HO_public.ind
snpname: ../data/v62.0_HO_public.snp
genotypename: ../data/v62.0_HO_public.geno
popleft: leftsrc
popright: right1_posth_recent_all_snps_corrected_ehg_new2
allsnps: YES
inbreed: YES
details: YES
summary: YES
##  qpAdm -p parqpAdm
## qpAdm version: 2050
seed: -1971137331
inbreed set YES
tmp: /tmp/fsx.73644

left pops:
         Piedmont.HO      3
France_Metz_GalloRoman.SG      3
  Italy_Broion_BA.SG      2
   Italy_Imperial.SG     36

right pops:
  Ethiopia_4500BP.SG      2
                 WHG      3
Russia_YuzhniyOleniyOstrov_Mesolithic.AG     18
 Iran_GanjDareh_N.AG      8
      Jordan_PPNB.AG      7
  Israel_Natufian.AG      6
Morocco_Iberomaurusian.AG      7
Turkey_Marmara_Barcin_N.AG     23
   Germany_EN_LBK.AG     69
Russia_Samara_EBA_Yamnaya.AG      9
Italy_North_Remedello_C.SG      2
Italy_North_EarlyMedieval_Langobards_1.AG      4
       Denmark_IA.SG      4
Hungary_Langobard.SG      7
Germany_EarlyMedieval.SG     19

codimension 1
f4info: 
f4rank: 2 dof:     12 chisq:    18.470 tail:          0.102147009 dofdiff:     14 chisqdiff:   -18.470 taildiff:                    1
B:
          scale     1.000     1.000 
            WHG     2.325    -0.981 
Russia_YuzhniyOleniyOstrov_Mesolithic.AG     1.751    -1.405 
Iran_GanjDareh_N.AG    -0.592    -0.655 
 Jordan_PPNB.AG    -0.328     0.114 
Israel_Natufian.AG    -0.090    -0.588 
Morocco_Iberomaurusian.AG    -0.092     0.382 
Turkey_Marmara_Barcin_N.AG    -0.035     1.528 
Germany_EN_LBK.AG     0.217     1.517 
Russia_Samara_EBA_Yamnaya.AG     0.994    -0.468 
Italy_North_Remedello_C.SG     0.415     2.252 
Italy_North_EarlyMedieval_Langobards_1.AG     1.038     0.380 
  Denmark_IA.SG     1.083     0.151 
Hungary_Langobard.SG     0.830    -0.124 
Germany_EarlyMedieval.SG     0.950    -0.145 
A:
          scale   402.741   954.470 
France_Metz_GalloRoman.SG     0.372    -0.763 
Italy_Broion_BA.SG     0.279     1.553 
Italy_Imperial.SG    -1.668    -0.076 


full rank
f4info: 
f4rank: 3 dof:      0 chisq:     0.000 tail:                    1 dofdiff:     12 chisqdiff:    18.470 taildiff:          0.102147009
B:
          scale   659.612   441.268   240.739 
            WHG     2.491     0.527    -2.210 
Russia_YuzhniyOleniyOstrov_Mesolithic.AG     1.816    -0.305    -1.731 
Iran_GanjDareh_N.AG    -0.383    -0.635     0.546 
 Jordan_PPNB.AG     1.073     1.062     0.522 
Israel_Natufian.AG     0.363     0.140     0.155 
Morocco_Iberomaurusian.AG     0.619     1.110     0.301 
Turkey_Marmara_Barcin_N.AG    -0.762     1.395     0.030 
Germany_EN_LBK.AG    -0.794     1.319    -0.256 
Russia_Samara_EBA_Yamnaya.AG     0.401    -0.021    -1.063 
Italy_North_Remedello_C.SG    -0.322     2.483    -0.326 
Italy_North_EarlyMedieval_Langobards_1.AG    -0.113     0.547    -1.124 
  Denmark_IA.SG     0.283     0.516    -1.123 
Hungary_Langobard.SG     0.079     0.155    -0.916 
Germany_EarlyMedieval.SG     1.054     0.636    -0.876 
A:
          scale     1.732     1.732     1.732 
France_Metz_GalloRoman.SG     1.732     0.000     0.000 
Italy_Broion_BA.SG     0.000     1.732     0.000 
Italy_Imperial.SG     0.000     0.000     1.732 


best coefficients:     0.551     0.279     0.170 
totmean:      0.551     0.279     0.170 
zzevarboot
    0.580378598     0.330874944     0.088746458 
    0.000301700    -0.001262246 
    0.000596368     0.002208399 
   -0.004196485     0.000021142 
zzevarboot2
    0.278630324     0.560872739     0.160496937 
    0.000261307    -0.001506452 
    0.001137477     0.000848018 
   -0.004428670    -0.000348211 
boot mean:     0.564     0.261     0.175 
bootstrap saimpling of F-coeffs: 1000
zzjmean     0.564     0.261     0.175 
      std. errors:     0.597     0.817     0.235 

error covariance (* 1,000,000)
    356283    -484235     127952 
   -484235     667496    -183261 
    127952    -183261      55308 


summ: Piedmont.HO    3      0.102147     0.564     0.261     0.175     356283    -484235     127952     667496    -183261   ...
     55308 

    fixed pat  wt  dof     chisq       tail prob
          000  0    12    18.470        0.102147     0.551     0.279     0.170 
          001  1    13    25.644       0.0189682     0.531     0.469     0.000 
          010  1    13    24.558       0.0263697     0.738     0.000     0.262 
          100  1    13    40.187      0.00012898     0.000     0.945     0.055 
          011  2    14    47.613     1.52331e-05     1.000     0.000     0.000 
          101  2    14    40.547     0.000209501     0.000     1.000     0.000 
          110  2    14   394.804               0     0.000     0.000     1.000 
best pat:          000         0.102147              -  -
best pat:          010        0.0263697  chi(nested):     6.088 p-value for nested model:       0.0136114
best pat:          101      0.000209501 not nested

coeffs:     0.551     0.279     0.170 

## dscore:: f_4(Base, Fit, Rbase, right2)
## genstat:: f_4(Base, Fit, right1, right2)

details: France_Metz_GalloRoman.SG                  WHG     0.003776    2.854545
details:   Italy_Broion_BA.SG                  WHG     0.001193    0.772252
details:    Italy_Imperial.SG                  WHG    -0.009181  -10.506718
dscore:                  WHG f4:     0.000857 Z:     0.807025

details: France_Metz_GalloRoman.SG Russia_YuzhniyOleniyOstrov_Mesolithic.AG     0.002754    2.417141
details:   Italy_Broion_BA.SG Russia_YuzhniyOleniyOstrov_Mesolithic.AG    -0.000690   -0.483547
details:    Italy_Imperial.SG Russia_YuzhniyOleniyOstrov_Mesolithic.AG    -0.007190   -9.446619
dscore: Russia_YuzhniyOleniyOstrov_Mesolithic.AG f4:     0.000105 Z:     0.118166

details: France_Metz_GalloRoman.SG  Iran_GanjDareh_N.AG    -0.000580   -0.473155
details:   Italy_Broion_BA.SG  Iran_GanjDareh_N.AG    -0.001440   -1.041374
details:    Italy_Imperial.SG  Iran_GanjDareh_N.AG     0.002267    2.910062
dscore:  Iran_GanjDareh_N.AG f4:    -0.000337 Z:    -0.358450

details: France_Metz_GalloRoman.SG       Jordan_PPNB.AG     0.001626    1.089852
details:   Italy_Broion_BA.SG       Jordan_PPNB.AG     0.002407    1.379734
details:    Italy_Imperial.SG       Jordan_PPNB.AG     0.002169    2.483865
dscore:       Jordan_PPNB.AG f4:     0.001936 Z:     1.709572

details: France_Metz_GalloRoman.SG   Israel_Natufian.AG     0.000550    0.372424
details:   Italy_Broion_BA.SG   Israel_Natufian.AG     0.000317    0.179724
details:    Italy_Imperial.SG   Israel_Natufian.AG     0.000644    0.658296
dscore:   Israel_Natufian.AG f4:     0.000501 Z:     0.430336

details: France_Metz_GalloRoman.SG Morocco_Iberomaurusian.AG     0.000939    0.776630
details:   Italy_Broion_BA.SG Morocco_Iberomaurusian.AG     0.002515    1.772393
details:    Italy_Imperial.SG Morocco_Iberomaurusian.AG     0.001251    1.547293
dscore: Morocco_Iberomaurusian.AG f4:     0.001432 Z:     1.486145

details: France_Metz_GalloRoman.SG Turkey_Marmara_Barcin_N.AG    -0.001155   -1.060290
details:   Italy_Broion_BA.SG Turkey_Marmara_Barcin_N.AG     0.003162    2.488704
details:    Italy_Imperial.SG Turkey_Marmara_Barcin_N.AG     0.000125    0.173564
dscore: Turkey_Marmara_Barcin_N.AG f4:     0.000267 Z:     0.318610

details: France_Metz_GalloRoman.SG    Germany_EN_LBK.AG    -0.001203   -1.104860
details:   Italy_Broion_BA.SG    Germany_EN_LBK.AG     0.002989    2.422407
details:    Italy_Imperial.SG    Germany_EN_LBK.AG    -0.001065   -1.507138
dscore:    Germany_EN_LBK.AG f4:    -0.000010 Z:    -0.011976

details: France_Metz_GalloRoman.SG Russia_Samara_EBA_Yamnaya.AG     0.000608    0.526730
details:   Italy_Broion_BA.SG Russia_Samara_EBA_Yamnaya.AG    -0.000047   -0.034877
details:    Italy_Imperial.SG Russia_Samara_EBA_Yamnaya.AG    -0.004415   -6.124544
dscore: Russia_Samara_EBA_Yamnaya.AG f4:    -0.000428 Z:    -0.480845

details: France_Metz_GalloRoman.SG Italy_North_Remedello_C.SG    -0.000488   -0.324337
details:   Italy_Broion_BA.SG Italy_North_Remedello_C.SG     0.005627    3.027277
details:    Italy_Imperial.SG Italy_North_Remedello_C.SG    -0.001354   -1.351805
dscore: Italy_North_Remedello_C.SG f4:     0.001071 Z:     0.898950

details: France_Metz_GalloRoman.SG Italy_North_EarlyMedieval_Langobards_1.AG    -0.000172   -0.133599
details:   Italy_Broion_BA.SG Italy_North_EarlyMedieval_Langobards_1.AG     0.001240    0.861739
details:    Italy_Imperial.SG Italy_North_EarlyMedieval_Langobards_1.AG    -0.004668   -5.581579
dscore: Italy_North_EarlyMedieval_Langobards_1.AG f4:    -0.000541 Z:    -0.545108

details: France_Metz_GalloRoman.SG        Denmark_IA.SG     0.000429    0.346442
details:   Italy_Broion_BA.SG        Denmark_IA.SG     0.001170    0.790572
details:    Italy_Imperial.SG        Denmark_IA.SG    -0.004664   -5.858953
dscore:        Denmark_IA.SG f4:    -0.000228 Z:    -0.241076

details: France_Metz_GalloRoman.SG Hungary_Langobard.SG     0.000119    0.108982
details:   Italy_Broion_BA.SG Hungary_Langobard.SG     0.000351    0.269341
details:    Italy_Imperial.SG Hungary_Langobard.SG    -0.003806   -5.252349
dscore: Hungary_Langobard.SG f4:    -0.000482 Z:    -0.576243

details: France_Metz_GalloRoman.SG Germany_EarlyMedieval.SG     0.001598    1.461642
details:   Italy_Broion_BA.SG Germany_EarlyMedieval.SG     0.001442    1.117338
details:    Italy_Imperial.SG Germany_EarlyMedieval.SG    -0.003639   -5.031873
dscore: Germany_EarlyMedieval.SG f4:     0.000666 Z:     0.797930

gendstat:   Ethiopia_4500BP.SG                  WHG     0.807
gendstat:   Ethiopia_4500BP.SG Russia_YuzhniyOleniyOstrov_Mesolithic.AG     0.118
gendstat:   Ethiopia_4500BP.SG  Iran_GanjDareh_N.AG    -0.358
gendstat:   Ethiopia_4500BP.SG       Jordan_PPNB.AG     1.710
gendstat:   Ethiopia_4500BP.SG   Israel_Natufian.AG     0.430
gendstat:   Ethiopia_4500BP.SG Morocco_Iberomaurusian.AG     1.486
gendstat:   Ethiopia_4500BP.SG Turkey_Marmara_Barcin_N.AG     0.319
gendstat:   Ethiopia_4500BP.SG    Germany_EN_LBK.AG    -0.012
gendstat:   Ethiopia_4500BP.SG Russia_Samara_EBA_Yamnaya.AG    -0.481
gendstat:   Ethiopia_4500BP.SG Italy_North_Remedello_C.SG     0.899
gendstat:   Ethiopia_4500BP.SG Italy_North_EarlyMedieval_Langobards_1.AG    -0.545
gendstat:   Ethiopia_4500BP.SG        Denmark_IA.SG    -0.241
gendstat:   Ethiopia_4500BP.SG Hungary_Langobard.SG    -0.576
gendstat:   Ethiopia_4500BP.SG Germany_EarlyMedieval.SG     0.798
gendstat:                  WHG Russia_YuzhniyOleniyOstrov_Mesolithic.AG    -0.970
gendstat:                  WHG  Iran_GanjDareh_N.AG    -1.233
gendstat:                  WHG       Jordan_PPNB.AG     1.000
gendstat:                  WHG   Israel_Natufian.AG    -0.305
gendstat:                  WHG Morocco_Iberomaurusian.AG     0.542
gendstat:                  WHG Turkey_Marmara_Barcin_N.AG    -0.701
gendstat:                  WHG    Germany_EN_LBK.AG    -1.085
gendstat:                  WHG Russia_Samara_EBA_Yamnaya.AG    -1.577
gendstat:                  WHG Italy_North_Remedello_C.SG     0.191
gendstat:                  WHG Italy_North_EarlyMedieval_Langobards_1.AG    -1.523
gendstat:                  WHG        Denmark_IA.SG    -1.262
gendstat:                  WHG Hungary_Langobard.SG    -1.673
gendstat:                  WHG Germany_EarlyMedieval.SG    -0.249
gendstat: Russia_YuzhniyOleniyOstrov_Mesolithic.AG  Iran_GanjDareh_N.AG    -0.550
gendstat: Russia_YuzhniyOleniyOstrov_Mesolithic.AG       Jordan_PPNB.AG     1.790
gendstat: Russia_YuzhniyOleniyOstrov_Mesolithic.AG   Israel_Natufian.AG     0.357
gendstat: Russia_YuzhniyOleniyOstrov_Mesolithic.AG Morocco_Iberomaurusian.AG     1.351
gendstat: Russia_YuzhniyOleniyOstrov_Mesolithic.AG Turkey_Marmara_Barcin_N.AG     0.223
gendstat: Russia_YuzhniyOleniyOstrov_Mesolithic.AG    Germany_EN_LBK.AG    -0.163
gendstat: Russia_YuzhniyOleniyOstrov_Mesolithic.AG Russia_Samara_EBA_Yamnaya.AG    -0.861
gendstat: Russia_YuzhniyOleniyOstrov_Mesolithic.AG Italy_North_Remedello_C.SG     0.881
gendstat: Russia_YuzhniyOleniyOstrov_Mesolithic.AG Italy_North_EarlyMedieval_Langobards_1.AG    -0.783
gendstat: Russia_YuzhniyOleniyOstrov_Mesolithic.AG        Denmark_IA.SG    -0.435
gendstat: Russia_YuzhniyOleniyOstrov_Mesolithic.AG Hungary_Langobard.SG    -0.930
gendstat: Russia_YuzhniyOleniyOstrov_Mesolithic.AG Germany_EarlyMedieval.SG     0.879
gendstat:  Iran_GanjDareh_N.AG       Jordan_PPNB.AG     2.256
gendstat:  Iran_GanjDareh_N.AG   Israel_Natufian.AG     0.730
gendstat:  Iran_GanjDareh_N.AG Morocco_Iberomaurusian.AG     1.853
gendstat:  Iran_GanjDareh_N.AG Turkey_Marmara_Barcin_N.AG     0.851
gendstat:  Iran_GanjDareh_N.AG    Germany_EN_LBK.AG     0.467
gendstat:  Iran_GanjDareh_N.AG Russia_Samara_EBA_Yamnaya.AG    -0.124
gendstat:  Iran_GanjDareh_N.AG Italy_North_Remedello_C.SG     1.271
gendstat:  Iran_GanjDareh_N.AG Italy_North_EarlyMedieval_Langobards_1.AG    -0.232
gendstat:  Iran_GanjDareh_N.AG        Denmark_IA.SG     0.128
gendstat:  Iran_GanjDareh_N.AG Hungary_Langobard.SG    -0.199
gendstat:  Iran_GanjDareh_N.AG Germany_EarlyMedieval.SG     1.422
gendstat:       Jordan_PPNB.AG   Israel_Natufian.AG    -1.268
gendstat:       Jordan_PPNB.AG Morocco_Iberomaurusian.AG    -0.484
gendstat:       Jordan_PPNB.AG Turkey_Marmara_Barcin_N.AG    -1.994
gendstat:       Jordan_PPNB.AG    Germany_EN_LBK.AG    -2.394
gendstat:       Jordan_PPNB.AG Russia_Samara_EBA_Yamnaya.AG    -2.426
gendstat:       Jordan_PPNB.AG Italy_North_Remedello_C.SG    -0.696
gendstat:       Jordan_PPNB.AG Italy_North_EarlyMedieval_Langobards_1.AG    -2.478
gendstat:       Jordan_PPNB.AG        Denmark_IA.SG    -2.183
gendstat:       Jordan_PPNB.AG Hungary_Langobard.SG    -2.656
gendstat:       Jordan_PPNB.AG Germany_EarlyMedieval.SG    -1.413
gendstat:   Israel_Natufian.AG Morocco_Iberomaurusian.AG     0.802
gendstat:   Israel_Natufian.AG Turkey_Marmara_Barcin_N.AG    -0.243
gendstat:   Israel_Natufian.AG    Germany_EN_LBK.AG    -0.535
gendstat:   Israel_Natufian.AG Russia_Samara_EBA_Yamnaya.AG    -0.866
gendstat:   Israel_Natufian.AG Italy_North_Remedello_C.SG     0.448
gendstat:   Israel_Natufian.AG Italy_North_EarlyMedieval_Langobards_1.AG    -0.919
gendstat:   Israel_Natufian.AG        Denmark_IA.SG    -0.661
gendstat:   Israel_Natufian.AG Hungary_Langobard.SG    -0.933
gendstat:   Israel_Natufian.AG Germany_EarlyMedieval.SG     0.166
gendstat: Morocco_Iberomaurusian.AG Turkey_Marmara_Barcin_N.AG    -1.359
gendstat: Morocco_Iberomaurusian.AG    Germany_EN_LBK.AG    -1.712
gendstat: Morocco_Iberomaurusian.AG Russia_Samara_EBA_Yamnaya.AG    -1.925
gendstat: Morocco_Iberomaurusian.AG Italy_North_Remedello_C.SG    -0.300
gendstat: Morocco_Iberomaurusian.AG Italy_North_EarlyMedieval_Langobards_1.AG    -1.986
gendstat: Morocco_Iberomaurusian.AG        Denmark_IA.SG    -1.671
gendstat: Morocco_Iberomaurusian.AG Hungary_Langobard.SG    -2.092
gendstat: Morocco_Iberomaurusian.AG Germany_EarlyMedieval.SG    -0.877
gendstat: Turkey_Marmara_Barcin_N.AG    Germany_EN_LBK.AG    -0.922
gendstat: Turkey_Marmara_Barcin_N.AG Russia_Samara_EBA_Yamnaya.AG    -1.078
gendstat: Turkey_Marmara_Barcin_N.AG Italy_North_Remedello_C.SG     0.842
gendstat: Turkey_Marmara_Barcin_N.AG Italy_North_EarlyMedieval_Langobards_1.AG    -1.169
gendstat: Turkey_Marmara_Barcin_N.AG        Denmark_IA.SG    -0.717
gendstat: Turkey_Marmara_Barcin_N.AG Hungary_Langobard.SG    -1.408
gendstat: Turkey_Marmara_Barcin_N.AG Germany_EarlyMedieval.SG     0.803
gendstat:    Germany_EN_LBK.AG Russia_Samara_EBA_Yamnaya.AG    -0.665
gendstat:    Germany_EN_LBK.AG Italy_North_Remedello_C.SG     1.165
gendstat:    Germany_EN_LBK.AG Italy_North_EarlyMedieval_Langobards_1.AG    -0.796
gendstat:    Germany_EN_LBK.AG        Denmark_IA.SG    -0.328
gendstat:    Germany_EN_LBK.AG Hungary_Langobard.SG    -0.930
gendstat:    Germany_EN_LBK.AG Germany_EarlyMedieval.SG     1.374
gendstat: Russia_Samara_EBA_Yamnaya.AG Italy_North_Remedello_C.SG     1.416
gendstat: Russia_Samara_EBA_Yamnaya.AG Italy_North_EarlyMedieval_Langobards_1.AG    -0.149
gendstat: Russia_Samara_EBA_Yamnaya.AG        Denmark_IA.SG     0.279
gendstat: Russia_Samara_EBA_Yamnaya.AG Hungary_Langobard.SG    -0.091
gendstat: Russia_Samara_EBA_Yamnaya.AG Germany_EarlyMedieval.SG     1.903
gendstat: Italy_North_Remedello_C.SG Italy_North_EarlyMedieval_Langobards_1.AG    -1.469
gendstat: Italy_North_Remedello_C.SG        Denmark_IA.SG    -1.216
gendstat: Italy_North_Remedello_C.SG Hungary_Langobard.SG    -1.591
gendstat: Italy_North_Remedello_C.SG Germany_EarlyMedieval.SG    -0.404
gendstat: Italy_North_EarlyMedieval_Langobards_1.AG        Denmark_IA.SG     0.386
gendstat: Italy_North_EarlyMedieval_Langobards_1.AG Hungary_Langobard.SG     0.081
gendstat: Italy_North_EarlyMedieval_Langobards_1.AG Germany_EarlyMedieval.SG     1.677
gendstat:        Denmark_IA.SG Hungary_Langobard.SG    -0.372
gendstat:        Denmark_IA.SG Germany_EarlyMedieval.SG     1.346
gendstat: Hungary_Langobard.SG Germany_EarlyMedieval.SG     2.147

worst Z-score with right hand mix
f4(Target, Fit, Base, mix of Right pops;  Z:     4.291 sum:     1.000
                           WHG     5.060
Russia_YuzhniyOleniyOstrov_Mesolithic.AG     2.512
           Iran_GanjDareh_N.AG    -5.224
                Jordan_PPNB.AG    10.852
            Israel_Natufian.AG    -1.630
     Morocco_Iberomaurusian.AG     6.091
    Turkey_Marmara_Barcin_N.AG     9.994
             Germany_EN_LBK.AG   -17.842
  Russia_Samara_EBA_Yamnaya.AG    -7.250
    Italy_North_Remedello_C.SG     5.536
Italy_North_EarlyMedieval_Langobards_1.AG    -6.265
                 Denmark_IA.SG    -3.994
          Hungary_Langobard.SG   -13.489
      Germany_EarlyMedieval.SG    16.651

removing /tmp/fsx.73644
oldmode set: terminating
##end of qpAdm:       10.945 seconds cpu        8.757 Mbytes in use
[2025-12-30T19:27:11Z] ✅ Target Piedmont.HO: success on attempt 1.
