qpAdm: parameter file: parqpAdm
### THE INPUT PARAMETERS
##PARAMETER NAME: VALUE
DIR: ../data
S1: v62.0_HO_public
indivname: ../data/v62.0_HO_public.ind
snpname: ../data/v62.0_HO_public.snp
genotypename: ../data/v62.0_HO_public.geno
popleft: leftsrc
popright: right1_posth_recent_all_snps_corrected_ehg_new2
allsnps: YES
inbreed: YES
details: YES
summary: YES
##  qpAdm -p parqpAdm
## qpAdm version: 2050
seed: 1863117946
inbreed set YES
tmp: /tmp/fsx.59360

left pops:
           Veneto.HO      2
France_SouthEast_IA2.AG      6
  Italy_Broion_BA.SG      2
   Italy_Imperial.SG     36

right pops:
  Ethiopia_4500BP.SG      2
                 WHG      3
Russia_YuzhniyOleniyOstrov_Mesolithic.AG     18
 Iran_GanjDareh_N.AG      8
      Jordan_PPNB.AG      7
  Israel_Natufian.AG      6
Morocco_Iberomaurusian.AG      7
Turkey_Marmara_Barcin_N.AG     23
   Germany_EN_LBK.AG     69
Russia_Samara_EBA_Yamnaya.AG      9
Italy_North_Remedello_C.SG      2
Italy_North_EarlyMedieval_Langobards_1.AG      4
       Denmark_IA.SG      4
Hungary_Langobard.SG      7
Germany_EarlyMedieval.SG     19

codimension 1
f4info: 
f4rank: 2 dof:     12 chisq:    35.096 tail:       0.000452036463 dofdiff:     14 chisqdiff:   -35.096 taildiff:                    1
B:
          scale     1.000     1.000 
            WHG     2.129     0.555 
Russia_YuzhniyOleniyOstrov_Mesolithic.AG     1.767     1.048 
Iran_GanjDareh_N.AG    -0.278     0.792 
 Jordan_PPNB.AG     0.415     2.036 
Israel_Natufian.AG     0.153     1.178 
Morocco_Iberomaurusian.AG     0.280     0.886 
Turkey_Marmara_Barcin_N.AG     0.428     0.020 
Germany_EN_LBK.AG     0.629     0.142 
Russia_Samara_EBA_Yamnaya.AG     0.987     0.099 
Italy_North_Remedello_C.SG     0.666    -1.320 
Italy_North_EarlyMedieval_Langobards_1.AG     1.234    -0.030 
  Denmark_IA.SG     1.039    -0.946 
Hungary_Langobard.SG     0.825    -1.263 
Germany_EarlyMedieval.SG     0.844    -1.178 
A:
          scale   351.894  1068.928 
France_SouthEast_IA2.AG     0.624     1.508 
Italy_Broion_BA.SG     0.215    -0.145 
Italy_Imperial.SG    -1.601     0.840 


full rank
f4info: 
f4rank: 3 dof:      0 chisq:     0.000 tail:                    1 dofdiff:     12 chisqdiff:    35.096 taildiff:       0.000452036463
B:
          scale   339.521   539.577   224.379 
            WHG     1.800     0.873    -1.972 
Russia_YuzhniyOleniyOstrov_Mesolithic.AG     1.574    -0.693    -1.753 
Iran_GanjDareh_N.AG     0.064    -1.469     0.211 
 Jordan_PPNB.AG     1.651     0.391     0.112 
Israel_Natufian.AG     1.089     0.290     0.166 
Morocco_Iberomaurusian.AG     1.152     1.096     0.169 
Turkey_Marmara_Barcin_N.AG     0.711     1.063    -0.244 
Germany_EN_LBK.AG     0.919     1.227    -0.402 
Russia_Samara_EBA_Yamnaya.AG     0.758    -0.170    -1.056 
Italy_North_Remedello_C.SG     0.282     2.477    -0.588 
Italy_North_EarlyMedieval_Langobards_1.AG     0.923     0.210    -1.244 
  Denmark_IA.SG     0.384     0.288    -1.188 
Hungary_Langobard.SG     0.040    -0.390    -1.109 
Germany_EarlyMedieval.SG     0.192     0.286    -1.026 
A:
          scale     1.732     1.732     1.732 
France_SouthEast_IA2.AG     1.732     0.000     0.000 
Italy_Broion_BA.SG     0.000     1.732     0.000 
Italy_Imperial.SG     0.000     0.000     1.732 


best coefficients:     0.015     0.863     0.122 
totmean:      0.015     0.863     0.122 
zzevarboot
   -0.317963099     1.287631254     0.030331845 
    0.001329390     0.001592618 
    0.000430943     0.000376875 
   -0.004358436     0.000696209 
zzevarboot2
    0.342675111     0.460409494     0.196915395 
    0.001980580    -0.001169976 
    0.000600314     0.001202838 
   -0.004850234    -0.000776356 
boot mean:    -0.124     1.029     0.095 
bootstrap saimpling of F-coeffs: 1000
zzjmean    -0.124     1.029     0.095 
      std. errors:     8.032    10.386     2.433 

error covariance (* 1,000,000)
  64517289  -83235320   18718031 
 -83235320  107872292  -24636971 
  18718031  -24636971    5918940 


summ: Veneto.HO    3      0.000452    -0.124     1.029     0.095   64517289  -83235320   18718031  107872292  -24636971   ...
   5918940 

    fixed pat  wt  dof     chisq       tail prob
          000  0    12    35.096     0.000452036     0.015     0.863     0.122 
          001  1    13    36.994     0.000415178    -0.071     1.071     0.000  infeasible
          010  1    13    58.382     1.02087e-07     0.646     0.000     0.354 
          100  1    13    35.010     0.000843658     0.000     0.874     0.126 
          011  2    14    90.067     3.68654e-13     1.000     0.000     0.000 
          101  2    14    37.214     0.000684711     0.000     1.000     0.000 
          110  2    14   237.565               0     0.000     0.000     1.000 
best pat:          000      0.000452036              -  -
best pat:          100      0.000843658  chi(nested):    -0.086 p-value for nested model:            -nan
best pat:          101      0.000684711  chi(nested):     2.204 p-value for nested model:        0.137683

coeffs:     0.015     0.863     0.122 

## dscore:: f_4(Base, Fit, Rbase, right2)
## genstat:: f_4(Base, Fit, right1, right2)

details: France_SouthEast_IA2.AG                  WHG     0.005301    3.961967
details:   Italy_Broion_BA.SG                  WHG     0.001618    0.957369
details:    Italy_Imperial.SG                  WHG    -0.008790   -8.059055
dscore:                  WHG f4:     0.000409 Z:     0.263677

details: France_SouthEast_IA2.AG Russia_YuzhniyOleniyOstrov_Mesolithic.AG     0.004636    3.995023
details:   Italy_Broion_BA.SG Russia_YuzhniyOleniyOstrov_Mesolithic.AG    -0.001284   -0.837991
details:    Italy_Imperial.SG Russia_YuzhniyOleniyOstrov_Mesolithic.AG    -0.007812   -8.556821
dscore: Russia_YuzhniyOleniyOstrov_Mesolithic.AG f4:    -0.001988 Z:    -1.428910

details: France_SouthEast_IA2.AG  Iran_GanjDareh_N.AG     0.000187    0.170459
details:   Italy_Broion_BA.SG  Iran_GanjDareh_N.AG    -0.002723   -1.831025
details:    Italy_Imperial.SG  Iran_GanjDareh_N.AG     0.000940    1.060228
dscore:  Iran_GanjDareh_N.AG f4:    -0.002233 Z:    -1.651189

details: France_SouthEast_IA2.AG       Jordan_PPNB.AG     0.004862    3.662807
details:   Italy_Broion_BA.SG       Jordan_PPNB.AG     0.000725    0.398526
details:    Italy_Imperial.SG       Jordan_PPNB.AG     0.000501    0.494336
dscore:       Jordan_PPNB.AG f4:     0.000760 Z:     0.463721

details: France_SouthEast_IA2.AG   Israel_Natufian.AG     0.003208    2.298564
details:   Italy_Broion_BA.SG   Israel_Natufian.AG     0.000538    0.284151
details:    Italy_Imperial.SG   Israel_Natufian.AG     0.000742    0.690311
dscore:   Israel_Natufian.AG f4:     0.000603 Z:     0.351977

details: France_SouthEast_IA2.AG Morocco_Iberomaurusian.AG     0.003392    2.953549
details:   Italy_Broion_BA.SG Morocco_Iberomaurusian.AG     0.002031    1.343329
details:    Italy_Imperial.SG Morocco_Iberomaurusian.AG     0.000754    0.808317
dscore: Morocco_Iberomaurusian.AG f4:     0.001897 Z:     1.377941

details: France_SouthEast_IA2.AG Turkey_Marmara_Barcin_N.AG     0.002096    1.978632
details:   Italy_Broion_BA.SG Turkey_Marmara_Barcin_N.AG     0.001970    1.419071
details:    Italy_Imperial.SG Turkey_Marmara_Barcin_N.AG    -0.001088   -1.292257
dscore: Turkey_Marmara_Barcin_N.AG f4:     0.001600 Z:     1.268244

details: France_SouthEast_IA2.AG    Germany_EN_LBK.AG     0.002706    2.557017
details:   Italy_Broion_BA.SG    Germany_EN_LBK.AG     0.002275    1.629438
details:    Italy_Imperial.SG    Germany_EN_LBK.AG    -0.001792   -2.161067
dscore:    Germany_EN_LBK.AG f4:     0.001787 Z:     1.407086

details: France_SouthEast_IA2.AG Russia_Samara_EBA_Yamnaya.AG     0.002233    2.075099
details:   Italy_Broion_BA.SG Russia_Samara_EBA_Yamnaya.AG    -0.000315   -0.218709
details:    Italy_Imperial.SG Russia_Samara_EBA_Yamnaya.AG    -0.004707   -5.554582
dscore: Russia_Samara_EBA_Yamnaya.AG f4:    -0.000810 Z:    -0.619534

details: France_SouthEast_IA2.AG Italy_North_Remedello_C.SG     0.000831    0.565844
details:   Italy_Broion_BA.SG Italy_North_Remedello_C.SG     0.004590    2.370722
details:    Italy_Imperial.SG Italy_North_Remedello_C.SG    -0.002622   -2.322349
dscore: Italy_North_Remedello_C.SG f4:     0.003657 Z:     2.084290

details: France_SouthEast_IA2.AG Italy_North_EarlyMedieval_Langobards_1.AG     0.002718    2.289378
details:   Italy_Broion_BA.SG Italy_North_EarlyMedieval_Langobards_1.AG     0.000389    0.255517
details:    Italy_Imperial.SG Italy_North_EarlyMedieval_Langobards_1.AG    -0.005544   -5.788981
dscore: Italy_North_EarlyMedieval_Langobards_1.AG f4:    -0.000297 Z:    -0.214952

details: France_SouthEast_IA2.AG        Denmark_IA.SG     0.001130    0.919367
details:   Italy_Broion_BA.SG        Denmark_IA.SG     0.000534    0.328000
details:    Italy_Imperial.SG        Denmark_IA.SG    -0.005294   -5.428124
dscore:        Denmark_IA.SG f4:    -0.000166 Z:    -0.112200

details: France_SouthEast_IA2.AG Hungary_Langobard.SG     0.000117    0.110999
details:   Italy_Broion_BA.SG Hungary_Langobard.SG    -0.000723   -0.495707
details:    Italy_Imperial.SG Hungary_Langobard.SG    -0.004942   -5.826924
dscore: Hungary_Langobard.SG f4:    -0.001223 Z:    -0.924226

details: France_SouthEast_IA2.AG Germany_EarlyMedieval.SG     0.000567    0.514497
details:   Italy_Broion_BA.SG Germany_EarlyMedieval.SG     0.000529    0.367057
details:    Italy_Imperial.SG Germany_EarlyMedieval.SG    -0.004574   -5.274758
dscore: Germany_EarlyMedieval.SG f4:    -0.000091 Z:    -0.068983

gendstat:   Ethiopia_4500BP.SG                  WHG     0.264
gendstat:   Ethiopia_4500BP.SG Russia_YuzhniyOleniyOstrov_Mesolithic.AG    -1.429
gendstat:   Ethiopia_4500BP.SG  Iran_GanjDareh_N.AG    -1.651
gendstat:   Ethiopia_4500BP.SG       Jordan_PPNB.AG     0.464
gendstat:   Ethiopia_4500BP.SG   Israel_Natufian.AG     0.352
gendstat:   Ethiopia_4500BP.SG Morocco_Iberomaurusian.AG     1.378
gendstat:   Ethiopia_4500BP.SG Turkey_Marmara_Barcin_N.AG     1.268
gendstat:   Ethiopia_4500BP.SG    Germany_EN_LBK.AG     1.407
gendstat:   Ethiopia_4500BP.SG Russia_Samara_EBA_Yamnaya.AG    -0.620
gendstat:   Ethiopia_4500BP.SG Italy_North_Remedello_C.SG     2.084
gendstat:   Ethiopia_4500BP.SG Italy_North_EarlyMedieval_Langobards_1.AG    -0.215
gendstat:   Ethiopia_4500BP.SG        Denmark_IA.SG    -0.112
gendstat:   Ethiopia_4500BP.SG Hungary_Langobard.SG    -0.924
gendstat:   Ethiopia_4500BP.SG Germany_EarlyMedieval.SG    -0.069
gendstat:                  WHG Russia_YuzhniyOleniyOstrov_Mesolithic.AG    -2.071
gendstat:                  WHG  Iran_GanjDareh_N.AG    -1.869
gendstat:                  WHG       Jordan_PPNB.AG     0.225
gendstat:                  WHG   Israel_Natufian.AG     0.114
gendstat:                  WHG Morocco_Iberomaurusian.AG     0.985
gendstat:                  WHG Turkey_Marmara_Barcin_N.AG     0.992
gendstat:                  WHG    Germany_EN_LBK.AG     1.194
gendstat:                  WHG Russia_Samara_EBA_Yamnaya.AG    -1.056
gendstat:                  WHG Italy_North_Remedello_C.SG     1.885
gendstat:                  WHG Italy_North_EarlyMedieval_Langobards_1.AG    -0.577
gendstat:                  WHG        Denmark_IA.SG    -0.436
gendstat:                  WHG Hungary_Langobard.SG    -1.497
gendstat:                  WHG Germany_EarlyMedieval.SG    -0.462
gendstat: Russia_YuzhniyOleniyOstrov_Mesolithic.AG  Iran_GanjDareh_N.AG    -0.213
gendstat: Russia_YuzhniyOleniyOstrov_Mesolithic.AG       Jordan_PPNB.AG     1.843
gendstat: Russia_YuzhniyOleniyOstrov_Mesolithic.AG   Israel_Natufian.AG     1.587
gendstat: Russia_YuzhniyOleniyOstrov_Mesolithic.AG Morocco_Iberomaurusian.AG     3.034
gendstat: Russia_YuzhniyOleniyOstrov_Mesolithic.AG Turkey_Marmara_Barcin_N.AG     3.396
gendstat: Russia_YuzhniyOleniyOstrov_Mesolithic.AG    Germany_EN_LBK.AG     3.651
gendstat: Russia_YuzhniyOleniyOstrov_Mesolithic.AG Russia_Samara_EBA_Yamnaya.AG     1.454
gendstat: Russia_YuzhniyOleniyOstrov_Mesolithic.AG Italy_North_Remedello_C.SG     3.405
gendstat: Russia_YuzhniyOleniyOstrov_Mesolithic.AG Italy_North_EarlyMedieval_Langobards_1.AG     1.547
gendstat: Russia_YuzhniyOleniyOstrov_Mesolithic.AG        Denmark_IA.SG     1.580
gendstat: Russia_YuzhniyOleniyOstrov_Mesolithic.AG Hungary_Langobard.SG     0.813
gendstat: Russia_YuzhniyOleniyOstrov_Mesolithic.AG Germany_EarlyMedieval.SG     2.066
gendstat:  Iran_GanjDareh_N.AG       Jordan_PPNB.AG     1.971
gendstat:  Iran_GanjDareh_N.AG   Israel_Natufian.AG     1.718
gendstat:  Iran_GanjDareh_N.AG Morocco_Iberomaurusian.AG     3.065
gendstat:  Iran_GanjDareh_N.AG Turkey_Marmara_Barcin_N.AG     3.737
gendstat:  Iran_GanjDareh_N.AG    Germany_EN_LBK.AG     3.899
gendstat:  Iran_GanjDareh_N.AG Russia_Samara_EBA_Yamnaya.AG     1.398
gendstat:  Iran_GanjDareh_N.AG Italy_North_Remedello_C.SG     3.607
gendstat:  Iran_GanjDareh_N.AG Italy_North_EarlyMedieval_Langobards_1.AG     1.601
gendstat:  Iran_GanjDareh_N.AG        Denmark_IA.SG     1.675
gendstat:  Iran_GanjDareh_N.AG Hungary_Langobard.SG     0.956
gendstat:  Iran_GanjDareh_N.AG Germany_EarlyMedieval.SG     2.041
gendstat:       Jordan_PPNB.AG   Israel_Natufian.AG    -0.091
gendstat:       Jordan_PPNB.AG Morocco_Iberomaurusian.AG     0.743
gendstat:       Jordan_PPNB.AG Turkey_Marmara_Barcin_N.AG     0.702
gendstat:       Jordan_PPNB.AG    Germany_EN_LBK.AG     0.854
gendstat:       Jordan_PPNB.AG Russia_Samara_EBA_Yamnaya.AG    -1.124
gendstat:       Jordan_PPNB.AG Italy_North_Remedello_C.SG     1.632
gendstat:       Jordan_PPNB.AG Italy_North_EarlyMedieval_Langobards_1.AG    -0.738
gendstat:       Jordan_PPNB.AG        Denmark_IA.SG    -0.633
gendstat:       Jordan_PPNB.AG Hungary_Langobard.SG    -1.485
gendstat:       Jordan_PPNB.AG Germany_EarlyMedieval.SG    -0.623
gendstat:   Israel_Natufian.AG Morocco_Iberomaurusian.AG     0.817
gendstat:   Israel_Natufian.AG Turkey_Marmara_Barcin_N.AG     0.713
gendstat:   Israel_Natufian.AG    Germany_EN_LBK.AG     0.848
gendstat:   Israel_Natufian.AG Russia_Samara_EBA_Yamnaya.AG    -0.888
gendstat:   Israel_Natufian.AG Italy_North_Remedello_C.SG     1.611
gendstat:   Israel_Natufian.AG Italy_North_EarlyMedieval_Langobards_1.AG    -0.539
gendstat:   Israel_Natufian.AG        Denmark_IA.SG    -0.462
gendstat:   Israel_Natufian.AG Hungary_Langobard.SG    -1.195
gendstat:   Israel_Natufian.AG Germany_EarlyMedieval.SG    -0.453
gendstat: Morocco_Iberomaurusian.AG Turkey_Marmara_Barcin_N.AG    -0.265
gendstat: Morocco_Iberomaurusian.AG    Germany_EN_LBK.AG    -0.096
gendstat: Morocco_Iberomaurusian.AG Russia_Samara_EBA_Yamnaya.AG    -2.265
gendstat: Morocco_Iberomaurusian.AG Italy_North_Remedello_C.SG     1.073
gendstat: Morocco_Iberomaurusian.AG Italy_North_EarlyMedieval_Langobards_1.AG    -1.698
gendstat: Morocco_Iberomaurusian.AG        Denmark_IA.SG    -1.465
gendstat: Morocco_Iberomaurusian.AG Hungary_Langobard.SG    -2.555
gendstat: Morocco_Iberomaurusian.AG Germany_EarlyMedieval.SG    -1.653
gendstat: Turkey_Marmara_Barcin_N.AG    Germany_EN_LBK.AG     0.425
gendstat: Turkey_Marmara_Barcin_N.AG Russia_Samara_EBA_Yamnaya.AG    -2.653
gendstat: Turkey_Marmara_Barcin_N.AG Italy_North_Remedello_C.SG     1.478
gendstat: Turkey_Marmara_Barcin_N.AG Italy_North_EarlyMedieval_Langobards_1.AG    -1.992
gendstat: Turkey_Marmara_Barcin_N.AG        Denmark_IA.SG    -1.773
gendstat: Turkey_Marmara_Barcin_N.AG Hungary_Langobard.SG    -3.727
gendstat: Turkey_Marmara_Barcin_N.AG Germany_EarlyMedieval.SG    -2.146
gendstat:    Germany_EN_LBK.AG Russia_Samara_EBA_Yamnaya.AG    -2.949
gendstat:    Germany_EN_LBK.AG Italy_North_Remedello_C.SG     1.352
gendstat:    Germany_EN_LBK.AG Italy_North_EarlyMedieval_Langobards_1.AG    -2.274
gendstat:    Germany_EN_LBK.AG        Denmark_IA.SG    -2.006
gendstat:    Germany_EN_LBK.AG Hungary_Langobard.SG    -4.038
gendstat:    Germany_EN_LBK.AG Germany_EarlyMedieval.SG    -2.527
gendstat: Russia_Samara_EBA_Yamnaya.AG Italy_North_Remedello_C.SG     2.822
gendstat: Russia_Samara_EBA_Yamnaya.AG Italy_North_EarlyMedieval_Langobards_1.AG     0.515
gendstat: Russia_Samara_EBA_Yamnaya.AG        Denmark_IA.SG     0.604
gendstat: Russia_Samara_EBA_Yamnaya.AG Hungary_Langobard.SG    -0.507
gendstat: Russia_Samara_EBA_Yamnaya.AG Germany_EarlyMedieval.SG     0.902
gendstat: Italy_North_Remedello_C.SG Italy_North_EarlyMedieval_Langobards_1.AG    -2.514
gendstat: Italy_North_Remedello_C.SG        Denmark_IA.SG    -2.294
gendstat: Italy_North_Remedello_C.SG Hungary_Langobard.SG    -3.231
gendstat: Italy_North_Remedello_C.SG Germany_EarlyMedieval.SG    -2.403
gendstat: Italy_North_EarlyMedieval_Langobards_1.AG        Denmark_IA.SG     0.117
gendstat: Italy_North_EarlyMedieval_Langobards_1.AG Hungary_Langobard.SG    -0.974
gendstat: Italy_North_EarlyMedieval_Langobards_1.AG Germany_EarlyMedieval.SG     0.221
gendstat:        Denmark_IA.SG Hungary_Langobard.SG    -1.035
gendstat:        Denmark_IA.SG Germany_EarlyMedieval.SG     0.075
gendstat: Hungary_Langobard.SG Germany_EarlyMedieval.SG     1.538

worst Z-score with right hand mix
f4(Target, Fit, Base, mix of Right pops;  Z:     5.904 sum:     1.000
                           WHG     8.768
Russia_YuzhniyOleniyOstrov_Mesolithic.AG   -17.150
           Iran_GanjDareh_N.AG   -21.239
                Jordan_PPNB.AG    -3.399
            Israel_Natufian.AG    -4.278
     Morocco_Iberomaurusian.AG    11.771
    Turkey_Marmara_Barcin_N.AG    16.142
             Germany_EN_LBK.AG    33.582
  Russia_Samara_EBA_Yamnaya.AG     4.401
    Italy_North_Remedello_C.SG     9.637
Italy_North_EarlyMedieval_Langobards_1.AG    -7.538
                 Denmark_IA.SG    -1.077
          Hungary_Langobard.SG   -32.048
      Germany_EarlyMedieval.SG     3.429

removing /tmp/fsx.59360
oldmode set: terminating
##end of qpAdm:        7.935 seconds cpu        8.757 Mbytes in use
[2025-12-30T01:57:49Z] ✅ Target Veneto.HO: success on attempt 1.
