qpAdm: parameter file: parqpAdm
### THE INPUT PARAMETERS
##PARAMETER NAME: VALUE
DIR: ../data
S1: v62.0_HO_updated_packed_2
indivname: ../data/v62.0_HO_updated_packed_2.ind
snpname: ../data/v62.0_HO_updated_packed_2.snp
genotypename: ../data/v62.0_HO_updated_packed_2.geno
popleft: leftsrc
popright: right1_posth_recent_all_snps_corrected_north_euro
allsnps: YES
inbreed: YES
details: YES
summary: YES
##  qpAdm -p parqpAdm
## qpAdm version: 2050
seed: 164777829
inbreed set YES
tmp: /tmp/fsx.1976164

left pops:
         Lombardy.HO      2
France_SouthEast_IA2.AG      6
  Italy_Broion_BA.SG      2
   Italy_Imperial.SG     36

right pops:
  Ethiopia_4500BP.SG      2
                 WHG      3
Russia_YuzhniyOleniyOstrov_Mesolithic.AG     18
 Iran_GanjDareh_N.AG      8
      Jordan_PPNB.AG      7
  Israel_Natufian.AG      6
Morocco_Iberomaurusian.AG      7
Turkey_Marmara_Barcin_N.AG     23
   Germany_EN_LBK.AG     69
Russia_Samara_EBA_Yamnaya.AG      9
Italy_North_Remedello_C.SG      2
Hungary_Langobard.SG      7
       Denmark_IA.SG      4
Germany_EarlyMedieval.SG     19
Italy_North_EarlyMedieval_Langobards_1.AG      4

codimension 1
f4info: 
f4rank: 2 dof:     12 chisq:    21.687 tail:         0.0411788606 dofdiff:     14 chisqdiff:   -21.687 taildiff:                    1
B:
          scale     1.000     1.000 
            WHG     2.038     1.636 
Russia_YuzhniyOleniyOstrov_Mesolithic.AG     1.877     0.528 
Iran_GanjDareh_N.AG    -0.011    -1.614 
 Jordan_PPNB.AG     0.809    -1.659 
Israel_Natufian.AG     0.397    -1.004 
Morocco_Iberomaurusian.AG     0.439    -0.754 
Turkey_Marmara_Barcin_N.AG     0.491    -0.023 
Germany_EN_LBK.AG     0.669     0.184 
Russia_Samara_EBA_Yamnaya.AG     1.005     0.636 
Italy_North_Remedello_C.SG     0.429     1.276 
Hungary_Langobard.SG     0.720     0.573 
  Denmark_IA.SG     0.918     0.921 
Germany_EarlyMedieval.SG     0.735     0.682 
Italy_North_EarlyMedieval_Langobards_1.AG     1.240     0.633 
A:
          scale   351.009   766.179 
France_SouthEast_IA2.AG     1.573    -0.900 
Italy_Broion_BA.SG     0.199     0.798 
Italy_Imperial.SG    -0.697    -1.246 


full rank
f4info: 
f4rank: 3 dof:      0 chisq:     0.000 tail:                    1 dofdiff:     12 chisqdiff:    21.687 taildiff:         0.0411788606
B:
          scale   200.562   306.156   355.999 
            WHG     1.636     1.368    -2.113 
Russia_YuzhniyOleniyOstrov_Mesolithic.AG     1.619     0.659    -1.559 
Iran_GanjDareh_N.AG     0.390    -0.299     0.955 
 Jordan_PPNB.AG     1.458     0.942     1.020 
Israel_Natufian.AG     0.879     0.543     0.692 
Morocco_Iberomaurusian.AG     0.947     1.037     0.744 
Turkey_Marmara_Barcin_N.AG     0.732     1.077     0.165 
Germany_EN_LBK.AG     0.857     1.174    -0.085 
Russia_Samara_EBA_Yamnaya.AG     0.795     0.429    -1.064 
Italy_North_Remedello_C.SG     0.420     1.781    -0.480 
Hungary_Langobard.SG     0.662     0.751    -0.630 
  Denmark_IA.SG     0.735     0.934    -0.987 
Germany_EarlyMedieval.SG     0.695     1.048    -0.597 
Italy_North_EarlyMedieval_Langobards_1.AG     1.103     0.958    -0.997 
A:
          scale     1.732     1.732     1.732 
France_SouthEast_IA2.AG     1.732     0.000     0.000 
Italy_Broion_BA.SG     0.000     1.732     0.000 
Italy_Imperial.SG     0.000     0.000     1.732 


best coefficients:     0.071     0.597     0.331 
totmean:      0.071     0.597     0.331 
zzevarboot
   -0.056651568     0.747809606     0.308841962 
    0.005205239    -0.000819878 
    0.000775922     0.001051426 
   -0.000923957    -0.002696247 
zzevarboot2
    0.074909914     0.573620343     0.351469743 
    0.003847109     0.001281981 
    0.000943756    -0.000834438 
   -0.002360215     0.001088621 
boot mean:     0.080     0.583     0.337 
bootstrap saimpling of F-coeffs: 1000
zzjmean     0.080     0.583     0.337 
      std. errors:     1.516     1.985     0.479 

error covariance (* 1,000,000)
   2297090   -3004797     707707 
  -3004797    3941736    -936939 
    707707    -936939     229231 


summ: Lombardy.HO    3      0.041179     0.080     0.583     0.337    2297090   -3004797     707707    3941736    -936939   ...
    229231 

    fixed pat  wt  dof     chisq       tail prob
          000  0    12    21.687       0.0411789     0.071     0.597     0.331 
          001  1    13    35.141     0.000805441    -0.165     1.165     0.000  infeasible
          010  1    13    54.347     5.25962e-07     0.540     0.000     0.460 
          100  1    13    22.685       0.0456181     0.000     0.665     0.335 
          011  2    14   114.999     5.96779e-18     1.000     0.000     0.000 
          101  2    14    35.765      0.00113154     0.000     1.000     0.000 
          110  2    14   174.333     9.10593e-30     0.000     0.000     1.000 
best pat:          000        0.0411789              -  -
best pat:          100        0.0456181  chi(nested):     0.998 p-value for nested model:        0.317892
best pat:          101       0.00113154  chi(nested):    13.080 p-value for nested model:     0.000298502

coeffs:     0.071     0.597     0.331 

## dscore:: f_4(Base, Fit, Rbase, right2)
## genstat:: f_4(Base, Fit, right1, right2)

details: France_SouthEast_IA2.AG                  WHG     0.008157    6.342095
details:   Italy_Broion_BA.SG                  WHG     0.004468    2.622846
details:    Italy_Imperial.SG                  WHG    -0.005936   -5.752380
dscore:                  WHG f4:     0.001282 Z:     0.986105

details: France_SouthEast_IA2.AG Russia_YuzhniyOleniyOstrov_Mesolithic.AG     0.008072    6.717913
details:   Italy_Broion_BA.SG Russia_YuzhniyOleniyOstrov_Mesolithic.AG     0.002153    1.352958
details:    Italy_Imperial.SG Russia_YuzhniyOleniyOstrov_Mesolithic.AG    -0.004379   -4.612186
dscore: Russia_YuzhniyOleniyOstrov_Mesolithic.AG f4:     0.000410 Z:     0.339661

details: France_SouthEast_IA2.AG  Iran_GanjDareh_N.AG     0.001945    1.683016
details:   Italy_Broion_BA.SG  Iran_GanjDareh_N.AG    -0.000975   -0.665970
details:    Italy_Imperial.SG  Iran_GanjDareh_N.AG     0.002681    2.934803
dscore:  Iran_GanjDareh_N.AG f4:     0.000444 Z:     0.399908

details: France_SouthEast_IA2.AG       Jordan_PPNB.AG     0.007268    5.621261
details:   Italy_Broion_BA.SG       Jordan_PPNB.AG     0.003075    1.634944
details:    Italy_Imperial.SG       Jordan_PPNB.AG     0.002866    2.722081
dscore:       Jordan_PPNB.AG f4:     0.003304 Z:     2.383843

details: France_SouthEast_IA2.AG   Israel_Natufian.AG     0.004381    3.097067
details:   Italy_Broion_BA.SG   Israel_Natufian.AG     0.001773    0.922814
details:    Italy_Imperial.SG   Israel_Natufian.AG     0.001943    1.775879
dscore:   Israel_Natufian.AG f4:     0.002015 Z:     1.408400

details: France_SouthEast_IA2.AG Morocco_Iberomaurusian.AG     0.004722    4.011973
details:   Italy_Broion_BA.SG Morocco_Iberomaurusian.AG     0.003388    2.119797
details:    Italy_Imperial.SG Morocco_Iberomaurusian.AG     0.002091    2.280246
dscore: Morocco_Iberomaurusian.AG f4:     0.003053 Z:     2.524344

details: France_SouthEast_IA2.AG Turkey_Marmara_Barcin_N.AG     0.003651    3.506623
details:   Italy_Broion_BA.SG Turkey_Marmara_Barcin_N.AG     0.003516    2.481624
details:    Italy_Imperial.SG Turkey_Marmara_Barcin_N.AG     0.000464    0.540294
dscore: Turkey_Marmara_Barcin_N.AG f4:     0.002514 Z:     2.349259

details: France_SouthEast_IA2.AG    Germany_EN_LBK.AG     0.004271    4.155000
details:   Italy_Broion_BA.SG    Germany_EN_LBK.AG     0.003834    2.723173
details:    Italy_Imperial.SG    Germany_EN_LBK.AG    -0.000238   -0.282719
dscore:    Germany_EN_LBK.AG f4:     0.002516 Z:     2.369583

details: France_SouthEast_IA2.AG Russia_Samara_EBA_Yamnaya.AG     0.003964    3.564313
details:   Italy_Broion_BA.SG Russia_Samara_EBA_Yamnaya.AG     0.001402    0.940564
details:    Italy_Imperial.SG Russia_Samara_EBA_Yamnaya.AG    -0.002990   -3.466611
dscore: Russia_Samara_EBA_Yamnaya.AG f4:     0.000129 Z:     0.115055

details: France_SouthEast_IA2.AG Italy_North_Remedello_C.SG     0.002096    1.398929
details:   Italy_Broion_BA.SG Italy_North_Remedello_C.SG     0.005819    3.005403
details:    Italy_Imperial.SG Italy_North_Remedello_C.SG    -0.001348   -1.159366
dscore: Italy_North_Remedello_C.SG f4:     0.003179 Z:     2.194351

details: France_SouthEast_IA2.AG Hungary_Langobard.SG     0.003302    3.064717
details:   Italy_Broion_BA.SG Hungary_Langobard.SG     0.002453    1.679705
details:    Italy_Imperial.SG Hungary_Langobard.SG    -0.001768   -2.075631
dscore: Hungary_Langobard.SG f4:     0.001114 Z:     1.019904

details: France_SouthEast_IA2.AG        Denmark_IA.SG     0.003665    2.845872
details:   Italy_Broion_BA.SG        Denmark_IA.SG     0.003052    1.815500
details:    Italy_Imperial.SG        Denmark_IA.SG    -0.002773   -2.721631
dscore:        Denmark_IA.SG f4:     0.001165 Z:     0.911382

details: France_SouthEast_IA2.AG Germany_EarlyMedieval.SG     0.003466    3.259840
details:   Italy_Broion_BA.SG Germany_EarlyMedieval.SG     0.003425    2.377528
details:    Italy_Imperial.SG Germany_EarlyMedieval.SG    -0.001677   -2.018877
dscore: Germany_EarlyMedieval.SG f4:     0.001737 Z:     1.616330

details: France_SouthEast_IA2.AG Italy_North_EarlyMedieval_Langobards_1.AG     0.005497    4.542029
details:   Italy_Broion_BA.SG Italy_North_EarlyMedieval_Langobards_1.AG     0.003130    1.972774
details:    Italy_Imperial.SG Italy_North_EarlyMedieval_Langobards_1.AG    -0.002801   -2.906762
dscore: Italy_North_EarlyMedieval_Langobards_1.AG f4:     0.001333 Z:     1.110123

gendstat:   Ethiopia_4500BP.SG                  WHG     0.986
gendstat:   Ethiopia_4500BP.SG Russia_YuzhniyOleniyOstrov_Mesolithic.AG     0.340
gendstat:   Ethiopia_4500BP.SG  Iran_GanjDareh_N.AG     0.400
gendstat:   Ethiopia_4500BP.SG       Jordan_PPNB.AG     2.384
gendstat:   Ethiopia_4500BP.SG   Israel_Natufian.AG     1.408
gendstat:   Ethiopia_4500BP.SG Morocco_Iberomaurusian.AG     2.524
gendstat:   Ethiopia_4500BP.SG Turkey_Marmara_Barcin_N.AG     2.349
gendstat:   Ethiopia_4500BP.SG    Germany_EN_LBK.AG     2.370
gendstat:   Ethiopia_4500BP.SG Russia_Samara_EBA_Yamnaya.AG     0.115
gendstat:   Ethiopia_4500BP.SG Italy_North_Remedello_C.SG     2.194
gendstat:   Ethiopia_4500BP.SG Hungary_Langobard.SG     1.020
gendstat:   Ethiopia_4500BP.SG        Denmark_IA.SG     0.911
gendstat:   Ethiopia_4500BP.SG Germany_EarlyMedieval.SG     1.616
gendstat:   Ethiopia_4500BP.SG Italy_North_EarlyMedieval_Langobards_1.AG     1.110
gendstat:                  WHG Russia_YuzhniyOleniyOstrov_Mesolithic.AG    -0.897
gendstat:                  WHG  Iran_GanjDareh_N.AG    -0.708
gendstat:                  WHG       Jordan_PPNB.AG     1.522
gendstat:                  WHG   Israel_Natufian.AG     0.510
gendstat:                  WHG Morocco_Iberomaurusian.AG     1.343
gendstat:                  WHG Turkey_Marmara_Barcin_N.AG     1.192
gendstat:                  WHG    Germany_EN_LBK.AG     1.240
gendstat:                  WHG Russia_Samara_EBA_Yamnaya.AG    -1.159
gendstat:                  WHG Italy_North_Remedello_C.SG     1.362
gendstat:                  WHG Hungary_Langobard.SG    -0.173
gendstat:                  WHG        Denmark_IA.SG    -0.105
gendstat:                  WHG Germany_EarlyMedieval.SG     0.481
gendstat:                  WHG Italy_North_EarlyMedieval_Langobards_1.AG     0.046
gendstat: Russia_YuzhniyOleniyOstrov_Mesolithic.AG  Iran_GanjDareh_N.AG     0.035
gendstat: Russia_YuzhniyOleniyOstrov_Mesolithic.AG       Jordan_PPNB.AG     2.323
gendstat: Russia_YuzhniyOleniyOstrov_Mesolithic.AG   Israel_Natufian.AG     1.180
gendstat: Russia_YuzhniyOleniyOstrov_Mesolithic.AG Morocco_Iberomaurusian.AG     2.249
gendstat: Russia_YuzhniyOleniyOstrov_Mesolithic.AG Turkey_Marmara_Barcin_N.AG     2.372
gendstat: Russia_YuzhniyOleniyOstrov_Mesolithic.AG    Germany_EN_LBK.AG     2.382
gendstat: Russia_YuzhniyOleniyOstrov_Mesolithic.AG Russia_Samara_EBA_Yamnaya.AG    -0.397
gendstat: Russia_YuzhniyOleniyOstrov_Mesolithic.AG Italy_North_Remedello_C.SG     2.106
gendstat: Russia_YuzhniyOleniyOstrov_Mesolithic.AG Hungary_Langobard.SG     0.866
gendstat: Russia_YuzhniyOleniyOstrov_Mesolithic.AG        Denmark_IA.SG     0.792
gendstat: Russia_YuzhniyOleniyOstrov_Mesolithic.AG Germany_EarlyMedieval.SG     1.635
gendstat: Russia_YuzhniyOleniyOstrov_Mesolithic.AG Italy_North_EarlyMedieval_Langobards_1.AG     0.929
gendstat:  Iran_GanjDareh_N.AG       Jordan_PPNB.AG     2.382
gendstat:  Iran_GanjDareh_N.AG   Israel_Natufian.AG     1.193
gendstat:  Iran_GanjDareh_N.AG Morocco_Iberomaurusian.AG     2.347
gendstat:  Iran_GanjDareh_N.AG Turkey_Marmara_Barcin_N.AG     2.613
gendstat:  Iran_GanjDareh_N.AG    Germany_EN_LBK.AG     2.591
gendstat:  Iran_GanjDareh_N.AG Russia_Samara_EBA_Yamnaya.AG    -0.373
gendstat:  Iran_GanjDareh_N.AG Italy_North_Remedello_C.SG     2.105
gendstat:  Iran_GanjDareh_N.AG Hungary_Langobard.SG     0.800
gendstat:  Iran_GanjDareh_N.AG        Denmark_IA.SG     0.690
gendstat:  Iran_GanjDareh_N.AG Germany_EarlyMedieval.SG     1.580
gendstat:  Iran_GanjDareh_N.AG Italy_North_EarlyMedieval_Langobards_1.AG     0.886
gendstat:       Jordan_PPNB.AG   Israel_Natufian.AG    -0.937
gendstat:       Jordan_PPNB.AG Morocco_Iberomaurusian.AG    -0.199
gendstat:       Jordan_PPNB.AG Turkey_Marmara_Barcin_N.AG    -0.823
gendstat:       Jordan_PPNB.AG    Germany_EN_LBK.AG    -0.823
gendstat:       Jordan_PPNB.AG Russia_Samara_EBA_Yamnaya.AG    -2.700
gendstat:       Jordan_PPNB.AG Italy_North_Remedello_C.SG    -0.091
gendstat:       Jordan_PPNB.AG Hungary_Langobard.SG    -2.024
gendstat:       Jordan_PPNB.AG        Denmark_IA.SG    -1.665
gendstat:       Jordan_PPNB.AG Germany_EarlyMedieval.SG    -1.463
gendstat:       Jordan_PPNB.AG Italy_North_EarlyMedieval_Langobards_1.AG    -1.633
gendstat:   Israel_Natufian.AG Morocco_Iberomaurusian.AG     0.802
gendstat:   Israel_Natufian.AG Turkey_Marmara_Barcin_N.AG     0.441
gendstat:   Israel_Natufian.AG    Germany_EN_LBK.AG     0.448
gendstat:   Israel_Natufian.AG Russia_Samara_EBA_Yamnaya.AG    -1.478
gendstat:   Israel_Natufian.AG Italy_North_Remedello_C.SG     0.789
gendstat:   Israel_Natufian.AG Hungary_Langobard.SG    -0.730
gendstat:   Israel_Natufian.AG        Denmark_IA.SG    -0.621
gendstat:   Israel_Natufian.AG Germany_EarlyMedieval.SG    -0.230
gendstat:   Israel_Natufian.AG Italy_North_EarlyMedieval_Langobards_1.AG    -0.507
gendstat: Morocco_Iberomaurusian.AG Turkey_Marmara_Barcin_N.AG    -0.543
gendstat: Morocco_Iberomaurusian.AG    Germany_EN_LBK.AG    -0.542
gendstat: Morocco_Iberomaurusian.AG Russia_Samara_EBA_Yamnaya.AG    -2.704
gendstat: Morocco_Iberomaurusian.AG Italy_North_Remedello_C.SG     0.089
gendstat: Morocco_Iberomaurusian.AG Hungary_Langobard.SG    -1.840
gendstat: Morocco_Iberomaurusian.AG        Denmark_IA.SG    -1.555
gendstat: Morocco_Iberomaurusian.AG Germany_EarlyMedieval.SG    -1.238
gendstat: Morocco_Iberomaurusian.AG Italy_North_EarlyMedieval_Langobards_1.AG    -1.444
gendstat: Turkey_Marmara_Barcin_N.AG    Germany_EN_LBK.AG     0.004
gendstat: Turkey_Marmara_Barcin_N.AG Russia_Samara_EBA_Yamnaya.AG    -3.118
gendstat: Turkey_Marmara_Barcin_N.AG Italy_North_Remedello_C.SG     0.615
gendstat: Turkey_Marmara_Barcin_N.AG Hungary_Langobard.SG    -2.263
gendstat: Turkey_Marmara_Barcin_N.AG        Denmark_IA.SG    -1.574
gendstat: Turkey_Marmara_Barcin_N.AG Germany_EarlyMedieval.SG    -1.230
gendstat: Turkey_Marmara_Barcin_N.AG Italy_North_EarlyMedieval_Langobards_1.AG    -1.465
gendstat:    Germany_EN_LBK.AG Russia_Samara_EBA_Yamnaya.AG    -3.204
gendstat:    Germany_EN_LBK.AG Italy_North_Remedello_C.SG     0.611
gendstat:    Germany_EN_LBK.AG Hungary_Langobard.SG    -2.371
gendstat:    Germany_EN_LBK.AG        Denmark_IA.SG    -1.569
gendstat:    Germany_EN_LBK.AG Germany_EarlyMedieval.SG    -1.300
gendstat:    Germany_EN_LBK.AG Italy_North_EarlyMedieval_Langobards_1.AG    -1.454
gendstat: Russia_Samara_EBA_Yamnaya.AG Italy_North_Remedello_C.SG     2.441
gendstat: Russia_Samara_EBA_Yamnaya.AG Hungary_Langobard.SG     1.439
gendstat: Russia_Samara_EBA_Yamnaya.AG        Denmark_IA.SG     1.167
gendstat: Russia_Samara_EBA_Yamnaya.AG Germany_EarlyMedieval.SG     2.315
gendstat: Russia_Samara_EBA_Yamnaya.AG Italy_North_EarlyMedieval_Langobards_1.AG     1.344
gendstat: Italy_North_Remedello_C.SG Hungary_Langobard.SG    -1.713
gendstat: Italy_North_Remedello_C.SG        Denmark_IA.SG    -1.506
gendstat: Italy_North_Remedello_C.SG Germany_EarlyMedieval.SG    -1.219
gendstat: Italy_North_Remedello_C.SG Italy_North_EarlyMedieval_Langobards_1.AG    -1.379
gendstat: Hungary_Langobard.SG        Denmark_IA.SG     0.059
gendstat: Hungary_Langobard.SG Germany_EarlyMedieval.SG     1.010
gendstat: Hungary_Langobard.SG Italy_North_EarlyMedieval_Langobards_1.AG     0.261
gendstat:        Denmark_IA.SG Germany_EarlyMedieval.SG     0.682
gendstat:        Denmark_IA.SG Italy_North_EarlyMedieval_Langobards_1.AG     0.169
gendstat: Germany_EarlyMedieval.SG Italy_North_EarlyMedieval_Langobards_1.AG    -0.488

worst Z-score with right hand mix
f4(Target, Fit, Base, mix of Right pops;  Z:     4.652 sum:     1.000
                           WHG     0.106
Russia_YuzhniyOleniyOstrov_Mesolithic.AG    -0.345
           Iran_GanjDareh_N.AG    -1.127
                Jordan_PPNB.AG     0.429
            Israel_Natufian.AG    -0.293
     Morocco_Iberomaurusian.AG     1.183
    Turkey_Marmara_Barcin_N.AG     1.172
             Germany_EN_LBK.AG     1.555
  Russia_Samara_EBA_Yamnaya.AG    -1.700
    Italy_North_Remedello_C.SG     0.434
          Hungary_Langobard.SG    -1.041
                 Denmark_IA.SG    -0.256
      Germany_EarlyMedieval.SG     1.053
Italy_North_EarlyMedieval_Langobards_1.AG    -0.168

removing /tmp/fsx.1976164
oldmode set: terminating
##end of qpAdm:        5.735 seconds cpu        8.806 Mbytes in use
[2026-01-11T18:11:53Z] ✅ Target Lombardy.HO: success on attempt 1.
