qpAdm: parameter file: parqpAdm
### THE INPUT PARAMETERS
##PARAMETER NAME: VALUE
DIR: ../data
S1: v62.0_HO_public
indivname: ../data/v62.0_HO_public.ind
snpname: ../data/v62.0_HO_public.snp
genotypename: ../data/v62.0_HO_public.geno
popleft: leftsrc
popright: right1_posth_recent_all_snps_corrected_ehg_new2
allsnps: YES
inbreed: YES
details: YES
summary: YES
##  qpAdm -p parqpAdm
## qpAdm version: 2050
seed: 1812139289
inbreed set YES
tmp: /tmp/fsx.59880

left pops:
   Emilia-Romagna.HO      7
France_SouthEast_IA2.AG      6
  Italy_Broion_BA.SG      2
   Italy_Imperial.SG     36

right pops:
  Ethiopia_4500BP.SG      2
                 WHG      3
Russia_YuzhniyOleniyOstrov_Mesolithic.AG     18
 Iran_GanjDareh_N.AG      8
      Jordan_PPNB.AG      7
  Israel_Natufian.AG      6
Morocco_Iberomaurusian.AG      7
Turkey_Marmara_Barcin_N.AG     23
   Germany_EN_LBK.AG     69
Russia_Samara_EBA_Yamnaya.AG      9
Italy_North_Remedello_C.SG      2
Italy_North_EarlyMedieval_Langobards_1.AG      4
       Denmark_IA.SG      4
Hungary_Langobard.SG      7
Germany_EarlyMedieval.SG     19

codimension 1
f4info: 
f4rank: 2 dof:     12 chisq:    31.882 tail:        0.00144279775 dofdiff:     14 chisqdiff:   -31.882 taildiff:                    1
B:
          scale     1.000     1.000 
            WHG     2.154    -0.710 
Russia_YuzhniyOleniyOstrov_Mesolithic.AG     1.797     0.366 
Iran_GanjDareh_N.AG    -0.239     1.208 
 Jordan_PPNB.AG     0.488     2.154 
Israel_Natufian.AG     0.205     1.417 
Morocco_Iberomaurusian.AG     0.303     0.935 
Turkey_Marmara_Barcin_N.AG     0.427     0.250 
Germany_EN_LBK.AG     0.632     0.130 
Russia_Samara_EBA_Yamnaya.AG     1.009    -0.369 
Italy_North_Remedello_C.SG     0.549    -0.850 
Italy_North_EarlyMedieval_Langobards_1.AG     1.242    -0.151 
  Denmark_IA.SG     1.003    -0.829 
Hungary_Langobard.SG     0.793    -1.308 
Germany_EarlyMedieval.SG     0.792    -1.012 
A:
          scale   358.156  1093.232 
France_SouthEast_IA2.AG     1.230     1.403 
Italy_Broion_BA.SG     0.466    -0.389 
Italy_Imperial.SG    -1.126     0.938 


full rank
f4info: 
f4rank: 3 dof:      0 chisq:     0.000 tail:                    1 dofdiff:     12 chisqdiff:    31.882 taildiff:        0.00144279775
B:
          scale   254.974   412.880   306.147 
            WHG     1.794     1.382    -2.162 
Russia_YuzhniyOleniyOstrov_Mesolithic.AG     1.785     0.448    -1.672 
Iran_GanjDareh_N.AG     0.227    -0.834     0.499 
 Jordan_PPNB.AG     1.305     0.393     0.225 
Israel_Natufian.AG     0.906     0.358     0.332 
Morocco_Iberomaurusian.AG     0.757     0.666     0.103 
Turkey_Marmara_Barcin_N.AG     0.655     1.008    -0.192 
Germany_EN_LBK.AG     0.809     1.131    -0.410 
Russia_Samara_EBA_Yamnaya.AG     0.894     0.392    -1.057 
Italy_North_Remedello_C.SG     0.512     2.356    -0.439 
Italy_North_EarlyMedieval_Langobards_1.AG     1.161     0.906    -1.146 
  Denmark_IA.SG     0.720     0.921    -1.107 
Hungary_Langobard.SG     0.390     0.285    -1.086 
Germany_EarlyMedieval.SG     0.532     0.847    -0.938 
A:
          scale     1.732     1.732     1.732 
France_SouthEast_IA2.AG     1.732     0.000     0.000 
Italy_Broion_BA.SG     0.000     1.732     0.000 
Italy_Imperial.SG     0.000     0.000     1.732 


best coefficients:     0.000     0.707     0.293 
totmean:      0.000     0.707     0.293 
zzevarboot
    0.153407647     0.504048160     0.342544193 
    0.003459556     0.001638129 
    0.001173211    -0.001054294 
   -0.003275716     0.000817743 
zzevarboot2
   -0.121902949     0.865876171     0.256026779 
    0.003648100    -0.001115229 
    0.001403694     0.000071984 
   -0.003010274    -0.000774446 
boot mean:     0.014     0.699     0.286 
bootstrap saimpling of F-coeffs: 1000
zzjmean     0.014     0.699     0.286 
      std. errors:     3.131     3.509     0.394 

error covariance (* 1,000,000)
   9802676  -10980811    1178135 
 -10980811   12314193   -1333382 
   1178135   -1333382     155246 


summ: Emilia-Romagna.HO    3      0.001443     0.014     0.699     0.286    9802676  -10980811    1178135   12314193   -1333382   ...
    155246 

    fixed pat  wt  dof     chisq       tail prob
          000  0    12    31.882       0.0014428     0.000     0.707     0.293 
          001  1    13    40.054     0.000135489    -0.431     1.431     0.000  infeasible
          010  1    13    88.183     3.10724e-13     0.557     0.000     0.443 
          100  1    13    32.355      0.00212785     0.000     0.704     0.296 
          011  2    14   170.961     4.37976e-29     1.000     0.000     0.000 
          101  2    14    45.093     3.94054e-05     0.000     1.000     0.000 
          110  2    14   453.498               0     0.000     0.000     1.000 
best pat:          000        0.0014428              -  -
best pat:          100       0.00212785  chi(nested):     0.472 p-value for nested model:        0.491934
best pat:          101      3.94054e-05  chi(nested):    12.738 p-value for nested model:     0.000358314

coeffs:     0.000     0.707     0.293 

## dscore:: f_4(Base, Fit, Rbase, right2)
## genstat:: f_4(Base, Fit, right1, right2)

details: France_SouthEast_IA2.AG                  WHG     0.007035    6.914373
details:   Italy_Broion_BA.SG                  WHG     0.003347    2.253033
details:    Italy_Imperial.SG                  WHG    -0.007062  -10.699424
dscore:                  WHG f4:     0.000298 Z:     0.262873

details: France_SouthEast_IA2.AG Russia_YuzhniyOleniyOstrov_Mesolithic.AG     0.007001    7.680644
details:   Italy_Broion_BA.SG Russia_YuzhniyOleniyOstrov_Mesolithic.AG     0.001085    0.782301
details:    Italy_Imperial.SG Russia_YuzhniyOleniyOstrov_Mesolithic.AG    -0.005461   -9.592723
dscore: Russia_YuzhniyOleniyOstrov_Mesolithic.AG f4:    -0.000831 Z:    -0.794820

details: France_SouthEast_IA2.AG  Iran_GanjDareh_N.AG     0.000889    1.009986
details:   Italy_Broion_BA.SG  Iran_GanjDareh_N.AG    -0.002021   -1.558834
details:    Italy_Imperial.SG  Iran_GanjDareh_N.AG     0.001632    2.950062
dscore:  Iran_GanjDareh_N.AG f4:    -0.000951 Z:    -0.974395

details: France_SouthEast_IA2.AG       Jordan_PPNB.AG     0.005117    4.843612
details:   Italy_Broion_BA.SG       Jordan_PPNB.AG     0.000952    0.563074
details:    Italy_Imperial.SG       Jordan_PPNB.AG     0.000736    1.138102
dscore:       Jordan_PPNB.AG f4:     0.000889 Z:     0.702116

details: France_SouthEast_IA2.AG   Israel_Natufian.AG     0.003555    3.169877
details:   Italy_Broion_BA.SG   Israel_Natufian.AG     0.000867    0.507506
details:    Italy_Imperial.SG   Israel_Natufian.AG     0.001084    1.577479
dscore:   Israel_Natufian.AG f4:     0.000931 Z:     0.724373

details: France_SouthEast_IA2.AG Morocco_Iberomaurusian.AG     0.002970    3.325421
details:   Italy_Broion_BA.SG Morocco_Iberomaurusian.AG     0.001614    1.208097
details:    Italy_Imperial.SG Morocco_Iberomaurusian.AG     0.000336    0.591767
dscore: Morocco_Iberomaurusian.AG f4:     0.001239 Z:     1.234661

details: France_SouthEast_IA2.AG Turkey_Marmara_Barcin_N.AG     0.002570    3.164105
details:   Italy_Broion_BA.SG Turkey_Marmara_Barcin_N.AG     0.002442    1.942662
details:    Italy_Imperial.SG Turkey_Marmara_Barcin_N.AG    -0.000627   -1.168365
dscore: Turkey_Marmara_Barcin_N.AG f4:     0.001544 Z:     1.623458

details: France_SouthEast_IA2.AG    Germany_EN_LBK.AG     0.003175    3.849939
details:   Italy_Broion_BA.SG    Germany_EN_LBK.AG     0.002740    2.227357
details:    Italy_Imperial.SG    Germany_EN_LBK.AG    -0.001338   -2.543207
dscore:    Germany_EN_LBK.AG f4:     0.001545 Z:     1.664810

details: France_SouthEast_IA2.AG Russia_Samara_EBA_Yamnaya.AG     0.003505    4.070170
details:   Italy_Broion_BA.SG Russia_Samara_EBA_Yamnaya.AG     0.000950    0.738335
details:    Italy_Imperial.SG Russia_Samara_EBA_Yamnaya.AG    -0.003451   -6.329182
dscore: Russia_Samara_EBA_Yamnaya.AG f4:    -0.000339 Z:    -0.348926

details: France_SouthEast_IA2.AG Italy_North_Remedello_C.SG     0.002007    1.612352
details:   Italy_Broion_BA.SG Italy_North_Remedello_C.SG     0.005706    3.198883
details:    Italy_Imperial.SG Italy_North_Remedello_C.SG    -0.001435   -1.903603
dscore: Italy_North_Remedello_C.SG f4:     0.003615 Z:     2.668006

details: France_SouthEast_IA2.AG Italy_North_EarlyMedieval_Langobards_1.AG     0.004553    4.763223
details:   Italy_Broion_BA.SG Italy_North_EarlyMedieval_Langobards_1.AG     0.002195    1.578160
details:    Italy_Imperial.SG Italy_North_EarlyMedieval_Langobards_1.AG    -0.003742   -5.968281
dscore: Italy_North_EarlyMedieval_Langobards_1.AG f4:     0.000456 Z:     0.432213

details: France_SouthEast_IA2.AG        Denmark_IA.SG     0.002826    2.919767
details:   Italy_Broion_BA.SG        Denmark_IA.SG     0.002230    1.518804
details:    Italy_Imperial.SG        Denmark_IA.SG    -0.003615   -5.655701
dscore:        Denmark_IA.SG f4:     0.000518 Z:     0.464229

details: France_SouthEast_IA2.AG Hungary_Langobard.SG     0.001529    1.804123
details:   Italy_Broion_BA.SG Hungary_Langobard.SG     0.000691    0.532169
details:    Italy_Imperial.SG Hungary_Langobard.SG    -0.003546   -6.411979
dscore: Hungary_Langobard.SG f4:    -0.000550 Z:    -0.560797

details: France_SouthEast_IA2.AG Germany_EarlyMedieval.SG     0.002088    2.420112
details:   Italy_Broion_BA.SG Germany_EarlyMedieval.SG     0.002050    1.600214
details:    Italy_Imperial.SG Germany_EarlyMedieval.SG    -0.003063   -5.503943
dscore: Germany_EarlyMedieval.SG f4:     0.000553 Z:     0.569947

gendstat:   Ethiopia_4500BP.SG                  WHG     0.263
gendstat:   Ethiopia_4500BP.SG Russia_YuzhniyOleniyOstrov_Mesolithic.AG    -0.795
gendstat:   Ethiopia_4500BP.SG  Iran_GanjDareh_N.AG    -0.974
gendstat:   Ethiopia_4500BP.SG       Jordan_PPNB.AG     0.702
gendstat:   Ethiopia_4500BP.SG   Israel_Natufian.AG     0.724
gendstat:   Ethiopia_4500BP.SG Morocco_Iberomaurusian.AG     1.235
gendstat:   Ethiopia_4500BP.SG Turkey_Marmara_Barcin_N.AG     1.623
gendstat:   Ethiopia_4500BP.SG    Germany_EN_LBK.AG     1.665
gendstat:   Ethiopia_4500BP.SG Russia_Samara_EBA_Yamnaya.AG    -0.349
gendstat:   Ethiopia_4500BP.SG Italy_North_Remedello_C.SG     2.668
gendstat:   Ethiopia_4500BP.SG Italy_North_EarlyMedieval_Langobards_1.AG     0.432
gendstat:   Ethiopia_4500BP.SG        Denmark_IA.SG     0.464
gendstat:   Ethiopia_4500BP.SG Hungary_Langobard.SG    -0.561
gendstat:   Ethiopia_4500BP.SG Germany_EarlyMedieval.SG     0.570
gendstat:                  WHG Russia_YuzhniyOleniyOstrov_Mesolithic.AG    -1.348
gendstat:                  WHG  Iran_GanjDareh_N.AG    -1.266
gendstat:                  WHG       Jordan_PPNB.AG     0.515
gendstat:                  WHG   Israel_Natufian.AG     0.490
gendstat:                  WHG Morocco_Iberomaurusian.AG     0.860
gendstat:                  WHG Turkey_Marmara_Barcin_N.AG     1.454
gendstat:                  WHG    Germany_EN_LBK.AG     1.509
gendstat:                  WHG Russia_Samara_EBA_Yamnaya.AG    -0.761
gendstat:                  WHG Italy_North_Remedello_C.SG     2.508
gendstat:                  WHG Italy_North_EarlyMedieval_Langobards_1.AG     0.171
gendstat:                  WHG        Denmark_IA.SG     0.234
gendstat:                  WHG Hungary_Langobard.SG    -1.030
gendstat:                  WHG Germany_EarlyMedieval.SG     0.315
gendstat: Russia_YuzhniyOleniyOstrov_Mesolithic.AG  Iran_GanjDareh_N.AG    -0.149
gendstat: Russia_YuzhniyOleniyOstrov_Mesolithic.AG       Jordan_PPNB.AG     1.547
gendstat: Russia_YuzhniyOleniyOstrov_Mesolithic.AG   Israel_Natufian.AG     1.419
gendstat: Russia_YuzhniyOleniyOstrov_Mesolithic.AG Morocco_Iberomaurusian.AG     2.151
gendstat: Russia_YuzhniyOleniyOstrov_Mesolithic.AG Turkey_Marmara_Barcin_N.AG     3.091
gendstat: Russia_YuzhniyOleniyOstrov_Mesolithic.AG    Germany_EN_LBK.AG     3.152
gendstat: Russia_YuzhniyOleniyOstrov_Mesolithic.AG Russia_Samara_EBA_Yamnaya.AG     0.802
gendstat: Russia_YuzhniyOleniyOstrov_Mesolithic.AG Italy_North_Remedello_C.SG     3.511
gendstat: Russia_YuzhniyOleniyOstrov_Mesolithic.AG Italy_North_EarlyMedieval_Langobards_1.AG     1.498
gendstat: Russia_YuzhniyOleniyOstrov_Mesolithic.AG        Denmark_IA.SG     1.613
gendstat: Russia_YuzhniyOleniyOstrov_Mesolithic.AG Hungary_Langobard.SG     0.400
gendstat: Russia_YuzhniyOleniyOstrov_Mesolithic.AG Germany_EarlyMedieval.SG     2.076
gendstat:  Iran_GanjDareh_N.AG       Jordan_PPNB.AG     1.700
gendstat:  Iran_GanjDareh_N.AG   Israel_Natufian.AG     1.543
gendstat:  Iran_GanjDareh_N.AG Morocco_Iberomaurusian.AG     2.364
gendstat:  Iran_GanjDareh_N.AG Turkey_Marmara_Barcin_N.AG     3.541
gendstat:  Iran_GanjDareh_N.AG    Germany_EN_LBK.AG     3.590
gendstat:  Iran_GanjDareh_N.AG Russia_Samara_EBA_Yamnaya.AG     0.835
gendstat:  Iran_GanjDareh_N.AG Italy_North_Remedello_C.SG     3.735
gendstat:  Iran_GanjDareh_N.AG Italy_North_EarlyMedieval_Langobards_1.AG     1.600
gendstat:  Iran_GanjDareh_N.AG        Denmark_IA.SG     1.692
gendstat:  Iran_GanjDareh_N.AG Hungary_Langobard.SG     0.542
gendstat:  Iran_GanjDareh_N.AG Germany_EarlyMedieval.SG     2.074
gendstat:       Jordan_PPNB.AG   Israel_Natufian.AG     0.032
gendstat:       Jordan_PPNB.AG Morocco_Iberomaurusian.AG     0.307
gendstat:       Jordan_PPNB.AG Turkey_Marmara_Barcin_N.AG     0.725
gendstat:       Jordan_PPNB.AG    Germany_EN_LBK.AG     0.726
gendstat:       Jordan_PPNB.AG Russia_Samara_EBA_Yamnaya.AG    -1.173
gendstat:       Jordan_PPNB.AG Italy_North_Remedello_C.SG     2.019
gendstat:       Jordan_PPNB.AG Italy_North_EarlyMedieval_Langobards_1.AG    -0.402
gendstat:       Jordan_PPNB.AG        Denmark_IA.SG    -0.342
gendstat:       Jordan_PPNB.AG Hungary_Langobard.SG    -1.469
gendstat:       Jordan_PPNB.AG Germany_EarlyMedieval.SG    -0.343
gendstat:   Israel_Natufian.AG Morocco_Iberomaurusian.AG     0.262
gendstat:   Israel_Natufian.AG Turkey_Marmara_Barcin_N.AG     0.580
gendstat:   Israel_Natufian.AG    Germany_EN_LBK.AG     0.588
gendstat:   Israel_Natufian.AG Russia_Samara_EBA_Yamnaya.AG    -1.074
gendstat:   Israel_Natufian.AG Italy_North_Remedello_C.SG     1.872
gendstat:   Israel_Natufian.AG Italy_North_EarlyMedieval_Langobards_1.AG    -0.384
gendstat:   Israel_Natufian.AG        Denmark_IA.SG    -0.337
gendstat:   Israel_Natufian.AG Hungary_Langobard.SG    -1.293
gendstat:   Israel_Natufian.AG Germany_EarlyMedieval.SG    -0.336
gendstat: Morocco_Iberomaurusian.AG Turkey_Marmara_Barcin_N.AG     0.369
gendstat: Morocco_Iberomaurusian.AG    Germany_EN_LBK.AG     0.371
gendstat: Morocco_Iberomaurusian.AG Russia_Samara_EBA_Yamnaya.AG    -1.813
gendstat: Morocco_Iberomaurusian.AG Italy_North_Remedello_C.SG     1.875
gendstat: Morocco_Iberomaurusian.AG Italy_North_EarlyMedieval_Langobards_1.AG    -0.806
gendstat: Morocco_Iberomaurusian.AG        Denmark_IA.SG    -0.699
gendstat: Morocco_Iberomaurusian.AG Hungary_Langobard.SG    -2.050
gendstat: Morocco_Iberomaurusian.AG Germany_EarlyMedieval.SG    -0.772
gendstat: Turkey_Marmara_Barcin_N.AG    Germany_EN_LBK.AG     0.006
gendstat: Turkey_Marmara_Barcin_N.AG Russia_Samara_EBA_Yamnaya.AG    -2.865
gendstat: Turkey_Marmara_Barcin_N.AG Italy_North_Remedello_C.SG     1.999
gendstat: Turkey_Marmara_Barcin_N.AG Italy_North_EarlyMedieval_Langobards_1.AG    -1.559
gendstat: Turkey_Marmara_Barcin_N.AG        Denmark_IA.SG    -1.412
gendstat: Turkey_Marmara_Barcin_N.AG Hungary_Langobard.SG    -3.813
gendstat: Turkey_Marmara_Barcin_N.AG Germany_EarlyMedieval.SG    -1.742
gendstat:    Germany_EN_LBK.AG Russia_Samara_EBA_Yamnaya.AG    -2.941
gendstat:    Germany_EN_LBK.AG Italy_North_Remedello_C.SG     1.993
gendstat:    Germany_EN_LBK.AG Italy_North_EarlyMedieval_Langobards_1.AG    -1.567
gendstat:    Germany_EN_LBK.AG        Denmark_IA.SG    -1.457
gendstat:    Germany_EN_LBK.AG Hungary_Langobard.SG    -3.890
gendstat:    Germany_EN_LBK.AG Germany_EarlyMedieval.SG    -1.851
gendstat: Russia_Samara_EBA_Yamnaya.AG Italy_North_Remedello_C.SG     3.314
gendstat: Russia_Samara_EBA_Yamnaya.AG Italy_North_EarlyMedieval_Langobards_1.AG     1.029
gendstat: Russia_Samara_EBA_Yamnaya.AG        Denmark_IA.SG     1.132
gendstat: Russia_Samara_EBA_Yamnaya.AG Hungary_Langobard.SG    -0.350
gendstat: Russia_Samara_EBA_Yamnaya.AG Germany_EarlyMedieval.SG     1.500
gendstat: Italy_North_Remedello_C.SG Italy_North_EarlyMedieval_Langobards_1.AG    -2.611
gendstat: Italy_North_Remedello_C.SG        Denmark_IA.SG    -2.421
gendstat: Italy_North_Remedello_C.SG Hungary_Langobard.SG    -3.655
gendstat: Italy_North_Remedello_C.SG Germany_EarlyMedieval.SG    -2.616
gendstat: Italy_North_EarlyMedieval_Langobards_1.AG        Denmark_IA.SG     0.070
gendstat: Italy_North_EarlyMedieval_Langobards_1.AG Hungary_Langobard.SG    -1.383
gendstat: Italy_North_EarlyMedieval_Langobards_1.AG Germany_EarlyMedieval.SG     0.134
gendstat:        Denmark_IA.SG Hungary_Langobard.SG    -1.491
gendstat:        Denmark_IA.SG Germany_EarlyMedieval.SG     0.049
gendstat: Hungary_Langobard.SG Germany_EarlyMedieval.SG     1.932

worst Z-score with right hand mix
f4(Target, Fit, Base, mix of Right pops;  Z:     5.634 sum:     1.000
                           WHG     0.690
Russia_YuzhniyOleniyOstrov_Mesolithic.AG    -2.951
           Iran_GanjDareh_N.AG    -6.386
                Jordan_PPNB.AG    -0.524
            Israel_Natufian.AG    -1.021
     Morocco_Iberomaurusian.AG     2.839
    Turkey_Marmara_Barcin_N.AG     5.585
             Germany_EN_LBK.AG     7.454
  Russia_Samara_EBA_Yamnaya.AG    -1.637
    Italy_North_Remedello_C.SG     3.523
Italy_North_EarlyMedieval_Langobards_1.AG    -0.947
                 Denmark_IA.SG     1.425
          Hungary_Langobard.SG   -10.306
      Germany_EarlyMedieval.SG     3.256

removing /tmp/fsx.59880
oldmode set: terminating
##end of qpAdm:        7.972 seconds cpu        8.757 Mbytes in use
[2025-12-30T02:21:11Z] ✅ Target Emilia-Romagna.HO: success on attempt 1.
