qpAdm: parameter file: parqpAdm
### THE INPUT PARAMETERS
##PARAMETER NAME: VALUE
DIR: ../data
S1: v62.0_HO_public
indivname: ../data/v62.0_HO_public.ind
snpname: ../data/v62.0_HO_public.snp
genotypename: ../data/v62.0_HO_public.geno
popleft: leftsrc
popright: right1_posth_recent_all_snps_corrected_ehg_new2
allsnps: YES
inbreed: YES
details: YES
summary: YES
##  qpAdm -p parqpAdm
## qpAdm version: 2050
seed: -1774668777
inbreed set YES
tmp: /tmp/fsx.71433

left pops:
           Trento.HO      2
Germany_Hallstat_Cisalpine.AG      3
  Italy_Broion_BA.SG      2
   Italy_Imperial.SG     36

right pops:
  Ethiopia_4500BP.SG      2
                 WHG      3
Russia_YuzhniyOleniyOstrov_Mesolithic.AG     18
 Iran_GanjDareh_N.AG      8
      Jordan_PPNB.AG      7
  Israel_Natufian.AG      6
Morocco_Iberomaurusian.AG      7
Turkey_Marmara_Barcin_N.AG     23
   Germany_EN_LBK.AG     69
Russia_Samara_EBA_Yamnaya.AG      9
Italy_North_Remedello_C.SG      2
Italy_North_EarlyMedieval_Langobards_1.AG      4
       Denmark_IA.SG      4
Hungary_Langobard.SG      7
Germany_EarlyMedieval.SG     19

codimension 1
f4info: 
f4rank: 2 dof:     12 chisq:    36.645 tail:       0.000255043978 dofdiff:     14 chisqdiff:   -36.645 taildiff:                    1
B:
          scale     1.000     1.000 
            WHG     1.915    -0.419 
Russia_YuzhniyOleniyOstrov_Mesolithic.AG     1.621     0.140 
Iran_GanjDareh_N.AG    -0.114     1.421 
 Jordan_PPNB.AG     0.125     1.433 
Israel_Natufian.AG     0.396     1.946 
Morocco_Iberomaurusian.AG     0.247     0.439 
Turkey_Marmara_Barcin_N.AG     0.520     0.428 
Germany_EN_LBK.AG     0.704     0.800 
Russia_Samara_EBA_Yamnaya.AG     1.059     0.065 
Italy_North_Remedello_C.SG     0.924    -1.045 
Italy_North_EarlyMedieval_Langobards_1.AG     1.183     0.708 
  Denmark_IA.SG     1.130    -1.128 
Hungary_Langobard.SG     1.030    -1.038 
Germany_EarlyMedieval.SG     0.991    -0.991 
A:
          scale   300.207  1002.416 
Germany_Hallstat_Cisalpine.AG     0.364     1.644 
Italy_Broion_BA.SG     0.007     0.168 
Italy_Imperial.SG    -1.693     0.518 


full rank
f4info: 
f4rank: 3 dof:      0 chisq:     0.000 tail:                    1 dofdiff:     12 chisqdiff:    36.645 taildiff:       0.000255043978
B:
          scale   382.479   561.318   174.186 
            WHG     0.960    -0.312    -1.912 
Russia_YuzhniyOleniyOstrov_Mesolithic.AG     0.994    -1.752    -1.684 
Iran_GanjDareh_N.AG     0.847    -1.841     0.075 
 Jordan_PPNB.AG     1.488     0.405     0.096 
Israel_Natufian.AG     1.708    -0.916    -0.238 
Morocco_Iberomaurusian.AG     0.927     0.436    -0.091 
Turkey_Marmara_Barcin_N.AG     1.048     0.572    -0.355 
Germany_EN_LBK.AG     1.329     0.646    -0.509 
Russia_Samara_EBA_Yamnaya.AG     0.718    -1.153    -1.124 
Italy_North_Remedello_C.SG     0.506     1.252    -0.825 
Italy_North_EarlyMedieval_Langobards_1.AG     1.293    -0.106    -1.066 
  Denmark_IA.SG     0.108    -0.699    -1.233 
Hungary_Langobard.SG     0.080    -1.369    -1.163 
Germany_EarlyMedieval.SG     0.238    -0.483    -1.043 
A:
          scale     1.732     1.732     1.732 
Germany_Hallstat_Cisalpine.AG     1.732     0.000     0.000 
Italy_Broion_BA.SG     0.000     1.732     0.000 
Italy_Imperial.SG     0.000     0.000     1.732 


best coefficients:    -0.109     1.128    -0.019 
totmean:     -0.109     1.128    -0.019 
zzevarboot
   -1.387137601     2.340815002     0.046322599 
    0.002760057     0.002232473 
    0.001723025     0.001295279 
   -0.004419068     0.001397530 
zzevarboot2
    0.478256326     0.566805630    -0.045061956 
    0.000236122     0.001022783 
   -0.000695654    -0.000844236 
   -0.006244160     0.000236006 
boot mean:    -0.567     1.673    -0.106 
bootstrap saimpling of F-coeffs: 1000
zzjmean    -0.567     1.673    -0.106 
      std. errors:    44.088    46.213     2.955 

error covariance (* 1,000,000)
1943761354 -2035345144   91583790 
-2035345144 2135663540 -100318396 
  91583790 -100318396    8734606 


summ: Trento.HO    3      0.000255    -0.567     1.673    -0.106 1943761354 -2035345144   91583790 2135663540 -100318396   ...
   8734606 

    fixed pat  wt  dof     chisq       tail prob
          000  0    12    36.645     0.000255044    -0.109     1.128    -0.019  infeasible
          001  1    13    38.804     0.000214847    -0.321     1.321     0.000  infeasible
          010  1    13    46.728     1.07383e-05     1.014     0.000    -0.014  infeasible
          100  1    13    37.108     0.000398467     0.000     1.021    -0.021  infeasible
          011  2    14    48.126     1.25304e-05     1.000     0.000     0.000 
          101  2    14    38.281     0.000470687     0.000     1.000     0.000 
          110  2    14   329.506               0     0.000     0.000     1.000 
best pat:          000      0.000255044              -  -
best pat:          100      0.000398467  chi(nested):     0.463 p-value for nested model:        0.496118 infeasible
best pat:          101      0.000470687  chi(nested):     1.173 p-value for nested model:         0.27886

coeffs:    -0.109     1.128    -0.019 

## dscore:: f_4(Base, Fit, Rbase, right2)
## genstat:: f_4(Base, Fit, right1, right2)

details: Germany_Hallstat_Cisalpine.AG                  WHG     0.002511    1.540357
details:   Italy_Broion_BA.SG                  WHG    -0.000555   -0.336637
details:    Italy_Imperial.SG                  WHG    -0.010974  -10.420737
dscore:                  WHG f4:    -0.000695 Z:    -0.389352

details: Germany_Hallstat_Cisalpine.AG Russia_YuzhniyOleniyOstrov_Mesolithic.AG     0.002599    1.768902
details:   Italy_Broion_BA.SG Russia_YuzhniyOleniyOstrov_Mesolithic.AG    -0.003122   -1.994627
details:    Italy_Imperial.SG Russia_YuzhniyOleniyOstrov_Mesolithic.AG    -0.009669  -10.429304
dscore: Russia_YuzhniyOleniyOstrov_Mesolithic.AG f4:    -0.003624 Z:    -2.116201

details: Germany_Hallstat_Cisalpine.AG  Iran_GanjDareh_N.AG     0.002214    1.623623
details:   Italy_Broion_BA.SG  Iran_GanjDareh_N.AG    -0.003280   -2.303729
details:    Italy_Imperial.SG  Iran_GanjDareh_N.AG     0.000429    0.468682
dscore:  Iran_GanjDareh_N.AG f4:    -0.003949 Z:    -2.536307

details: Germany_Hallstat_Cisalpine.AG       Jordan_PPNB.AG     0.003889    2.439426
details:   Italy_Broion_BA.SG       Jordan_PPNB.AG     0.000722    0.391293
details:    Italy_Imperial.SG       Jordan_PPNB.AG     0.000549    0.526807
dscore:       Jordan_PPNB.AG f4:     0.000379 Z:     0.188093

details: Germany_Hallstat_Cisalpine.AG   Israel_Natufian.AG     0.004466    2.624371
details:   Italy_Broion_BA.SG   Israel_Natufian.AG    -0.001633   -0.869386
details:    Italy_Imperial.SG   Israel_Natufian.AG    -0.001365   -1.222683
dscore:   Israel_Natufian.AG f4:    -0.002303 Z:    -1.121990

details: Germany_Hallstat_Cisalpine.AG Morocco_Iberomaurusian.AG     0.002423    1.667134
details:   Italy_Broion_BA.SG Morocco_Iberomaurusian.AG     0.000777    0.492238
details:    Italy_Imperial.SG Morocco_Iberomaurusian.AG    -0.000520   -0.548714
dscore: Morocco_Iberomaurusian.AG f4:     0.000622 Z:     0.363113

details: Germany_Hallstat_Cisalpine.AG Turkey_Marmara_Barcin_N.AG     0.002740    2.133784
details:   Italy_Broion_BA.SG Turkey_Marmara_Barcin_N.AG     0.001019    0.722129
details:    Italy_Imperial.SG Turkey_Marmara_Barcin_N.AG    -0.002038   -2.378231
dscore: Turkey_Marmara_Barcin_N.AG f4:     0.000888 Z:     0.578728

details: Germany_Hallstat_Cisalpine.AG    Germany_EN_LBK.AG     0.003475    2.738688
details:   Italy_Broion_BA.SG    Germany_EN_LBK.AG     0.001150    0.829976
details:    Italy_Imperial.SG    Germany_EN_LBK.AG    -0.002921   -3.460725
dscore:    Germany_EN_LBK.AG f4:     0.000973 Z:     0.645949

details: Germany_Hallstat_Cisalpine.AG Russia_Samara_EBA_Yamnaya.AG     0.001877    1.359295
details:   Italy_Broion_BA.SG Russia_Samara_EBA_Yamnaya.AG    -0.002055   -1.378286
details:    Italy_Imperial.SG Russia_Samara_EBA_Yamnaya.AG    -0.006455   -7.142757
dscore: Russia_Samara_EBA_Yamnaya.AG f4:    -0.002402 Z:    -1.476832

details: Germany_Hallstat_Cisalpine.AG Italy_North_Remedello_C.SG     0.001322    0.729454
details:   Italy_Broion_BA.SG Italy_North_Remedello_C.SG     0.002230    1.122446
details:    Italy_Imperial.SG Italy_North_Remedello_C.SG    -0.004736   -3.977345
dscore: Italy_North_Remedello_C.SG f4:     0.002459 Z:     1.136358

details: Germany_Hallstat_Cisalpine.AG Italy_North_EarlyMedieval_Langobards_1.AG     0.003382    2.280609
details:   Italy_Broion_BA.SG Italy_North_EarlyMedieval_Langobards_1.AG    -0.000189   -0.122140
details:    Italy_Imperial.SG Italy_North_EarlyMedieval_Langobards_1.AG    -0.006123   -6.308511
dscore: Italy_North_EarlyMedieval_Langobards_1.AG f4:    -0.000468 Z:    -0.278579

details: Germany_Hallstat_Cisalpine.AG        Denmark_IA.SG     0.000282    0.197402
details:   Italy_Broion_BA.SG        Denmark_IA.SG    -0.001244   -0.780080
details:    Italy_Imperial.SG        Denmark_IA.SG    -0.007081   -7.618561
dscore:        Denmark_IA.SG f4:    -0.001302 Z:    -0.745725

details: Germany_Hallstat_Cisalpine.AG Hungary_Langobard.SG     0.000209    0.154440
details:   Italy_Broion_BA.SG Hungary_Langobard.SG    -0.002440   -1.682740
details:    Italy_Imperial.SG Hungary_Langobard.SG    -0.006678   -7.576360
dscore: Hungary_Langobard.SG f4:    -0.002650 Z:    -1.679801

details: Germany_Hallstat_Cisalpine.AG Germany_EarlyMedieval.SG     0.000622    0.480449
details:   Italy_Broion_BA.SG Germany_EarlyMedieval.SG    -0.000860   -0.604052
details:    Italy_Imperial.SG Germany_EarlyMedieval.SG    -0.005990   -6.959760
dscore: Germany_EarlyMedieval.SG f4:    -0.000926 Z:    -0.597374

gendstat:   Ethiopia_4500BP.SG                  WHG    -0.389
gendstat:   Ethiopia_4500BP.SG Russia_YuzhniyOleniyOstrov_Mesolithic.AG    -2.116
gendstat:   Ethiopia_4500BP.SG  Iran_GanjDareh_N.AG    -2.536
gendstat:   Ethiopia_4500BP.SG       Jordan_PPNB.AG     0.188
gendstat:   Ethiopia_4500BP.SG   Israel_Natufian.AG    -1.122
gendstat:   Ethiopia_4500BP.SG Morocco_Iberomaurusian.AG     0.363
gendstat:   Ethiopia_4500BP.SG Turkey_Marmara_Barcin_N.AG     0.579
gendstat:   Ethiopia_4500BP.SG    Germany_EN_LBK.AG     0.646
gendstat:   Ethiopia_4500BP.SG Russia_Samara_EBA_Yamnaya.AG    -1.477
gendstat:   Ethiopia_4500BP.SG Italy_North_Remedello_C.SG     1.136
gendstat:   Ethiopia_4500BP.SG Italy_North_EarlyMedieval_Langobards_1.AG    -0.279
gendstat:   Ethiopia_4500BP.SG        Denmark_IA.SG    -0.746
gendstat:   Ethiopia_4500BP.SG Hungary_Langobard.SG    -1.680
gendstat:   Ethiopia_4500BP.SG Germany_EarlyMedieval.SG    -0.597
gendstat:                  WHG Russia_YuzhniyOleniyOstrov_Mesolithic.AG    -2.088
gendstat:                  WHG  Iran_GanjDareh_N.AG    -1.991
gendstat:                  WHG       Jordan_PPNB.AG     0.560
gendstat:                  WHG   Israel_Natufian.AG    -0.789
gendstat:                  WHG Morocco_Iberomaurusian.AG     0.725
gendstat:                  WHG Turkey_Marmara_Barcin_N.AG     1.097
gendstat:                  WHG    Germany_EN_LBK.AG     1.219
gendstat:                  WHG Russia_Samara_EBA_Yamnaya.AG    -1.230
gendstat:                  WHG Italy_North_Remedello_C.SG     1.480
gendstat:                  WHG Italy_North_EarlyMedieval_Langobards_1.AG     0.153
gendstat:                  WHG        Denmark_IA.SG    -0.388
gendstat:                  WHG Hungary_Langobard.SG    -1.449
gendstat:                  WHG Germany_EarlyMedieval.SG    -0.174
gendstat: Russia_YuzhniyOleniyOstrov_Mesolithic.AG  Iran_GanjDareh_N.AG    -0.238
gendstat: Russia_YuzhniyOleniyOstrov_Mesolithic.AG       Jordan_PPNB.AG     2.156
gendstat: Russia_YuzhniyOleniyOstrov_Mesolithic.AG   Israel_Natufian.AG     0.677
gendstat: Russia_YuzhniyOleniyOstrov_Mesolithic.AG Morocco_Iberomaurusian.AG     2.657
gendstat: Russia_YuzhniyOleniyOstrov_Mesolithic.AG Turkey_Marmara_Barcin_N.AG     3.456
gendstat: Russia_YuzhniyOleniyOstrov_Mesolithic.AG    Germany_EN_LBK.AG     3.586
gendstat: Russia_YuzhniyOleniyOstrov_Mesolithic.AG Russia_Samara_EBA_Yamnaya.AG     1.194
gendstat: Russia_YuzhniyOleniyOstrov_Mesolithic.AG Italy_North_Remedello_C.SG     2.999
gendstat: Russia_YuzhniyOleniyOstrov_Mesolithic.AG Italy_North_EarlyMedieval_Langobards_1.AG     2.325
gendstat: Russia_YuzhniyOleniyOstrov_Mesolithic.AG        Denmark_IA.SG     1.747
gendstat: Russia_YuzhniyOleniyOstrov_Mesolithic.AG Hungary_Langobard.SG     0.854
gendstat: Russia_YuzhniyOleniyOstrov_Mesolithic.AG Germany_EarlyMedieval.SG     2.394
gendstat:  Iran_GanjDareh_N.AG       Jordan_PPNB.AG     2.409
gendstat:  Iran_GanjDareh_N.AG   Israel_Natufian.AG     0.860
gendstat:  Iran_GanjDareh_N.AG Morocco_Iberomaurusian.AG     2.957
gendstat:  Iran_GanjDareh_N.AG Turkey_Marmara_Barcin_N.AG     4.099
gendstat:  Iran_GanjDareh_N.AG    Germany_EN_LBK.AG     4.227
gendstat:  Iran_GanjDareh_N.AG Russia_Samara_EBA_Yamnaya.AG     1.275
gendstat:  Iran_GanjDareh_N.AG Italy_North_Remedello_C.SG     3.263
gendstat:  Iran_GanjDareh_N.AG Italy_North_EarlyMedieval_Langobards_1.AG     2.495
gendstat:  Iran_GanjDareh_N.AG        Denmark_IA.SG     1.852
gendstat:  Iran_GanjDareh_N.AG Hungary_Langobard.SG     1.082
gendstat:  Iran_GanjDareh_N.AG Germany_EarlyMedieval.SG     2.492
gendstat:       Jordan_PPNB.AG   Israel_Natufian.AG    -1.285
gendstat:       Jordan_PPNB.AG Morocco_Iberomaurusian.AG     0.131
gendstat:       Jordan_PPNB.AG Turkey_Marmara_Barcin_N.AG     0.342
gendstat:       Jordan_PPNB.AG    Germany_EN_LBK.AG     0.403
gendstat:       Jordan_PPNB.AG Russia_Samara_EBA_Yamnaya.AG    -1.582
gendstat:       Jordan_PPNB.AG Italy_North_Remedello_C.SG     0.958
gendstat:       Jordan_PPNB.AG Italy_North_EarlyMedieval_Langobards_1.AG    -0.485
gendstat:       Jordan_PPNB.AG        Denmark_IA.SG    -0.920
gendstat:       Jordan_PPNB.AG Hungary_Langobard.SG    -1.842
gendstat:       Jordan_PPNB.AG Germany_EarlyMedieval.SG    -0.789
gendstat:   Israel_Natufian.AG Morocco_Iberomaurusian.AG     1.544
gendstat:   Israel_Natufian.AG Turkey_Marmara_Barcin_N.AG     1.891
gendstat:   Israel_Natufian.AG    Germany_EN_LBK.AG     1.969
gendstat:   Israel_Natufian.AG Russia_Samara_EBA_Yamnaya.AG    -0.053
gendstat:   Israel_Natufian.AG Italy_North_Remedello_C.SG     2.079
gendstat:   Israel_Natufian.AG Italy_North_EarlyMedieval_Langobards_1.AG     0.949
gendstat:   Israel_Natufian.AG        Denmark_IA.SG     0.498
gendstat:   Israel_Natufian.AG Hungary_Langobard.SG    -0.194
gendstat:   Israel_Natufian.AG Germany_EarlyMedieval.SG     0.776
gendstat: Morocco_Iberomaurusian.AG Turkey_Marmara_Barcin_N.AG     0.196
gendstat: Morocco_Iberomaurusian.AG    Germany_EN_LBK.AG     0.252
gendstat: Morocco_Iberomaurusian.AG Russia_Samara_EBA_Yamnaya.AG    -2.052
gendstat: Morocco_Iberomaurusian.AG Italy_North_Remedello_C.SG     0.897
gendstat: Morocco_Iberomaurusian.AG Italy_North_EarlyMedieval_Langobards_1.AG    -0.680
gendstat: Morocco_Iberomaurusian.AG        Denmark_IA.SG    -1.168
gendstat: Morocco_Iberomaurusian.AG Hungary_Langobard.SG    -2.221
gendstat: Morocco_Iberomaurusian.AG Germany_EarlyMedieval.SG    -1.057
gendstat: Turkey_Marmara_Barcin_N.AG    Germany_EN_LBK.AG     0.159
gendstat: Turkey_Marmara_Barcin_N.AG Russia_Samara_EBA_Yamnaya.AG    -2.894
gendstat: Turkey_Marmara_Barcin_N.AG Italy_North_Remedello_C.SG     0.939
gendstat: Turkey_Marmara_Barcin_N.AG Italy_North_EarlyMedieval_Langobards_1.AG    -1.241
gendstat: Turkey_Marmara_Barcin_N.AG        Denmark_IA.SG    -1.842
gendstat: Turkey_Marmara_Barcin_N.AG Hungary_Langobard.SG    -3.838
gendstat: Turkey_Marmara_Barcin_N.AG Germany_EarlyMedieval.SG    -1.927
gendstat:    Germany_EN_LBK.AG Russia_Samara_EBA_Yamnaya.AG    -3.111
gendstat:    Germany_EN_LBK.AG Italy_North_Remedello_C.SG     0.899
gendstat:    Germany_EN_LBK.AG Italy_North_EarlyMedieval_Langobards_1.AG    -1.339
gendstat:    Germany_EN_LBK.AG        Denmark_IA.SG    -1.960
gendstat:    Germany_EN_LBK.AG Hungary_Langobard.SG    -4.114
gendstat:    Germany_EN_LBK.AG Germany_EarlyMedieval.SG    -2.173
gendstat: Russia_Samara_EBA_Yamnaya.AG Italy_North_Remedello_C.SG     2.516
gendstat: Russia_Samara_EBA_Yamnaya.AG Italy_North_EarlyMedieval_Langobards_1.AG     1.581
gendstat: Russia_Samara_EBA_Yamnaya.AG        Denmark_IA.SG     0.887
gendstat: Russia_Samara_EBA_Yamnaya.AG Hungary_Langobard.SG    -0.255
gendstat: Russia_Samara_EBA_Yamnaya.AG Germany_EarlyMedieval.SG     1.459
gendstat: Italy_North_Remedello_C.SG Italy_North_EarlyMedieval_Langobards_1.AG    -1.544
gendstat: Italy_North_Remedello_C.SG        Denmark_IA.SG    -1.869
gendstat: Italy_North_Remedello_C.SG Hungary_Langobard.SG    -2.804
gendstat: Italy_North_Remedello_C.SG Germany_EarlyMedieval.SG    -1.815
gendstat: Italy_North_EarlyMedieval_Langobards_1.AG        Denmark_IA.SG    -0.629
gendstat: Italy_North_EarlyMedieval_Langobards_1.AG Hungary_Langobard.SG    -1.968
gendstat: Italy_North_EarlyMedieval_Langobards_1.AG Germany_EarlyMedieval.SG    -0.411
gendstat:        Denmark_IA.SG Hungary_Langobard.SG    -1.159
gendstat:        Denmark_IA.SG Germany_EarlyMedieval.SG     0.320
gendstat: Hungary_Langobard.SG Germany_EarlyMedieval.SG     1.883

worst Z-score with right hand mix
f4(Target, Fit, Base, mix of Right pops;  Z:    -6.020 sum:     1.000
                           WHG    -0.869
Russia_YuzhniyOleniyOstrov_Mesolithic.AG     2.321
           Iran_GanjDareh_N.AG     4.452
                Jordan_PPNB.AG     0.049
            Israel_Natufian.AG     1.521
     Morocco_Iberomaurusian.AG    -1.566
    Turkey_Marmara_Barcin_N.AG    -2.618
             Germany_EN_LBK.AG    -5.264
  Russia_Samara_EBA_Yamnaya.AG    -0.077
    Italy_North_Remedello_C.SG    -1.006
Italy_North_EarlyMedieval_Langobards_1.AG    -0.378
                 Denmark_IA.SG     0.150
          Hungary_Langobard.SG     5.137
      Germany_EarlyMedieval.SG    -0.852

removing /tmp/fsx.71433
oldmode set: terminating
##end of qpAdm:        7.909 seconds cpu        8.757 Mbytes in use
[2025-12-30T17:50:57Z] ✅ Target Trento.HO: success on attempt 1.
