qpAdm: parameter file: parqpAdm
### THE INPUT PARAMETERS
##PARAMETER NAME: VALUE
DIR: ../data
S1: v62.0_HO_public
indivname: ../data/v62.0_HO_public.ind
snpname: ../data/v62.0_HO_public.snp
genotypename: ../data/v62.0_HO_public.geno
popleft: leftsrc
popright: right1_posth_recent_all_snps_corrected_ehg_new2
allsnps: YES
inbreed: YES
details: YES
summary: YES
##  qpAdm -p parqpAdm
## qpAdm version: 2050
seed: -1775291919
inbreed set YES
tmp: /tmp/fsx.71225

left pops:
   Emilia-Romagna.HO      7
Germany_Hallstat_Cisalpine.AG      3
  Italy_Broion_BA.SG      2
   Italy_Imperial.SG     36

right pops:
  Ethiopia_4500BP.SG      2
                 WHG      3
Russia_YuzhniyOleniyOstrov_Mesolithic.AG     18
 Iran_GanjDareh_N.AG      8
      Jordan_PPNB.AG      7
  Israel_Natufian.AG      6
Morocco_Iberomaurusian.AG      7
Turkey_Marmara_Barcin_N.AG     23
   Germany_EN_LBK.AG     69
Russia_Samara_EBA_Yamnaya.AG      9
Italy_North_Remedello_C.SG      2
Italy_North_EarlyMedieval_Langobards_1.AG      4
       Denmark_IA.SG      4
Hungary_Langobard.SG      7
Germany_EarlyMedieval.SG     19

codimension 1
f4info: 
f4rank: 2 dof:     12 chisq:    31.367 tail:        0.00173161487 dofdiff:     14 chisqdiff:   -31.367 taildiff:                    1
B:
          scale     1.000     1.000 
            WHG     1.942     1.731 
Russia_YuzhniyOleniyOstrov_Mesolithic.AG     1.664     0.599 
Iran_GanjDareh_N.AG     0.038    -1.777 
 Jordan_PPNB.AG     0.300    -1.035 
Israel_Natufian.AG     0.521    -1.857 
Morocco_Iberomaurusian.AG     0.278    -0.582 
Turkey_Marmara_Barcin_N.AG     0.539    -0.338 
Germany_EN_LBK.AG     0.770    -0.246 
Russia_Samara_EBA_Yamnaya.AG     1.102     0.337 
Italy_North_Remedello_C.SG     0.723     0.428 
Italy_North_EarlyMedieval_Langobards_1.AG     1.288     0.380 
  Denmark_IA.SG     1.004     0.912 
Hungary_Langobard.SG     0.963     0.778 
Germany_EarlyMedieval.SG     0.897     0.757 
A:
          scale   306.260   751.882 
Germany_Hallstat_Cisalpine.AG     1.476    -1.423 
Italy_Broion_BA.SG     0.208     0.583 
Italy_Imperial.SG    -0.882    -0.797 


full rank
f4info: 
f4rank: 3 dof:      0 chisq:     0.000 tail:                    1 dofdiff:     12 chisqdiff:    31.367 taildiff:        0.00173161487
B:
          scale   204.439   418.784   305.561 
            WHG     1.315     1.390    -2.161 
Russia_YuzhniyOleniyOstrov_Mesolithic.AG     1.391     0.447    -1.672 
Iran_GanjDareh_N.AG     0.699    -0.882     0.497 
 Jordan_PPNB.AG     0.839     0.357     0.222 
Israel_Natufian.AG     1.417     0.342     0.337 
Morocco_Iberomaurusian.AG     0.674     0.682     0.105 
Turkey_Marmara_Barcin_N.AG     0.852     1.014    -0.190 
Germany_EN_LBK.AG     1.037     1.137    -0.409 
Russia_Samara_EBA_Yamnaya.AG     0.999     0.388    -1.057 
Italy_North_Remedello_C.SG     0.953     2.326    -0.437 
Italy_North_EarlyMedieval_Langobards_1.AG     1.178     0.908    -1.146 
  Denmark_IA.SG     0.768     0.922    -1.108 
Hungary_Langobard.SG     0.682     0.280    -1.088 
Germany_EarlyMedieval.SG     0.727     0.864    -0.936 
A:
          scale     1.732     1.732     1.732 
Germany_Hallstat_Cisalpine.AG     1.732     0.000     0.000 
Italy_Broion_BA.SG     0.000     1.732     0.000 
Italy_Imperial.SG     0.000     0.000     1.732 


best coefficients:     0.088     0.618     0.294 
totmean:      0.088     0.618     0.294 
zzevarboot
    0.049634734     0.650616388     0.299748878 
    0.004529823     0.001924162 
    0.000900720    -0.000697103 
   -0.002705129     0.001194471 
zzevarboot2
    0.162131696     0.534869325     0.302998979 
    0.004831700     0.002049889 
    0.000334151    -0.001164218 
   -0.003175255     0.000958262 
boot mean:     0.135     0.606     0.260 
bootstrap saimpling of F-coeffs: 1000
zzjmean     0.135     0.606     0.260 
      std. errors:    10.756    11.636     1.342 

error covariance (* 1,000,000)
 115687855 -124643305    8955451 
-124643305  135400468  -10757163 
   8955451  -10757163    1801712 


summ: Emilia-Romagna.HO    3      0.001732     0.135     0.606     0.260  115687855 -124643305    8955451  135400468  -10757163   ...
   1801712 

    fixed pat  wt  dof     chisq       tail prob
          000  0    12    31.367      0.00173161     0.088     0.618     0.294 
          001  1    13    40.986     9.57784e-05    -1.652     2.652     0.000  infeasible
          010  1    13    55.242     3.66372e-07     0.701     0.000     0.299 
          100  1    13    33.733      0.00132137     0.000     0.703     0.297 
          011  2    14    71.154     1.19195e-09     1.000     0.000     0.000 
          101  2    14    45.513     3.36608e-05     0.000     1.000     0.000 
          110  2    14   452.253               0     0.000     0.000     1.000 
best pat:          000       0.00173161              -  -
best pat:          100       0.00132137  chi(nested):     2.366 p-value for nested model:        0.124004
best pat:          101      3.36608e-05  chi(nested):    11.781 p-value for nested model:     0.000598447

coeffs:     0.088     0.618     0.294 

## dscore:: f_4(Base, Fit, Rbase, right2)
## genstat:: f_4(Base, Fit, right1, right2)

details: Germany_Hallstat_Cisalpine.AG                  WHG     0.006434    4.648678
details:   Italy_Broion_BA.SG                  WHG     0.003320    2.235994
details:    Italy_Imperial.SG                  WHG    -0.007073  -10.709332
dscore:                  WHG f4:     0.000542 Z:     0.518802

details: Germany_Hallstat_Cisalpine.AG Russia_YuzhniyOleniyOstrov_Mesolithic.AG     0.006806    5.470320
details:   Italy_Broion_BA.SG Russia_YuzhniyOleniyOstrov_Mesolithic.AG     0.001067    0.768212
details:    Italy_Imperial.SG Russia_YuzhniyOleniyOstrov_Mesolithic.AG    -0.005472   -9.608789
dscore: Russia_YuzhniyOleniyOstrov_Mesolithic.AG f4:    -0.000347 Z:    -0.365524

details: Germany_Hallstat_Cisalpine.AG  Iran_GanjDareh_N.AG     0.003420    2.902907
details:   Italy_Broion_BA.SG  Iran_GanjDareh_N.AG    -0.002106   -1.622613
details:    Italy_Imperial.SG  Iran_GanjDareh_N.AG     0.001626    2.940593
dscore:  Iran_GanjDareh_N.AG f4:    -0.000521 Z:    -0.586018

details: Germany_Hallstat_Cisalpine.AG       Jordan_PPNB.AG     0.004102    2.956575
details:   Italy_Broion_BA.SG       Jordan_PPNB.AG     0.000853    0.503462
details:    Italy_Imperial.SG       Jordan_PPNB.AG     0.000726    1.118566
dscore:       Jordan_PPNB.AG f4:     0.001103 Z:     0.953469

details: Germany_Hallstat_Cisalpine.AG   Israel_Natufian.AG     0.006932    4.858824
details:   Italy_Broion_BA.SG   Israel_Natufian.AG     0.000816    0.477189
details:    Italy_Imperial.SG   Israel_Natufian.AG     0.001103    1.604800
dscore:   Israel_Natufian.AG f4:     0.001441 Z:     1.235651

details: Germany_Hallstat_Cisalpine.AG Morocco_Iberomaurusian.AG     0.003294    2.768970
details:   Italy_Broion_BA.SG Morocco_Iberomaurusian.AG     0.001628    1.218488
details:    Italy_Imperial.SG Morocco_Iberomaurusian.AG     0.000343    0.604786
dscore: Morocco_Iberomaurusian.AG f4:     0.001398 Z:     1.530004

details: Germany_Hallstat_Cisalpine.AG Turkey_Marmara_Barcin_N.AG     0.004169    3.869263
details:   Italy_Broion_BA.SG Turkey_Marmara_Barcin_N.AG     0.002420    1.923965
details:    Italy_Imperial.SG Turkey_Marmara_Barcin_N.AG    -0.000622   -1.158939
dscore: Turkey_Marmara_Barcin_N.AG f4:     0.001681 Z:     1.934428

details: Germany_Hallstat_Cisalpine.AG    Germany_EN_LBK.AG     0.005073    4.754353
details:   Italy_Broion_BA.SG    Germany_EN_LBK.AG     0.002714    2.206863
details:    Italy_Imperial.SG    Germany_EN_LBK.AG    -0.001339   -2.539853
dscore:    Germany_EN_LBK.AG f4:     0.001732 Z:     2.039331

details: Germany_Hallstat_Cisalpine.AG Russia_Samara_EBA_Yamnaya.AG     0.004887    4.258063
details:   Italy_Broion_BA.SG Russia_Samara_EBA_Yamnaya.AG     0.000927    0.720288
details:    Italy_Imperial.SG Russia_Samara_EBA_Yamnaya.AG    -0.003459   -6.339590
dscore: Russia_Samara_EBA_Yamnaya.AG f4:    -0.000012 Z:    -0.013162

details: Germany_Hallstat_Cisalpine.AG Italy_North_Remedello_C.SG     0.004660    3.083756
details:   Italy_Broion_BA.SG Italy_North_Remedello_C.SG     0.005554    3.108873
details:    Italy_Imperial.SG Italy_North_Remedello_C.SG    -0.001431   -1.892879
dscore: Italy_North_Remedello_C.SG f4:     0.003423 Z:     2.769125

details: Germany_Hallstat_Cisalpine.AG Italy_North_EarlyMedieval_Langobards_1.AG     0.005762    4.681228
details:   Italy_Broion_BA.SG Italy_North_EarlyMedieval_Langobards_1.AG     0.002168    1.561555
details:    Italy_Imperial.SG Italy_North_EarlyMedieval_Langobards_1.AG    -0.003752   -5.981178
dscore: Italy_North_EarlyMedieval_Langobards_1.AG f4:     0.000747 Z:     0.774724

details: Germany_Hallstat_Cisalpine.AG        Denmark_IA.SG     0.003757    3.065833
details:   Italy_Broion_BA.SG        Denmark_IA.SG     0.002202    1.501126
details:    Italy_Imperial.SG        Denmark_IA.SG    -0.003625   -5.663661
dscore:        Denmark_IA.SG f4:     0.000628 Z:     0.618426

details: Germany_Hallstat_Cisalpine.AG Hungary_Langobard.SG     0.003337    2.853235
details:   Italy_Broion_BA.SG Hungary_Langobard.SG     0.000668    0.513957
details:    Italy_Imperial.SG Hungary_Langobard.SG    -0.003561   -6.431485
dscore: Hungary_Langobard.SG f4:    -0.000338 Z:    -0.375566

details: Germany_Hallstat_Cisalpine.AG Germany_EarlyMedieval.SG     0.003558    3.303481
details:   Italy_Broion_BA.SG Germany_EarlyMedieval.SG     0.002062    1.610090
details:    Italy_Imperial.SG Germany_EarlyMedieval.SG    -0.003064   -5.498530
dscore: Germany_EarlyMedieval.SG f4:     0.000688 Z:     0.778414

gendstat:   Ethiopia_4500BP.SG                  WHG     0.519
gendstat:   Ethiopia_4500BP.SG Russia_YuzhniyOleniyOstrov_Mesolithic.AG    -0.366
gendstat:   Ethiopia_4500BP.SG  Iran_GanjDareh_N.AG    -0.586
gendstat:   Ethiopia_4500BP.SG       Jordan_PPNB.AG     0.953
gendstat:   Ethiopia_4500BP.SG   Israel_Natufian.AG     1.236
gendstat:   Ethiopia_4500BP.SG Morocco_Iberomaurusian.AG     1.530
gendstat:   Ethiopia_4500BP.SG Turkey_Marmara_Barcin_N.AG     1.934
gendstat:   Ethiopia_4500BP.SG    Germany_EN_LBK.AG     2.039
gendstat:   Ethiopia_4500BP.SG Russia_Samara_EBA_Yamnaya.AG    -0.013
gendstat:   Ethiopia_4500BP.SG Italy_North_Remedello_C.SG     2.769
gendstat:   Ethiopia_4500BP.SG Italy_North_EarlyMedieval_Langobards_1.AG     0.775
gendstat:   Ethiopia_4500BP.SG        Denmark_IA.SG     0.618
gendstat:   Ethiopia_4500BP.SG Hungary_Langobard.SG    -0.376
gendstat:   Ethiopia_4500BP.SG Germany_EarlyMedieval.SG     0.778
gendstat:                  WHG Russia_YuzhniyOleniyOstrov_Mesolithic.AG    -1.173
gendstat:                  WHG  Iran_GanjDareh_N.AG    -1.180
gendstat:                  WHG       Jordan_PPNB.AG     0.535
gendstat:                  WHG   Israel_Natufian.AG     0.767
gendstat:                  WHG Morocco_Iberomaurusian.AG     0.858
gendstat:                  WHG Turkey_Marmara_Barcin_N.AG     1.455
gendstat:                  WHG    Germany_EN_LBK.AG     1.577
gendstat:                  WHG Russia_Samara_EBA_Yamnaya.AG    -0.725
gendstat:                  WHG Italy_North_Remedello_C.SG     2.394
gendstat:                  WHG Italy_North_EarlyMedieval_Langobards_1.AG     0.243
gendstat:                  WHG        Denmark_IA.SG     0.100
gendstat:                  WHG Hungary_Langobard.SG    -1.171
gendstat:                  WHG Germany_EarlyMedieval.SG     0.199
gendstat: Russia_YuzhniyOleniyOstrov_Mesolithic.AG  Iran_GanjDareh_N.AG    -0.243
gendstat: Russia_YuzhniyOleniyOstrov_Mesolithic.AG       Jordan_PPNB.AG     1.438
gendstat: Russia_YuzhniyOleniyOstrov_Mesolithic.AG   Israel_Natufian.AG     1.598
gendstat: Russia_YuzhniyOleniyOstrov_Mesolithic.AG Morocco_Iberomaurusian.AG     1.998
gendstat: Russia_YuzhniyOleniyOstrov_Mesolithic.AG Turkey_Marmara_Barcin_N.AG     2.929
gendstat: Russia_YuzhniyOleniyOstrov_Mesolithic.AG    Germany_EN_LBK.AG     3.059
gendstat: Russia_YuzhniyOleniyOstrov_Mesolithic.AG Russia_Samara_EBA_Yamnaya.AG     0.602
gendstat: Russia_YuzhniyOleniyOstrov_Mesolithic.AG Italy_North_Remedello_C.SG     3.298
gendstat: Russia_YuzhniyOleniyOstrov_Mesolithic.AG Italy_North_EarlyMedieval_Langobards_1.AG     1.416
gendstat: Russia_YuzhniyOleniyOstrov_Mesolithic.AG        Denmark_IA.SG     1.287
gendstat: Russia_YuzhniyOleniyOstrov_Mesolithic.AG Hungary_Langobard.SG     0.013
gendstat: Russia_YuzhniyOleniyOstrov_Mesolithic.AG Germany_EarlyMedieval.SG     1.733
gendstat:  Iran_GanjDareh_N.AG       Jordan_PPNB.AG     1.656
gendstat:  Iran_GanjDareh_N.AG   Israel_Natufian.AG     1.791
gendstat:  Iran_GanjDareh_N.AG Morocco_Iberomaurusian.AG     2.286
gendstat:  Iran_GanjDareh_N.AG Turkey_Marmara_Barcin_N.AG     3.429
gendstat:  Iran_GanjDareh_N.AG    Germany_EN_LBK.AG     3.547
gendstat:  Iran_GanjDareh_N.AG Russia_Samara_EBA_Yamnaya.AG     0.770
gendstat:  Iran_GanjDareh_N.AG Italy_North_Remedello_C.SG     3.544
gendstat:  Iran_GanjDareh_N.AG Italy_North_EarlyMedieval_Langobards_1.AG     1.599
gendstat:  Iran_GanjDareh_N.AG        Denmark_IA.SG     1.471
gendstat:  Iran_GanjDareh_N.AG Hungary_Langobard.SG     0.271
gendstat:  Iran_GanjDareh_N.AG Germany_EarlyMedieval.SG     1.838
gendstat:       Jordan_PPNB.AG   Israel_Natufian.AG     0.293
gendstat:       Jordan_PPNB.AG Morocco_Iberomaurusian.AG     0.285
gendstat:       Jordan_PPNB.AG Turkey_Marmara_Barcin_N.AG     0.707
gendstat:       Jordan_PPNB.AG    Germany_EN_LBK.AG     0.768
gendstat:       Jordan_PPNB.AG Russia_Samara_EBA_Yamnaya.AG    -1.176
gendstat:       Jordan_PPNB.AG Italy_North_Remedello_C.SG     1.903
gendstat:       Jordan_PPNB.AG Italy_North_EarlyMedieval_Langobards_1.AG    -0.366
gendstat:       Jordan_PPNB.AG        Denmark_IA.SG    -0.486
gendstat:       Jordan_PPNB.AG Hungary_Langobard.SG    -1.618
gendstat:       Jordan_PPNB.AG Germany_EarlyMedieval.SG    -0.467
gendstat:   Israel_Natufian.AG Morocco_Iberomaurusian.AG    -0.041
gendstat:   Israel_Natufian.AG Turkey_Marmara_Barcin_N.AG     0.253
gendstat:   Israel_Natufian.AG    Germany_EN_LBK.AG     0.308
gendstat:   Israel_Natufian.AG Russia_Samara_EBA_Yamnaya.AG    -1.364
gendstat:   Israel_Natufian.AG Italy_North_Remedello_C.SG     1.535
gendstat:   Israel_Natufian.AG Italy_North_EarlyMedieval_Langobards_1.AG    -0.625
gendstat:   Israel_Natufian.AG        Denmark_IA.SG    -0.737
gendstat:   Israel_Natufian.AG Hungary_Langobard.SG    -1.721
gendstat:   Israel_Natufian.AG Germany_EarlyMedieval.SG    -0.741
gendstat: Morocco_Iberomaurusian.AG Turkey_Marmara_Barcin_N.AG     0.381
gendstat: Morocco_Iberomaurusian.AG    Germany_EN_LBK.AG     0.451
gendstat: Morocco_Iberomaurusian.AG Russia_Samara_EBA_Yamnaya.AG    -1.790
gendstat: Morocco_Iberomaurusian.AG Italy_North_Remedello_C.SG     1.768
gendstat: Morocco_Iberomaurusian.AG Italy_North_EarlyMedieval_Langobards_1.AG    -0.741
gendstat: Morocco_Iberomaurusian.AG        Denmark_IA.SG    -0.828
gendstat: Morocco_Iberomaurusian.AG Hungary_Langobard.SG    -2.198
gendstat: Morocco_Iberomaurusian.AG Germany_EarlyMedieval.SG    -0.882
gendstat: Turkey_Marmara_Barcin_N.AG    Germany_EN_LBK.AG     0.177
gendstat: Turkey_Marmara_Barcin_N.AG Russia_Samara_EBA_Yamnaya.AG    -2.845
gendstat: Turkey_Marmara_Barcin_N.AG Italy_North_Remedello_C.SG     1.869
gendstat: Turkey_Marmara_Barcin_N.AG Italy_North_EarlyMedieval_Langobards_1.AG    -1.487
gendstat: Turkey_Marmara_Barcin_N.AG        Denmark_IA.SG    -1.607
gendstat: Turkey_Marmara_Barcin_N.AG Hungary_Langobard.SG    -4.013
gendstat: Turkey_Marmara_Barcin_N.AG Germany_EarlyMedieval.SG    -1.941
gendstat:    Germany_EN_LBK.AG Russia_Samara_EBA_Yamnaya.AG    -2.997
gendstat:    Germany_EN_LBK.AG Italy_North_Remedello_C.SG     1.804
gendstat:    Germany_EN_LBK.AG Italy_North_EarlyMedieval_Langobards_1.AG    -1.566
gendstat:    Germany_EN_LBK.AG        Denmark_IA.SG    -1.727
gendstat:    Germany_EN_LBK.AG Hungary_Langobard.SG    -4.210
gendstat:    Germany_EN_LBK.AG Germany_EarlyMedieval.SG    -2.149
gendstat: Russia_Samara_EBA_Yamnaya.AG Italy_North_Remedello_C.SG     3.187
gendstat: Russia_Samara_EBA_Yamnaya.AG Italy_North_EarlyMedieval_Langobards_1.AG     1.090
gendstat: Russia_Samara_EBA_Yamnaya.AG        Denmark_IA.SG     0.936
gendstat: Russia_Samara_EBA_Yamnaya.AG Hungary_Langobard.SG    -0.597
gendstat: Russia_Samara_EBA_Yamnaya.AG Germany_EarlyMedieval.SG     1.304
gendstat: Italy_North_Remedello_C.SG Italy_North_EarlyMedieval_Langobards_1.AG    -2.449
gendstat: Italy_North_Remedello_C.SG        Denmark_IA.SG    -2.422
gendstat: Italy_North_Remedello_C.SG Hungary_Langobard.SG    -3.651
gendstat: Italy_North_Remedello_C.SG Germany_EarlyMedieval.SG    -2.597
gendstat: Italy_North_EarlyMedieval_Langobards_1.AG        Denmark_IA.SG    -0.151
gendstat: Italy_North_EarlyMedieval_Langobards_1.AG Hungary_Langobard.SG    -1.650
gendstat: Italy_North_EarlyMedieval_Langobards_1.AG Germany_EarlyMedieval.SG    -0.090
gendstat:        Denmark_IA.SG Hungary_Langobard.SG    -1.486
gendstat:        Denmark_IA.SG Germany_EarlyMedieval.SG     0.094
gendstat: Hungary_Langobard.SG Germany_EarlyMedieval.SG     1.989

worst Z-score with right hand mix
f4(Target, Fit, Base, mix of Right pops;  Z:     5.610 sum:     1.000
                           WHG     0.350
Russia_YuzhniyOleniyOstrov_Mesolithic.AG    -1.053
           Iran_GanjDareh_N.AG    -3.060
                Jordan_PPNB.AG    -0.303
            Israel_Natufian.AG    -0.163
     Morocco_Iberomaurusian.AG     1.480
    Turkey_Marmara_Barcin_N.AG     2.487
             Germany_EN_LBK.AG     4.979
  Russia_Samara_EBA_Yamnaya.AG    -0.711
    Italy_North_Remedello_C.SG     1.714
Italy_North_EarlyMedieval_Langobards_1.AG    -0.167
                 Denmark_IA.SG     0.455
          Hungary_Langobard.SG    -6.088
      Germany_EarlyMedieval.SG     1.079

removing /tmp/fsx.71225
oldmode set: terminating
##end of qpAdm:        7.971 seconds cpu        8.757 Mbytes in use
[2025-12-30T17:45:23Z] ✅ Target Emilia-Romagna.HO: success on attempt 1.
