qpAdm: parameter file: parqpAdm
### THE INPUT PARAMETERS
##PARAMETER NAME: VALUE
DIR: ../data
S1: v62.0_HO_updated_packed_2
indivname: ../data/v62.0_HO_updated_packed_2.ind
snpname: ../data/v62.0_HO_updated_packed_2.snp
genotypename: ../data/v62.0_HO_updated_packed_2.geno
popleft: leftsrc
popright: right1_posth_recent_all_snps_corrected_ehg_new2
allsnps: YES
inbreed: YES
details: YES
summary: YES
##  qpAdm -p parqpAdm
## qpAdm version: 2050
seed: -363910291
inbreed set YES
tmp: /tmp/fsx.1826597

left pops:
   Emilia-Romagna.HO      7
Possible_Gauls_Verona      3
  Italy_Broion_BA.SG      2
   Italy_Imperial.SG     36

right pops:
  Ethiopia_4500BP.SG      2
                 WHG      3
Russia_YuzhniyOleniyOstrov_Mesolithic.AG     18
 Iran_GanjDareh_N.AG      8
      Jordan_PPNB.AG      7
  Israel_Natufian.AG      6
Morocco_Iberomaurusian.AG      7
Turkey_Marmara_Barcin_N.AG     23
   Germany_EN_LBK.AG     69
Russia_Samara_EBA_Yamnaya.AG      9
Italy_North_Remedello_C.SG      2
Hungary_Langobard.SG      7
       Denmark_IA.SG      4
Germany_EarlyMedieval.SG     19
Italy_North_EarlyMedieval_Langobards_1.AG      4

codimension 1
f4info: 
f4rank: 2 dof:     12 chisq:    13.036 tail:          0.366416014 dofdiff:     14 chisqdiff:   -13.036 taildiff:                    1
B:
          scale     1.000     1.000 
            WHG     2.164    -0.203 
Russia_YuzhniyOleniyOstrov_Mesolithic.AG     1.605    -1.261 
Iran_GanjDareh_N.AG    -0.544    -1.542 
 Jordan_PPNB.AG    -0.175     0.268 
Israel_Natufian.AG    -0.277     0.183 
Morocco_Iberomaurusian.AG     0.046     0.418 
Turkey_Marmara_Barcin_N.AG     0.238     1.466 
Germany_EN_LBK.AG     0.429     1.672 
Russia_Samara_EBA_Yamnaya.AG     1.023    -0.826 
Italy_North_Remedello_C.SG     0.700     1.785 
Hungary_Langobard.SG     1.002    -0.875 
  Denmark_IA.SG     1.110     0.096 
Germany_EarlyMedieval.SG     0.956     0.234 
Italy_North_EarlyMedieval_Langobards_1.AG     1.186    -0.258 
A:
          scale   381.422  1360.843 
Possible_Gauls_Verona     0.999    -0.824 
Italy_Broion_BA.SG     0.583     1.516 
Italy_Imperial.SG    -1.289     0.150 


full rank
f4info: 
f4rank: 3 dof:      0 chisq:     0.000 tail:                    1 dofdiff:     12 chisqdiff:    13.036 taildiff:          0.366416014
B:
          scale   321.598   415.973   301.345 
            WHG     2.149     1.398    -2.159 
Russia_YuzhniyOleniyOstrov_Mesolithic.AG     1.679     0.428    -1.672 
Iran_GanjDareh_N.AG    -0.073    -0.901     0.490 
 Jordan_PPNB.AG    -0.094     0.338     0.216 
Israel_Natufian.AG    -0.028     0.307     0.333 
Morocco_Iberomaurusian.AG     0.471     0.665     0.099 
Turkey_Marmara_Barcin_N.AG    -0.065     1.002    -0.191 
Germany_EN_LBK.AG    -0.038     1.127    -0.410 
Russia_Samara_EBA_Yamnaya.AG     1.101     0.374    -1.057 
Italy_North_Remedello_C.SG     0.926     2.347    -0.439 
Hungary_Langobard.SG     0.833     0.262    -1.085 
  Denmark_IA.SG     1.020     0.925    -1.110 
Germany_EarlyMedieval.SG     0.938     0.854    -0.938 
Italy_North_EarlyMedieval_Langobards_1.AG     1.280     0.907    -1.154 
A:
          scale     1.732     1.732     1.732 
Possible_Gauls_Verona     1.732     0.000     0.000 
Italy_Broion_BA.SG     0.000     1.732     0.000 
Italy_Imperial.SG     0.000     0.000     1.732 


best coefficients:     0.412     0.184     0.403 
totmean:      0.412     0.184     0.403 
zzevarboot
    0.278418172     0.367235981     0.354345847 
    0.003538524     0.000933683 
    0.000894021    -0.000764584 
   -0.003706847     0.000058780 
zzevarboot2
    0.428989907     0.158304174     0.412705919 
    0.001289777    -0.001444143 
    0.003472653     0.001955555 
   -0.002672694     0.000751020 
boot mean:     0.497     0.061     0.442 
bootstrap saimpling of F-coeffs: 1000
zzjmean     0.497     0.061     0.442 
      std. errors:     3.453     5.192     1.741 

error covariance (* 1,000,000)
  11921181  -17922920    6001739 
 -17922920   26957232   -9034313 
   6001739   -9034313    3032574 


summ: Emilia-Romagna.HO    3      0.366416     0.497     0.061     0.442   11921181  -17922920    6001739   26957232   -9034313   ...
   3032574 

    fixed pat  wt  dof     chisq       tail prob
          000  0    12    13.036        0.366416     0.412     0.184     0.403 
          001  1    13    48.407     5.57957e-06    -0.982     1.982     0.000  infeasible
          010  1    13    15.381         0.28417     0.557     0.000     0.443 
          100  1    13    32.581      0.00196889     0.000     0.701     0.299 
          011  2    14    57.937     2.68967e-07     1.000     0.000     0.000 
          101  2    14    46.203     2.59738e-05     0.000     1.000     0.000 
          110  2    14   449.692               0     0.000     0.000     1.000 
best pat:          000         0.366416              -  -
best pat:          010          0.28417  chi(nested):     2.345 p-value for nested model:        0.125693
best pat:          101      2.59738e-05 not nested

coeffs:     0.412     0.184     0.403 

## dscore:: f_4(Base, Fit, Rbase, right2)
## genstat:: f_4(Base, Fit, right1, right2)

details: Possible_Gauls_Verona                  WHG     0.006681    4.188953
details:   Italy_Broion_BA.SG                  WHG     0.003362    2.235664
details:    Italy_Imperial.SG                  WHG    -0.007165  -10.685542
dscore:                  WHG f4:     0.000486 Z:     0.541710

details: Possible_Gauls_Verona Russia_YuzhniyOleniyOstrov_Mesolithic.AG     0.005220    3.447362
details:   Italy_Broion_BA.SG Russia_YuzhniyOleniyOstrov_Mesolithic.AG     0.001028    0.731492
details:    Italy_Imperial.SG Russia_YuzhniyOleniyOstrov_Mesolithic.AG    -0.005548   -9.596884
dscore: Russia_YuzhniyOleniyOstrov_Mesolithic.AG f4:     0.000106 Z:     0.127162

details: Possible_Gauls_Verona  Iran_GanjDareh_N.AG    -0.000228   -0.162889
details:   Italy_Broion_BA.SG  Iran_GanjDareh_N.AG    -0.002166   -1.648153
details:    Italy_Imperial.SG  Iran_GanjDareh_N.AG     0.001627    2.889288
dscore:  Iran_GanjDareh_N.AG f4:     0.000163 Z:     0.216039

details: Possible_Gauls_Verona       Jordan_PPNB.AG    -0.000292   -0.187993
details:   Italy_Broion_BA.SG       Jordan_PPNB.AG     0.000813    0.476569
details:    Italy_Imperial.SG       Jordan_PPNB.AG     0.000716    1.081970
dscore:       Jordan_PPNB.AG f4:     0.000318 Z:     0.360555

details: Possible_Gauls_Verona   Israel_Natufian.AG    -0.000087   -0.048985
details:   Italy_Broion_BA.SG   Israel_Natufian.AG     0.000738    0.426127
details:    Italy_Imperial.SG   Israel_Natufian.AG     0.001105    1.582603
dscore:   Israel_Natufian.AG f4:     0.000546 Z:     0.557048

details: Possible_Gauls_Verona Morocco_Iberomaurusian.AG     0.001466    1.048536
details:   Italy_Broion_BA.SG Morocco_Iberomaurusian.AG     0.001599    1.182105
details:    Italy_Imperial.SG Morocco_Iberomaurusian.AG     0.000328    0.570814
dscore: Morocco_Iberomaurusian.AG f4:     0.001032 Z:     1.339529

details: Possible_Gauls_Verona Turkey_Marmara_Barcin_N.AG    -0.000202   -0.154043
details:   Italy_Broion_BA.SG Turkey_Marmara_Barcin_N.AG     0.002408    1.896233
details:    Italy_Imperial.SG Turkey_Marmara_Barcin_N.AG    -0.000633   -1.158750
dscore: Turkey_Marmara_Barcin_N.AG f4:     0.000105 Z:     0.144099

details: Possible_Gauls_Verona    Germany_EN_LBK.AG    -0.000119   -0.091928
details:   Italy_Broion_BA.SG    Germany_EN_LBK.AG     0.002709    2.175371
details:    Italy_Imperial.SG    Germany_EN_LBK.AG    -0.001360   -2.538690
dscore:    Germany_EN_LBK.AG f4:    -0.000099 Z:    -0.137720

details: Possible_Gauls_Verona Russia_Samara_EBA_Yamnaya.AG     0.003424    2.502884
details:   Italy_Broion_BA.SG Russia_Samara_EBA_Yamnaya.AG     0.000899    0.686228
details:    Italy_Imperial.SG Russia_Samara_EBA_Yamnaya.AG    -0.003506   -6.317558
dscore: Russia_Samara_EBA_Yamnaya.AG f4:     0.000164 Z:     0.217770

details: Possible_Gauls_Verona Italy_North_Remedello_C.SG     0.002881    1.527923
details:   Italy_Broion_BA.SG Italy_North_Remedello_C.SG     0.005642    3.127362
details:    Italy_Imperial.SG Italy_North_Remedello_C.SG    -0.001457   -1.900608
dscore: Italy_North_Remedello_C.SG f4:     0.001640 Z:     1.584509

details: Possible_Gauls_Verona Hungary_Langobard.SG     0.002590    1.921098
details:   Italy_Broion_BA.SG Hungary_Langobard.SG     0.000630    0.479782
details:    Italy_Imperial.SG Hungary_Langobard.SG    -0.003600   -6.380720
dscore: Hungary_Langobard.SG f4:    -0.000268 Z:    -0.356376

details: Possible_Gauls_Verona        Denmark_IA.SG     0.003171    2.073038
details:   Italy_Broion_BA.SG        Denmark_IA.SG     0.002225    1.489526
details:    Italy_Imperial.SG        Denmark_IA.SG    -0.003685   -5.679859
dscore:        Denmark_IA.SG f4:     0.000232 Z:     0.264186

details: Possible_Gauls_Verona Germany_EarlyMedieval.SG     0.002916    2.179624
details:   Italy_Broion_BA.SG Germany_EarlyMedieval.SG     0.002053    1.577826
details:    Italy_Imperial.SG Germany_EarlyMedieval.SG    -0.003113   -5.512393
dscore: Germany_EarlyMedieval.SG f4:     0.000326 Z:     0.433369

details: Possible_Gauls_Verona Italy_North_EarlyMedieval_Langobards_1.AG     0.003979    2.627386
details:   Italy_Broion_BA.SG Italy_North_EarlyMedieval_Langobards_1.AG     0.002182    1.546747
details:    Italy_Imperial.SG Italy_North_EarlyMedieval_Langobards_1.AG    -0.003830   -6.065377
dscore: Italy_North_EarlyMedieval_Langobards_1.AG f4:     0.000499 Z:     0.591819

gendstat:   Ethiopia_4500BP.SG                  WHG     0.542
gendstat:   Ethiopia_4500BP.SG Russia_YuzhniyOleniyOstrov_Mesolithic.AG     0.127
gendstat:   Ethiopia_4500BP.SG  Iran_GanjDareh_N.AG     0.216
gendstat:   Ethiopia_4500BP.SG       Jordan_PPNB.AG     0.361
gendstat:   Ethiopia_4500BP.SG   Israel_Natufian.AG     0.557
gendstat:   Ethiopia_4500BP.SG Morocco_Iberomaurusian.AG     1.340
gendstat:   Ethiopia_4500BP.SG Turkey_Marmara_Barcin_N.AG     0.144
gendstat:   Ethiopia_4500BP.SG    Germany_EN_LBK.AG    -0.138
gendstat:   Ethiopia_4500BP.SG Russia_Samara_EBA_Yamnaya.AG     0.218
gendstat:   Ethiopia_4500BP.SG Italy_North_Remedello_C.SG     1.585
gendstat:   Ethiopia_4500BP.SG Hungary_Langobard.SG    -0.356
gendstat:   Ethiopia_4500BP.SG        Denmark_IA.SG     0.264
gendstat:   Ethiopia_4500BP.SG Germany_EarlyMedieval.SG     0.433
gendstat:   Ethiopia_4500BP.SG Italy_North_EarlyMedieval_Langobards_1.AG     0.592
gendstat:                  WHG Russia_YuzhniyOleniyOstrov_Mesolithic.AG    -0.605
gendstat:                  WHG  Iran_GanjDareh_N.AG    -0.426
gendstat:                  WHG       Jordan_PPNB.AG    -0.204
gendstat:                  WHG   Israel_Natufian.AG     0.064
gendstat:                  WHG Morocco_Iberomaurusian.AG     0.664
gendstat:                  WHG Turkey_Marmara_Barcin_N.AG    -0.580
gendstat:                  WHG    Germany_EN_LBK.AG    -0.908
gendstat:                  WHG Russia_Samara_EBA_Yamnaya.AG    -0.496
gendstat:                  WHG Italy_North_Remedello_C.SG     1.255
gendstat:                  WHG Hungary_Langobard.SG    -1.204
gendstat:                  WHG        Denmark_IA.SG    -0.347
gendstat:                  WHG Germany_EarlyMedieval.SG    -0.255
gendstat:                  WHG Italy_North_EarlyMedieval_Langobards_1.AG     0.018
gendstat: Russia_YuzhniyOleniyOstrov_Mesolithic.AG  Iran_GanjDareh_N.AG     0.087
gendstat: Russia_YuzhniyOleniyOstrov_Mesolithic.AG       Jordan_PPNB.AG     0.272
gendstat: Russia_YuzhniyOleniyOstrov_Mesolithic.AG   Israel_Natufian.AG     0.489
gendstat: Russia_YuzhniyOleniyOstrov_Mesolithic.AG Morocco_Iberomaurusian.AG     1.232
gendstat: Russia_YuzhniyOleniyOstrov_Mesolithic.AG Turkey_Marmara_Barcin_N.AG    -0.001
gendstat: Russia_YuzhniyOleniyOstrov_Mesolithic.AG    Germany_EN_LBK.AG    -0.347
gendstat: Russia_YuzhniyOleniyOstrov_Mesolithic.AG Russia_Samara_EBA_Yamnaya.AG     0.120
gendstat: Russia_YuzhniyOleniyOstrov_Mesolithic.AG Italy_North_Remedello_C.SG     1.690
gendstat: Russia_YuzhniyOleniyOstrov_Mesolithic.AG Hungary_Langobard.SG    -0.707
gendstat: Russia_YuzhniyOleniyOstrov_Mesolithic.AG        Denmark_IA.SG     0.188
gendstat: Russia_YuzhniyOleniyOstrov_Mesolithic.AG Germany_EarlyMedieval.SG     0.410
gendstat: Russia_YuzhniyOleniyOstrov_Mesolithic.AG Italy_North_EarlyMedieval_Langobards_1.AG     0.599
gendstat:  Iran_GanjDareh_N.AG       Jordan_PPNB.AG     0.210
gendstat:  Iran_GanjDareh_N.AG   Israel_Natufian.AG     0.437
gendstat:  Iran_GanjDareh_N.AG Morocco_Iberomaurusian.AG     1.216
gendstat:  Iran_GanjDareh_N.AG Turkey_Marmara_Barcin_N.AG    -0.105
gendstat:  Iran_GanjDareh_N.AG    Germany_EN_LBK.AG    -0.486
gendstat:  Iran_GanjDareh_N.AG Russia_Samara_EBA_Yamnaya.AG     0.002
gendstat:  Iran_GanjDareh_N.AG Italy_North_Remedello_C.SG     1.660
gendstat:  Iran_GanjDareh_N.AG Hungary_Langobard.SG    -0.744
gendstat:  Iran_GanjDareh_N.AG        Denmark_IA.SG     0.099
gendstat:  Iran_GanjDareh_N.AG Germany_EarlyMedieval.SG     0.293
gendstat:  Iran_GanjDareh_N.AG Italy_North_EarlyMedieval_Langobards_1.AG     0.494
gendstat:       Jordan_PPNB.AG   Israel_Natufian.AG     0.268
gendstat:       Jordan_PPNB.AG Morocco_Iberomaurusian.AG     0.898
gendstat:       Jordan_PPNB.AG Turkey_Marmara_Barcin_N.AG    -0.357
gendstat:       Jordan_PPNB.AG    Germany_EN_LBK.AG    -0.711
gendstat:       Jordan_PPNB.AG Russia_Samara_EBA_Yamnaya.AG    -0.218
gendstat:       Jordan_PPNB.AG Italy_North_Remedello_C.SG     1.458
gendstat:       Jordan_PPNB.AG Hungary_Langobard.SG    -0.864
gendstat:       Jordan_PPNB.AG        Denmark_IA.SG    -0.111
gendstat:       Jordan_PPNB.AG Germany_EarlyMedieval.SG     0.012
gendstat:       Jordan_PPNB.AG Italy_North_EarlyMedieval_Langobards_1.AG     0.237
gendstat:   Israel_Natufian.AG Morocco_Iberomaurusian.AG     0.560
gendstat:   Israel_Natufian.AG Turkey_Marmara_Barcin_N.AG    -0.611
gendstat:   Israel_Natufian.AG    Germany_EN_LBK.AG    -0.899
gendstat:   Israel_Natufian.AG Russia_Samara_EBA_Yamnaya.AG    -0.455
gendstat:   Israel_Natufian.AG Italy_North_Remedello_C.SG     1.124
gendstat:   Israel_Natufian.AG Hungary_Langobard.SG    -1.006
gendstat:   Israel_Natufian.AG        Denmark_IA.SG    -0.346
gendstat:   Israel_Natufian.AG Germany_EarlyMedieval.SG    -0.275
gendstat:   Israel_Natufian.AG Italy_North_EarlyMedieval_Langobards_1.AG    -0.054
gendstat: Morocco_Iberomaurusian.AG Turkey_Marmara_Barcin_N.AG    -1.503
gendstat: Morocco_Iberomaurusian.AG    Germany_EN_LBK.AG    -1.853
gendstat: Morocco_Iberomaurusian.AG Russia_Samara_EBA_Yamnaya.AG    -1.262
gendstat: Morocco_Iberomaurusian.AG Italy_North_Remedello_C.SG     0.649
gendstat: Morocco_Iberomaurusian.AG Hungary_Langobard.SG    -1.953
gendstat: Morocco_Iberomaurusian.AG        Denmark_IA.SG    -0.996
gendstat: Morocco_Iberomaurusian.AG Germany_EarlyMedieval.SG    -1.070
gendstat: Morocco_Iberomaurusian.AG Italy_North_EarlyMedieval_Langobards_1.AG    -0.732
gendstat: Turkey_Marmara_Barcin_N.AG    Germany_EN_LBK.AG    -0.844
gendstat: Turkey_Marmara_Barcin_N.AG Russia_Samara_EBA_Yamnaya.AG     0.119
gendstat: Turkey_Marmara_Barcin_N.AG Italy_North_Remedello_C.SG     2.092
gendstat: Turkey_Marmara_Barcin_N.AG Hungary_Langobard.SG    -0.840
gendstat: Turkey_Marmara_Barcin_N.AG        Denmark_IA.SG     0.216
gendstat: Turkey_Marmara_Barcin_N.AG Germany_EarlyMedieval.SG     0.512
gendstat: Turkey_Marmara_Barcin_N.AG Italy_North_EarlyMedieval_Langobards_1.AG     0.741
gendstat:    Germany_EN_LBK.AG Russia_Samara_EBA_Yamnaya.AG     0.546
gendstat:    Germany_EN_LBK.AG Italy_North_Remedello_C.SG     2.423
gendstat:    Germany_EN_LBK.AG Hungary_Langobard.SG    -0.404
gendstat:    Germany_EN_LBK.AG        Denmark_IA.SG     0.570
gendstat:    Germany_EN_LBK.AG Germany_EarlyMedieval.SG     1.035
gendstat:    Germany_EN_LBK.AG Italy_North_EarlyMedieval_Langobards_1.AG     1.146
gendstat: Russia_Samara_EBA_Yamnaya.AG Italy_North_Remedello_C.SG     1.742
gendstat: Russia_Samara_EBA_Yamnaya.AG Hungary_Langobard.SG    -0.945
gendstat: Russia_Samara_EBA_Yamnaya.AG        Denmark_IA.SG     0.112
gendstat: Russia_Samara_EBA_Yamnaya.AG Germany_EarlyMedieval.SG     0.355
gendstat: Russia_Samara_EBA_Yamnaya.AG Italy_North_EarlyMedieval_Langobards_1.AG     0.581
gendstat: Italy_North_Remedello_C.SG Hungary_Langobard.SG    -2.400
gendstat: Italy_North_Remedello_C.SG        Denmark_IA.SG    -1.594
gendstat: Italy_North_Remedello_C.SG Germany_EarlyMedieval.SG    -1.664
gendstat: Italy_North_Remedello_C.SG Italy_North_EarlyMedieval_Langobards_1.AG    -1.350
gendstat: Hungary_Langobard.SG        Denmark_IA.SG     0.851
gendstat: Hungary_Langobard.SG Germany_EarlyMedieval.SG     1.401
gendstat: Hungary_Langobard.SG Italy_North_EarlyMedieval_Langobards_1.AG     1.388
gendstat:        Denmark_IA.SG Germany_EarlyMedieval.SG     0.162
gendstat:        Denmark_IA.SG Italy_North_EarlyMedieval_Langobards_1.AG     0.393
gendstat: Germany_EarlyMedieval.SG Italy_North_EarlyMedieval_Langobards_1.AG     0.314

worst Z-score with right hand mix
f4(Target, Fit, Base, mix of Right pops;  Z:     3.573 sum:     1.000
                           WHG     1.833
Russia_YuzhniyOleniyOstrov_Mesolithic.AG    -1.140
           Iran_GanjDareh_N.AG     0.237
                Jordan_PPNB.AG     0.943
            Israel_Natufian.AG     0.860
     Morocco_Iberomaurusian.AG     5.276
    Turkey_Marmara_Barcin_N.AG     1.296
             Germany_EN_LBK.AG   -13.275
  Russia_Samara_EBA_Yamnaya.AG     0.852
    Italy_North_Remedello_C.SG     5.597
          Hungary_Langobard.SG    -7.866
                 Denmark_IA.SG     0.552
      Germany_EarlyMedieval.SG     3.307
Italy_North_EarlyMedieval_Langobards_1.AG     2.529

removing /tmp/fsx.1826597
oldmode set: terminating
##end of qpAdm:        5.279 seconds cpu        8.806 Mbytes in use
[2026-01-10T01:27:49Z] ✅ Target Emilia-Romagna.HO: success on attempt 1.
