qpAdm: parameter file: parqpAdm
### THE INPUT PARAMETERS
##PARAMETER NAME: VALUE
DIR: ../data
S1: v62.0_HO_updated_packed_2
indivname: ../data/v62.0_HO_updated_packed_2.ind
snpname: ../data/v62.0_HO_updated_packed_2.snp
genotypename: ../data/v62.0_HO_updated_packed_2.geno
popleft: leftsrc
popright: right1_posth_recent_all_snps_corrected_north_euro
allsnps: YES
inbreed: YES
details: YES
summary: YES
##  qpAdm -p parqpAdm
## qpAdm version: 2050
seed: -1808281849
inbreed set YES
tmp: /tmp/fsx.2034981

left pops:
          Bergamo.HO     12
     Slovenia_EIA.AG     15
  Italy_Broion_BA.SG      2
   Italy_Imperial.SG     36

right pops:
  Ethiopia_4500BP.SG      2
                 WHG      3
Russia_YuzhniyOleniyOstrov_Mesolithic.AG     18
 Iran_GanjDareh_N.AG      8
      Jordan_PPNB.AG      7
  Israel_Natufian.AG      6
Morocco_Iberomaurusian.AG      7
Turkey_Marmara_Barcin_N.AG     23
   Germany_EN_LBK.AG     69
Russia_Samara_EBA_Yamnaya.AG      9
Italy_North_Remedello_C.SG      2
Hungary_Langobard.SG      7
       Denmark_IA.SG      4
Germany_EarlyMedieval.SG     19
Italy_North_EarlyMedieval_Langobards_1.AG      4

codimension 1
f4info: 
f4rank: 2 dof:     12 chisq:    26.047 tail:         0.0105695421 dofdiff:     14 chisqdiff:   -26.047 taildiff:                    1
B:
          scale     1.000     1.000 
            WHG     2.058    -1.044 
Russia_YuzhniyOleniyOstrov_Mesolithic.AG     1.790     0.676 
Iran_GanjDareh_N.AG    -0.199     1.858 
 Jordan_PPNB.AG     0.316     1.449 
Israel_Natufian.AG     0.167     1.618 
Morocco_Iberomaurusian.AG     0.206     0.287 
Turkey_Marmara_Barcin_N.AG     0.438     0.579 
Germany_EN_LBK.AG     0.714     0.820 
Russia_Samara_EBA_Yamnaya.AG     1.051     0.380 
Italy_North_Remedello_C.SG     0.671    -1.053 
Hungary_Langobard.SG     0.918    -0.916 
  Denmark_IA.SG     1.042    -0.687 
Germany_EarlyMedieval.SG     0.849    -0.788 
Italy_North_EarlyMedieval_Langobards_1.AG     1.202     0.086 
A:
          scale   389.884   888.830 
Slovenia_EIA.AG     0.751     1.539 
Italy_Broion_BA.SG     0.237    -0.057 
Italy_Imperial.SG    -1.543     0.794 


full rank
f4info: 
f4rank: 3 dof:      0 chisq:     0.000 tail:                    1 dofdiff:     12 chisqdiff:    26.047 taildiff:         0.0105695421
B:
          scale   359.691   620.445   247.608 
            WHG     0.916     0.952    -2.192 
Russia_YuzhniyOleniyOstrov_Mesolithic.AG     1.769     0.040    -1.587 
Iran_GanjDareh_N.AG     1.078    -0.815     0.605 
 Jordan_PPNB.AG     1.374     0.427     0.128 
Israel_Natufian.AG     1.387     0.505     0.283 
Morocco_Iberomaurusian.AG     0.479     0.594    -0.075 
Turkey_Marmara_Barcin_N.AG     0.870     1.321    -0.219 
Germany_EN_LBK.AG     1.199     1.427    -0.430 
Russia_Samara_EBA_Yamnaya.AG     1.106     0.424    -0.909 
Italy_North_Remedello_C.SG    -0.010     2.372    -0.786 
Hungary_Langobard.SG     0.189    -0.107    -1.074 
  Denmark_IA.SG     0.466     0.839    -1.106 
Germany_EarlyMedieval.SG     0.239     0.713    -0.971 
Italy_North_EarlyMedieval_Langobards_1.AG     1.051     0.909    -1.100 
A:
          scale     1.732     1.732     1.732 
Slovenia_EIA.AG     1.732     0.000     0.000 
Italy_Broion_BA.SG     0.000     1.732     0.000 
Italy_Imperial.SG     0.000     0.000     1.732 


best coefficients:    -0.031     0.907     0.124 
totmean:     -0.031     0.907     0.124 
zzevarboot
   -0.182255359     1.049088923     0.133166436 
    0.001389972     0.001971216 
    0.000738474     0.000227475 
   -0.003915362     0.000905809 
zzevarboot2
    0.065522194     0.808157538     0.126320268 
    0.002443440     0.001567772 
    0.000432626    -0.000268496 
   -0.004035218     0.000904550 
boot mean:    -0.048     0.927     0.121 
bootstrap saimpling of F-coeffs: 1000
zzjmean    -0.048     0.927     0.121 
      std. errors:     0.145     0.148     0.083 

error covariance (* 1,000,000)
     21018     -18021      -2997 
    -18021      21907      -3886 
     -2997      -3886       6883 


summ: Bergamo.HO    3      0.010570    -0.048     0.927     0.121      21018     -18021      -2997      21907      -3886   ...
      6883 

    fixed pat  wt  dof     chisq       tail prob
          000  0    12    26.047       0.0105695    -0.031     0.907     0.124  infeasible
          001  1    13    30.173      0.00444667    -0.003     1.003     0.000  infeasible
          010  1    13   298.840               0     0.853     0.000     0.147 
          100  1    13    26.779        0.013335     0.000     0.882     0.118 
          011  2    14   309.164               0     1.000     0.000     0.000 
          101  2    14    29.226      0.00973958     0.000     1.000     0.000 
          110  2    14   936.380               0     0.000     0.000     1.000 
best pat:          000        0.0105695              -  -
best pat:          100         0.013335  chi(nested):     0.732 p-value for nested model:         0.39219
best pat:          101       0.00973958  chi(nested):     2.446 p-value for nested model:        0.117811

coeffs:    -0.031     0.907     0.124 

## dscore:: f_4(Base, Fit, Rbase, right2)
## genstat:: f_4(Base, Fit, right1, right2)

details:      Slovenia_EIA.AG                  WHG     0.002547    4.017711
details:   Italy_Broion_BA.SG                  WHG     0.001534    1.117434
details:    Italy_Imperial.SG                  WHG    -0.008854  -16.447033
dscore:                  WHG f4:     0.000214 Z:     0.170838

details:      Slovenia_EIA.AG Russia_YuzhniyOleniyOstrov_Mesolithic.AG     0.004917    8.546843
details:   Italy_Broion_BA.SG Russia_YuzhniyOleniyOstrov_Mesolithic.AG     0.000064    0.048485
details:    Italy_Imperial.SG Russia_YuzhniyOleniyOstrov_Mesolithic.AG    -0.006410  -13.535915
dscore: Russia_YuzhniyOleniyOstrov_Mesolithic.AG f4:    -0.000888 Z:    -0.738162

details:      Slovenia_EIA.AG  Iran_GanjDareh_N.AG     0.002996    5.450249
details:   Italy_Broion_BA.SG  Iran_GanjDareh_N.AG    -0.001314   -1.076074
details:    Italy_Imperial.SG  Iran_GanjDareh_N.AG     0.002442    5.405922
dscore:  Iran_GanjDareh_N.AG f4:    -0.000980 Z:    -0.881723

details:      Slovenia_EIA.AG       Jordan_PPNB.AG     0.003819    5.798314
details:   Italy_Broion_BA.SG       Jordan_PPNB.AG     0.000689    0.432953
details:    Italy_Imperial.SG       Jordan_PPNB.AG     0.000515    0.976998
dscore:       Jordan_PPNB.AG f4:     0.000572 Z:     0.394390

details:      Slovenia_EIA.AG   Israel_Natufian.AG     0.003856    5.400783
details:   Italy_Broion_BA.SG   Israel_Natufian.AG     0.000813    0.497928
details:    Italy_Imperial.SG   Israel_Natufian.AG     0.001141    1.918800
dscore:   Israel_Natufian.AG f4:     0.000761 Z:     0.509368

details:      Slovenia_EIA.AG Morocco_Iberomaurusian.AG     0.001331    2.253022
details:   Italy_Broion_BA.SG Morocco_Iberomaurusian.AG     0.000958    0.741972
details:    Italy_Imperial.SG Morocco_Iberomaurusian.AG    -0.000303   -0.621953
dscore: Morocco_Iberomaurusian.AG f4:     0.000790 Z:     0.670001

details:      Slovenia_EIA.AG Turkey_Marmara_Barcin_N.AG     0.002419    4.780290
details:   Italy_Broion_BA.SG Turkey_Marmara_Barcin_N.AG     0.002128    1.813948
details:    Italy_Imperial.SG Turkey_Marmara_Barcin_N.AG    -0.000886   -2.008922
dscore: Turkey_Marmara_Barcin_N.AG f4:     0.001746 Z:     1.630441

details:      Slovenia_EIA.AG    Germany_EN_LBK.AG     0.003333    6.568285
details:   Italy_Broion_BA.SG    Germany_EN_LBK.AG     0.002299    1.983498
details:    Italy_Imperial.SG    Germany_EN_LBK.AG    -0.001736   -3.967233
dscore:    Germany_EN_LBK.AG f4:     0.001767 Z:     1.671104

details:      Slovenia_EIA.AG Russia_Samara_EBA_Yamnaya.AG     0.003074    5.572287
details:   Italy_Broion_BA.SG Russia_Samara_EBA_Yamnaya.AG     0.000683    0.553421
details:    Italy_Imperial.SG Russia_Samara_EBA_Yamnaya.AG    -0.003672   -7.950936
dscore: Russia_Samara_EBA_Yamnaya.AG f4:     0.000070 Z:     0.061752

details:      Slovenia_EIA.AG Italy_North_Remedello_C.SG    -0.000029   -0.040507
details:   Italy_Broion_BA.SG Italy_North_Remedello_C.SG     0.003823    2.281642
details:    Italy_Imperial.SG Italy_North_Remedello_C.SG    -0.003176   -5.256815
dscore: Italy_North_Remedello_C.SG f4:     0.003073 Z:     2.006870

details:      Slovenia_EIA.AG Hungary_Langobard.SG     0.000525    0.995651
details:   Italy_Broion_BA.SG Hungary_Langobard.SG    -0.000173   -0.144160
details:    Italy_Imperial.SG Hungary_Langobard.SG    -0.004338   -9.660009
dscore: Hungary_Langobard.SG f4:    -0.000711 Z:    -0.650885

details:      Slovenia_EIA.AG        Denmark_IA.SG     0.001297    2.203056
details:   Italy_Broion_BA.SG        Denmark_IA.SG     0.001352    0.989204
details:    Italy_Imperial.SG        Denmark_IA.SG    -0.004465   -8.812722
dscore:        Denmark_IA.SG f4:     0.000632 Z:     0.507245

details:      Slovenia_EIA.AG Germany_EarlyMedieval.SG     0.000665    1.281279
details:   Italy_Broion_BA.SG Germany_EarlyMedieval.SG     0.001149    0.962720
details:    Italy_Imperial.SG Germany_EarlyMedieval.SG    -0.003923   -8.573365
dscore: Germany_EarlyMedieval.SG f4:     0.000535 Z:     0.491863

details:      Slovenia_EIA.AG Italy_North_EarlyMedieval_Langobards_1.AG     0.002922    4.771982
details:   Italy_Broion_BA.SG Italy_North_EarlyMedieval_Langobards_1.AG     0.001466    1.094211
details:    Italy_Imperial.SG Italy_North_EarlyMedieval_Langobards_1.AG    -0.004442   -8.683994
dscore: Italy_North_EarlyMedieval_Langobards_1.AG f4:     0.000688 Z:     0.561775

gendstat:   Ethiopia_4500BP.SG                  WHG     0.171
gendstat:   Ethiopia_4500BP.SG Russia_YuzhniyOleniyOstrov_Mesolithic.AG    -0.738
gendstat:   Ethiopia_4500BP.SG  Iran_GanjDareh_N.AG    -0.882
gendstat:   Ethiopia_4500BP.SG       Jordan_PPNB.AG     0.394
gendstat:   Ethiopia_4500BP.SG   Israel_Natufian.AG     0.509
gendstat:   Ethiopia_4500BP.SG Morocco_Iberomaurusian.AG     0.670
gendstat:   Ethiopia_4500BP.SG Turkey_Marmara_Barcin_N.AG     1.630
gendstat:   Ethiopia_4500BP.SG    Germany_EN_LBK.AG     1.671
gendstat:   Ethiopia_4500BP.SG Russia_Samara_EBA_Yamnaya.AG     0.062
gendstat:   Ethiopia_4500BP.SG Italy_North_Remedello_C.SG     2.007
gendstat:   Ethiopia_4500BP.SG Hungary_Langobard.SG    -0.651
gendstat:   Ethiopia_4500BP.SG        Denmark_IA.SG     0.507
gendstat:   Ethiopia_4500BP.SG Germany_EarlyMedieval.SG     0.492
gendstat:   Ethiopia_4500BP.SG Italy_North_EarlyMedieval_Langobards_1.AG     0.562
gendstat:                  WHG Russia_YuzhniyOleniyOstrov_Mesolithic.AG    -1.107
gendstat:                  WHG  Iran_GanjDareh_N.AG    -1.005
gendstat:                  WHG       Jordan_PPNB.AG     0.257
gendstat:                  WHG   Israel_Natufian.AG     0.359
gendstat:                  WHG Morocco_Iberomaurusian.AG     0.444
gendstat:                  WHG Turkey_Marmara_Barcin_N.AG     1.483
gendstat:                  WHG    Germany_EN_LBK.AG     1.563
gendstat:                  WHG Russia_Samara_EBA_Yamnaya.AG    -0.148
gendstat:                  WHG Italy_North_Remedello_C.SG     1.874
gendstat:                  WHG Hungary_Langobard.SG    -0.945
gendstat:                  WHG        Denmark_IA.SG     0.367
gendstat:                  WHG Germany_EarlyMedieval.SG     0.339
gendstat:                  WHG Italy_North_EarlyMedieval_Langobards_1.AG     0.440
gendstat: Russia_YuzhniyOleniyOstrov_Mesolithic.AG  Iran_GanjDareh_N.AG    -0.091
gendstat: Russia_YuzhniyOleniyOstrov_Mesolithic.AG       Jordan_PPNB.AG     1.062
gendstat: Russia_YuzhniyOleniyOstrov_Mesolithic.AG   Israel_Natufian.AG     1.104
gendstat: Russia_YuzhniyOleniyOstrov_Mesolithic.AG Morocco_Iberomaurusian.AG     1.436
gendstat: Russia_YuzhniyOleniyOstrov_Mesolithic.AG Turkey_Marmara_Barcin_N.AG     2.766
gendstat: Russia_YuzhniyOleniyOstrov_Mesolithic.AG    Germany_EN_LBK.AG     2.823
gendstat: Russia_YuzhniyOleniyOstrov_Mesolithic.AG Russia_Samara_EBA_Yamnaya.AG     1.338
gendstat: Russia_YuzhniyOleniyOstrov_Mesolithic.AG Italy_North_Remedello_C.SG     2.701
gendstat: Russia_YuzhniyOleniyOstrov_Mesolithic.AG Hungary_Langobard.SG     0.207
gendstat: Russia_YuzhniyOleniyOstrov_Mesolithic.AG        Denmark_IA.SG     1.497
gendstat: Russia_YuzhniyOleniyOstrov_Mesolithic.AG Germany_EarlyMedieval.SG     1.703
gendstat: Russia_YuzhniyOleniyOstrov_Mesolithic.AG Italy_North_EarlyMedieval_Langobards_1.AG     1.543
gendstat:  Iran_GanjDareh_N.AG       Jordan_PPNB.AG     1.177
gendstat:  Iran_GanjDareh_N.AG   Israel_Natufian.AG     1.223
gendstat:  Iran_GanjDareh_N.AG Morocco_Iberomaurusian.AG     1.611
gendstat:  Iran_GanjDareh_N.AG Turkey_Marmara_Barcin_N.AG     3.368
gendstat:  Iran_GanjDareh_N.AG    Germany_EN_LBK.AG     3.375
gendstat:  Iran_GanjDareh_N.AG Russia_Samara_EBA_Yamnaya.AG     1.194
gendstat:  Iran_GanjDareh_N.AG Italy_North_Remedello_C.SG     2.881
gendstat:  Iran_GanjDareh_N.AG Hungary_Langobard.SG     0.315
gendstat:  Iran_GanjDareh_N.AG        Denmark_IA.SG     1.557
gendstat:  Iran_GanjDareh_N.AG Germany_EarlyMedieval.SG     1.762
gendstat:  Iran_GanjDareh_N.AG Italy_North_EarlyMedieval_Langobards_1.AG     1.613
gendstat:       Jordan_PPNB.AG   Israel_Natufian.AG     0.122
gendstat:       Jordan_PPNB.AG Morocco_Iberomaurusian.AG     0.161
gendstat:       Jordan_PPNB.AG Turkey_Marmara_Barcin_N.AG     1.059
gendstat:       Jordan_PPNB.AG    Germany_EN_LBK.AG     1.080
gendstat:       Jordan_PPNB.AG Russia_Samara_EBA_Yamnaya.AG    -0.389
gendstat:       Jordan_PPNB.AG Italy_North_Remedello_C.SG     1.596
gendstat:       Jordan_PPNB.AG Hungary_Langobard.SG    -1.085
gendstat:       Jordan_PPNB.AG        Denmark_IA.SG     0.044
gendstat:       Jordan_PPNB.AG Germany_EarlyMedieval.SG    -0.030
gendstat:       Jordan_PPNB.AG Italy_North_EarlyMedieval_Langobards_1.AG     0.087
gendstat:   Israel_Natufian.AG Morocco_Iberomaurusian.AG     0.021
gendstat:   Israel_Natufian.AG Turkey_Marmara_Barcin_N.AG     0.782
gendstat:   Israel_Natufian.AG    Germany_EN_LBK.AG     0.804
gendstat:   Israel_Natufian.AG Russia_Samara_EBA_Yamnaya.AG    -0.492
gendstat:   Israel_Natufian.AG Italy_North_Remedello_C.SG     1.378
gendstat:   Israel_Natufian.AG Hungary_Langobard.SG    -1.101
gendstat:   Israel_Natufian.AG        Denmark_IA.SG    -0.088
gendstat:   Israel_Natufian.AG Germany_EarlyMedieval.SG    -0.167
gendstat:   Israel_Natufian.AG Italy_North_EarlyMedieval_Langobards_1.AG    -0.050
gendstat: Morocco_Iberomaurusian.AG Turkey_Marmara_Barcin_N.AG     0.957
gendstat: Morocco_Iberomaurusian.AG    Germany_EN_LBK.AG     0.975
gendstat: Morocco_Iberomaurusian.AG Russia_Samara_EBA_Yamnaya.AG    -0.675
gendstat: Morocco_Iberomaurusian.AG Italy_North_Remedello_C.SG     1.552
gendstat: Morocco_Iberomaurusian.AG Hungary_Langobard.SG    -1.428
gendstat: Morocco_Iberomaurusian.AG        Denmark_IA.SG    -0.131
gendstat: Morocco_Iberomaurusian.AG Germany_EarlyMedieval.SG    -0.239
gendstat: Morocco_Iberomaurusian.AG Italy_North_EarlyMedieval_Langobards_1.AG    -0.086
gendstat: Turkey_Marmara_Barcin_N.AG    Germany_EN_LBK.AG     0.057
gendstat: Turkey_Marmara_Barcin_N.AG Russia_Samara_EBA_Yamnaya.AG    -2.114
gendstat: Turkey_Marmara_Barcin_N.AG Italy_North_Remedello_C.SG     1.106
gendstat: Turkey_Marmara_Barcin_N.AG Hungary_Langobard.SG    -3.733
gendstat: Turkey_Marmara_Barcin_N.AG        Denmark_IA.SG    -1.273
gendstat: Turkey_Marmara_Barcin_N.AG Germany_EarlyMedieval.SG    -1.739
gendstat: Turkey_Marmara_Barcin_N.AG Italy_North_EarlyMedieval_Langobards_1.AG    -1.261
gendstat:    Germany_EN_LBK.AG Russia_Samara_EBA_Yamnaya.AG    -2.188
gendstat:    Germany_EN_LBK.AG Italy_North_Remedello_C.SG     1.092
gendstat:    Germany_EN_LBK.AG Hungary_Langobard.SG    -3.850
gendstat:    Germany_EN_LBK.AG        Denmark_IA.SG    -1.334
gendstat:    Germany_EN_LBK.AG Germany_EarlyMedieval.SG    -1.914
gendstat:    Germany_EN_LBK.AG Italy_North_EarlyMedieval_Langobards_1.AG    -1.297
gendstat: Russia_Samara_EBA_Yamnaya.AG Italy_North_Remedello_C.SG     2.159
gendstat: Russia_Samara_EBA_Yamnaya.AG Hungary_Langobard.SG    -1.111
gendstat: Russia_Samara_EBA_Yamnaya.AG        Denmark_IA.SG     0.624
gendstat: Russia_Samara_EBA_Yamnaya.AG Germany_EarlyMedieval.SG     0.656
gendstat: Russia_Samara_EBA_Yamnaya.AG Italy_North_EarlyMedieval_Langobards_1.AG     0.684
gendstat: Italy_North_Remedello_C.SG Hungary_Langobard.SG    -2.855
gendstat: Italy_North_Remedello_C.SG        Denmark_IA.SG    -1.680
gendstat: Italy_North_Remedello_C.SG Germany_EarlyMedieval.SG    -1.890
gendstat: Italy_North_Remedello_C.SG Italy_North_EarlyMedieval_Langobards_1.AG    -1.714
gendstat: Hungary_Langobard.SG        Denmark_IA.SG     1.585
gendstat: Hungary_Langobard.SG Germany_EarlyMedieval.SG     1.867
gendstat: Hungary_Langobard.SG Italy_North_EarlyMedieval_Langobards_1.AG     1.621
gendstat:        Denmark_IA.SG Germany_EarlyMedieval.SG    -0.113
gendstat:        Denmark_IA.SG Italy_North_EarlyMedieval_Langobards_1.AG     0.056
gendstat: Germany_EarlyMedieval.SG Italy_North_EarlyMedieval_Langobards_1.AG     0.181

worst Z-score with right hand mix
f4(Target, Fit, Base, mix of Right pops;  Z:     5.046 sum:     1.000
                           WHG     0.104
Russia_YuzhniyOleniyOstrov_Mesolithic.AG    -5.484
           Iran_GanjDareh_N.AG   -10.281
                Jordan_PPNB.AG    -1.743
            Israel_Natufian.AG    -0.977
     Morocco_Iberomaurusian.AG     1.559
    Turkey_Marmara_Barcin_N.AG    11.001
             Germany_EN_LBK.AG    12.045
  Russia_Samara_EBA_Yamnaya.AG     4.141
    Italy_North_Remedello_C.SG     3.493
          Hungary_Langobard.SG   -16.635
                 Denmark_IA.SG     1.444
      Germany_EarlyMedieval.SG     2.659
Italy_North_EarlyMedieval_Langobards_1.AG    -0.326

removing /tmp/fsx.2034981
oldmode set: terminating
##end of qpAdm:        5.831 seconds cpu        8.806 Mbytes in use
[2026-01-12T05:18:13Z] ✅ Target Bergamo.HO: success on attempt 1.
