qpAdm: parameter file: parqpAdm
### THE INPUT PARAMETERS
##PARAMETER NAME: VALUE
DIR: ../data
S1: v62.0_HO_updated_packed
indivname: ../data/v62.0_HO_updated_packed.ind
snpname: ../data/v62.0_HO_updated_packed.snp
genotypename: ../data/v62.0_HO_updated_packed.geno
popleft: leftsrc
popright: right1_posth_recent_all_snps_corrected_ehg_new2
allsnps: YES
inbreed: YES
details: YES
summary: YES
##  qpAdm -p parqpAdm
## qpAdm version: 2050
seed: -771224362
inbreed set YES
tmp: /tmp/fsx.385303

left pops:
           Trento.HO      2
France_SouthEast_IA2.AG      6
          Verona_LIA     13
   Italy_Imperial.SG     36

right pops:
  Ethiopia_4500BP.SG      2
                 WHG      3
Russia_YuzhniyOleniyOstrov_Mesolithic.AG     18
 Iran_GanjDareh_N.AG      8
      Jordan_PPNB.AG      7
  Israel_Natufian.AG      6
Morocco_Iberomaurusian.AG      7
Turkey_Marmara_Barcin_N.AG     23
   Germany_EN_LBK.AG     69
Russia_Samara_EBA_Yamnaya.AG      9
Italy_North_Remedello_C.SG      2
       Denmark_IA.SG      4
Hungary_Langobard.SG      7
Germany_EarlyMedieval.SG     19
Italy_North_EarlyMedieval_Langobards_1.AG      4

codimension 1
f4info: 
f4rank: 2 dof:     12 chisq:    26.378 tail:        0.00948571689 dofdiff:     14 chisqdiff:   -26.378 taildiff:                    1
B:
          scale     1.000     1.000 
            WHG     2.244    -0.694 
Russia_YuzhniyOleniyOstrov_Mesolithic.AG     1.706     0.466 
Iran_GanjDareh_N.AG    -0.455     1.257 
 Jordan_PPNB.AG     0.000     2.374 
Israel_Natufian.AG     0.048     0.930 
Morocco_Iberomaurusian.AG     0.077     1.182 
Turkey_Marmara_Barcin_N.AG     0.326     0.446 
Germany_EN_LBK.AG     0.499     0.555 
Russia_Samara_EBA_Yamnaya.AG     0.940     0.202 
Italy_North_Remedello_C.SG     0.776    -0.990 
  Denmark_IA.SG     1.069    -0.721 
Hungary_Langobard.SG     0.932    -0.832 
Germany_EarlyMedieval.SG     0.947    -0.801 
Italy_North_EarlyMedieval_Langobards_1.AG     1.044     0.666 
A:
          scale   342.123   739.977 
France_SouthEast_IA2.AG     0.747     1.678 
     Verona_LIA     0.050     0.092 
Italy_Imperial.SG    -1.562     0.421 


full rank
f4info: 
f4rank: 3 dof:      0 chisq:     0.000 tail:                    1 dofdiff:     12 chisqdiff:    26.378 taildiff:        0.00948571689
B:
          scale   474.630   548.359   172.497 
            WHG     1.480    -0.066    -1.903 
Russia_YuzhniyOleniyOstrov_Mesolithic.AG     1.333    -1.362    -1.678 
Iran_GanjDareh_N.AG    -0.157    -1.503     0.066 
 Jordan_PPNB.AG     2.331    -0.388     0.077 
Israel_Natufian.AG     0.542    -1.015    -0.240 
Morocco_Iberomaurusian.AG     1.026    -0.397    -0.090 
Turkey_Marmara_Barcin_N.AG     0.526    -0.528    -0.368 
Germany_EN_LBK.AG     0.743    -0.586    -0.517 
Russia_Samara_EBA_Yamnaya.AG     0.230    -1.494    -1.123 
Italy_North_Remedello_C.SG    -0.634    -0.501    -0.840 
  Denmark_IA.SG    -0.339    -1.251    -1.235 
Hungary_Langobard.SG    -0.767    -1.380    -1.163 
Germany_EarlyMedieval.SG    -0.426    -0.874    -1.047 
Italy_North_EarlyMedieval_Langobards_1.AG     1.029    -1.098    -1.069 
A:
          scale     1.732     1.732     1.732 
France_SouthEast_IA2.AG     1.732     0.000     0.000 
     Verona_LIA     0.000     1.732     0.000 
Italy_Imperial.SG     0.000     0.000     1.732 


best coefficients:    -0.059     1.054     0.005 
totmean:     -0.059     1.054     0.005 
zzevarboot
   -0.055966513     1.116798929    -0.060832415 
    0.003285804     0.002851314 
   -0.000090706     0.000197058 
   -0.004688220     0.000994477 
zzevarboot2
   -0.042179727     0.965632855     0.076546871 
   -0.000345666     0.002451766 
    0.000308294     0.000145444 
   -0.004079576    -0.000483767 
boot mean:    -0.064     1.059     0.005 
bootstrap saimpling of F-coeffs: 1000
zzjmean    -0.064     1.059     0.005 
      std. errors:     0.124     0.144     0.063 

error covariance (* 1,000,000)
     15349     -16116        767 
    -16116      20799      -4683 
       767      -4683       3916 


summ: Trento.HO    3      0.009486    -0.064     1.059     0.005      15349     -16116        767      20799      -4683   ...
      3916 

    fixed pat  wt  dof     chisq       tail prob
          000  0    12    26.378      0.00948572    -0.059     1.054     0.005  infeasible
          001  1    13   168.803     3.23202e-29    -0.814     1.814     0.000  infeasible
          010  1    13    89.009      2.1612e-13     0.764     0.000     0.236 
          100  1    13    26.974       0.0125416     0.000     0.992     0.008 
          011  2    14   111.270     3.17226e-17     1.000     0.000     0.000 
          101  2    14    28.095        0.013819     0.000     1.000     0.000 
          110  2    14   330.233               0     0.000     0.000     1.000 
best pat:          000       0.00948572              -  -
best pat:          100        0.0125416  chi(nested):     0.596 p-value for nested model:        0.439995
best pat:          101         0.013819  chi(nested):     1.121 p-value for nested model:        0.289731

coeffs:    -0.059     1.054     0.005 

## dscore:: f_4(Base, Fit, Rbase, right2)
## genstat:: f_4(Base, Fit, right1, right2)

details: France_SouthEast_IA2.AG                  WHG     0.003118    2.354003
details:           Verona_LIA                  WHG    -0.000119   -0.104274
details:    Italy_Imperial.SG                  WHG    -0.011034  -10.447917
dscore:                  WHG f4:    -0.000368 Z:    -0.317800

details: France_SouthEast_IA2.AG Russia_YuzhniyOleniyOstrov_Mesolithic.AG     0.002809    2.350501
details:           Verona_LIA Russia_YuzhniyOleniyOstrov_Mesolithic.AG    -0.002483   -2.412911
details:    Italy_Imperial.SG Russia_YuzhniyOleniyOstrov_Mesolithic.AG    -0.009727  -10.452408
dscore: Russia_YuzhniyOleniyOstrov_Mesolithic.AG f4:    -0.002834 Z:    -2.720039

details: France_SouthEast_IA2.AG  Iran_GanjDareh_N.AG    -0.000330   -0.283001
details:           Verona_LIA  Iran_GanjDareh_N.AG    -0.002740   -2.870603
details:    Italy_Imperial.SG  Iran_GanjDareh_N.AG     0.000381    0.415958
dscore:  Iran_GanjDareh_N.AG f4:    -0.002866 Z:    -2.976179

details: France_SouthEast_IA2.AG       Jordan_PPNB.AG     0.004912    3.638478
details:           Verona_LIA       Jordan_PPNB.AG    -0.000708   -0.623513
details:    Italy_Imperial.SG       Jordan_PPNB.AG     0.000448    0.430542
dscore:       Jordan_PPNB.AG f4:    -0.001034 Z:    -0.898995

details: France_SouthEast_IA2.AG   Israel_Natufian.AG     0.001141    0.798831
details:           Verona_LIA   Israel_Natufian.AG    -0.001851   -1.564472
details:    Italy_Imperial.SG   Israel_Natufian.AG    -0.001392   -1.252171
dscore:   Israel_Natufian.AG f4:    -0.002026 Z:    -1.691211

details: France_SouthEast_IA2.AG Morocco_Iberomaurusian.AG     0.002161    1.889880
details:           Verona_LIA Morocco_Iberomaurusian.AG    -0.000725   -0.714203
details:    Italy_Imperial.SG Morocco_Iberomaurusian.AG    -0.000520   -0.547747
dscore: Morocco_Iberomaurusian.AG f4:    -0.000895 Z:    -0.868753

details: France_SouthEast_IA2.AG Turkey_Marmara_Barcin_N.AG     0.001108    1.032878
details:           Verona_LIA Turkey_Marmara_Barcin_N.AG    -0.000963   -1.039394
details:    Italy_Imperial.SG Turkey_Marmara_Barcin_N.AG    -0.002133   -2.482000
dscore: Turkey_Marmara_Barcin_N.AG f4:    -0.001092 Z:    -1.163780

details: France_SouthEast_IA2.AG    Germany_EN_LBK.AG     0.001566    1.460571
details:           Verona_LIA    Germany_EN_LBK.AG    -0.001069   -1.159441
details:    Italy_Imperial.SG    Germany_EN_LBK.AG    -0.002998   -3.539421
dscore:    Germany_EN_LBK.AG f4:    -0.001235 Z:    -1.323338

details: France_SouthEast_IA2.AG Russia_Samara_EBA_Yamnaya.AG     0.000486    0.422494
details:           Verona_LIA Russia_Samara_EBA_Yamnaya.AG    -0.002724   -2.727168
details:    Italy_Imperial.SG Russia_Samara_EBA_Yamnaya.AG    -0.006510   -7.182262
dscore: Russia_Samara_EBA_Yamnaya.AG f4:    -0.002934 Z:    -2.902918

details: France_SouthEast_IA2.AG Italy_North_Remedello_C.SG    -0.001336   -0.877147
details:           Verona_LIA Italy_North_Remedello_C.SG    -0.000914   -0.722197
details:    Italy_Imperial.SG Italy_North_Remedello_C.SG    -0.004867   -4.066933
dscore: Italy_North_Remedello_C.SG f4:    -0.000910 Z:    -0.709161

details: France_SouthEast_IA2.AG        Denmark_IA.SG    -0.000715   -0.570425
details:           Verona_LIA        Denmark_IA.SG    -0.002282   -2.265297
details:    Italy_Imperial.SG        Denmark_IA.SG    -0.007159   -7.666476
dscore:        Denmark_IA.SG f4:    -0.002400 Z:    -2.356479

details: France_SouthEast_IA2.AG Hungary_Langobard.SG    -0.001615   -1.438959
details:           Verona_LIA Hungary_Langobard.SG    -0.002517   -2.601916
details:    Italy_Imperial.SG Hungary_Langobard.SG    -0.006743   -7.633732
dscore: Hungary_Langobard.SG f4:    -0.002593 Z:    -2.651501

details: France_SouthEast_IA2.AG Germany_EarlyMedieval.SG    -0.000898   -0.808792
details:           Verona_LIA Germany_EarlyMedieval.SG    -0.001594   -1.679966
details:    Italy_Imperial.SG Germany_EarlyMedieval.SG    -0.006072   -7.027128
dscore: Germany_EarlyMedieval.SG f4:    -0.001659 Z:    -1.727132

details: France_SouthEast_IA2.AG Italy_North_EarlyMedieval_Langobards_1.AG     0.002167    1.745763
details:           Verona_LIA Italy_North_EarlyMedieval_Langobards_1.AG    -0.002002   -1.875560
details:    Italy_Imperial.SG Italy_North_EarlyMedieval_Langobards_1.AG    -0.006195   -6.361694
dscore: Italy_North_EarlyMedieval_Langobards_1.AG f4:    -0.002271 Z:    -2.101073

gendstat:   Ethiopia_4500BP.SG                  WHG    -0.318
gendstat:   Ethiopia_4500BP.SG Russia_YuzhniyOleniyOstrov_Mesolithic.AG    -2.720
gendstat:   Ethiopia_4500BP.SG  Iran_GanjDareh_N.AG    -2.976
gendstat:   Ethiopia_4500BP.SG       Jordan_PPNB.AG    -0.899
gendstat:   Ethiopia_4500BP.SG   Israel_Natufian.AG    -1.691
gendstat:   Ethiopia_4500BP.SG Morocco_Iberomaurusian.AG    -0.869
gendstat:   Ethiopia_4500BP.SG Turkey_Marmara_Barcin_N.AG    -1.164
gendstat:   Ethiopia_4500BP.SG    Germany_EN_LBK.AG    -1.323
gendstat:   Ethiopia_4500BP.SG Russia_Samara_EBA_Yamnaya.AG    -2.903
gendstat:   Ethiopia_4500BP.SG Italy_North_Remedello_C.SG    -0.709
gendstat:   Ethiopia_4500BP.SG        Denmark_IA.SG    -2.356
gendstat:   Ethiopia_4500BP.SG Hungary_Langobard.SG    -2.652
gendstat:   Ethiopia_4500BP.SG Germany_EarlyMedieval.SG    -1.727
gendstat:   Ethiopia_4500BP.SG Italy_North_EarlyMedieval_Langobards_1.AG    -2.101
gendstat:                  WHG Russia_YuzhniyOleniyOstrov_Mesolithic.AG    -2.926
gendstat:                  WHG  Iran_GanjDareh_N.AG    -2.386
gendstat:                  WHG       Jordan_PPNB.AG    -0.619
gendstat:                  WHG   Israel_Natufian.AG    -1.420
gendstat:                  WHG Morocco_Iberomaurusian.AG    -0.489
gendstat:                  WHG Turkey_Marmara_Barcin_N.AG    -0.874
gendstat:                  WHG    Germany_EN_LBK.AG    -1.054
gendstat:                  WHG Russia_Samara_EBA_Yamnaya.AG    -2.839
gendstat:                  WHG Italy_North_Remedello_C.SG    -0.455
gendstat:                  WHG        Denmark_IA.SG    -2.305
gendstat:                  WHG Hungary_Langobard.SG    -2.763
gendstat:                  WHG Germany_EarlyMedieval.SG    -1.596
gendstat:                  WHG Italy_North_EarlyMedieval_Langobards_1.AG    -1.989
gendstat: Russia_YuzhniyOleniyOstrov_Mesolithic.AG  Iran_GanjDareh_N.AG    -0.040
gendstat: Russia_YuzhniyOleniyOstrov_Mesolithic.AG       Jordan_PPNB.AG     1.805
gendstat: Russia_YuzhniyOleniyOstrov_Mesolithic.AG   Israel_Natufian.AG     0.738
gendstat: Russia_YuzhniyOleniyOstrov_Mesolithic.AG Morocco_Iberomaurusian.AG     2.023
gendstat: Russia_YuzhniyOleniyOstrov_Mesolithic.AG Turkey_Marmara_Barcin_N.AG     2.474
gendstat: Russia_YuzhniyOleniyOstrov_Mesolithic.AG    Germany_EN_LBK.AG     2.298
gendstat: Russia_YuzhniyOleniyOstrov_Mesolithic.AG Russia_Samara_EBA_Yamnaya.AG    -0.159
gendstat: Russia_YuzhniyOleniyOstrov_Mesolithic.AG Italy_North_Remedello_C.SG     1.736
gendstat: Russia_YuzhniyOleniyOstrov_Mesolithic.AG        Denmark_IA.SG     0.575
gendstat: Russia_YuzhniyOleniyOstrov_Mesolithic.AG Hungary_Langobard.SG     0.380
gendstat: Russia_YuzhniyOleniyOstrov_Mesolithic.AG Germany_EarlyMedieval.SG     1.808
gendstat: Russia_YuzhniyOleniyOstrov_Mesolithic.AG Italy_North_EarlyMedieval_Langobards_1.AG     0.709
gendstat:  Iran_GanjDareh_N.AG       Jordan_PPNB.AG     1.834
gendstat:  Iran_GanjDareh_N.AG   Israel_Natufian.AG     0.759
gendstat:  Iran_GanjDareh_N.AG Morocco_Iberomaurusian.AG     1.981
gendstat:  Iran_GanjDareh_N.AG Turkey_Marmara_Barcin_N.AG     2.413
gendstat:  Iran_GanjDareh_N.AG    Germany_EN_LBK.AG     2.245
gendstat:  Iran_GanjDareh_N.AG Russia_Samara_EBA_Yamnaya.AG    -0.092
gendstat:  Iran_GanjDareh_N.AG Italy_North_Remedello_C.SG     1.771
gendstat:  Iran_GanjDareh_N.AG        Denmark_IA.SG     0.536
gendstat:  Iran_GanjDareh_N.AG Hungary_Langobard.SG     0.377
gendstat:  Iran_GanjDareh_N.AG Germany_EarlyMedieval.SG     1.588
gendstat:  Iran_GanjDareh_N.AG Italy_North_EarlyMedieval_Langobards_1.AG     0.674
gendstat:       Jordan_PPNB.AG   Israel_Natufian.AG    -0.921
gendstat:       Jordan_PPNB.AG Morocco_Iberomaurusian.AG     0.136
gendstat:       Jordan_PPNB.AG Turkey_Marmara_Barcin_N.AG    -0.074
gendstat:       Jordan_PPNB.AG    Germany_EN_LBK.AG    -0.258
gendstat:       Jordan_PPNB.AG Russia_Samara_EBA_Yamnaya.AG    -2.038
gendstat:       Jordan_PPNB.AG Italy_North_Remedello_C.SG     0.105
gendstat:       Jordan_PPNB.AG        Denmark_IA.SG    -1.428
gendstat:       Jordan_PPNB.AG Hungary_Langobard.SG    -1.784
gendstat:       Jordan_PPNB.AG Germany_EarlyMedieval.SG    -0.716
gendstat:       Jordan_PPNB.AG Italy_North_EarlyMedieval_Langobards_1.AG    -1.246
gendstat:   Israel_Natufian.AG Morocco_Iberomaurusian.AG     1.037
gendstat:   Israel_Natufian.AG Turkey_Marmara_Barcin_N.AG     1.009
gendstat:   Israel_Natufian.AG    Germany_EN_LBK.AG     0.846
gendstat:   Israel_Natufian.AG Russia_Samara_EBA_Yamnaya.AG    -0.859
gendstat:   Israel_Natufian.AG Italy_North_Remedello_C.SG     0.846
gendstat:   Israel_Natufian.AG        Denmark_IA.SG    -0.344
gendstat:   Israel_Natufian.AG Hungary_Langobard.SG    -0.571
gendstat:   Israel_Natufian.AG Germany_EarlyMedieval.SG     0.374
gendstat:   Israel_Natufian.AG Italy_North_EarlyMedieval_Langobards_1.AG    -0.220
gendstat: Morocco_Iberomaurusian.AG Turkey_Marmara_Barcin_N.AG    -0.242
gendstat: Morocco_Iberomaurusian.AG    Germany_EN_LBK.AG    -0.421
gendstat: Morocco_Iberomaurusian.AG Russia_Samara_EBA_Yamnaya.AG    -2.144
gendstat: Morocco_Iberomaurusian.AG Italy_North_Remedello_C.SG    -0.013
gendstat: Morocco_Iberomaurusian.AG        Denmark_IA.SG    -1.496
gendstat: Morocco_Iberomaurusian.AG Hungary_Langobard.SG    -1.922
gendstat: Morocco_Iberomaurusian.AG Germany_EarlyMedieval.SG    -0.879
gendstat: Morocco_Iberomaurusian.AG Italy_North_EarlyMedieval_Langobards_1.AG    -1.407
gendstat: Turkey_Marmara_Barcin_N.AG    Germany_EN_LBK.AG    -0.467
gendstat: Turkey_Marmara_Barcin_N.AG Russia_Samara_EBA_Yamnaya.AG    -2.803
gendstat: Turkey_Marmara_Barcin_N.AG Italy_North_Remedello_C.SG     0.197
gendstat: Turkey_Marmara_Barcin_N.AG        Denmark_IA.SG    -1.916
gendstat: Turkey_Marmara_Barcin_N.AG Hungary_Langobard.SG    -2.815
gendstat: Turkey_Marmara_Barcin_N.AG Germany_EarlyMedieval.SG    -1.093
gendstat: Turkey_Marmara_Barcin_N.AG Italy_North_EarlyMedieval_Langobards_1.AG    -1.688
gendstat:    Germany_EN_LBK.AG Russia_Samara_EBA_Yamnaya.AG    -2.689
gendstat:    Germany_EN_LBK.AG Italy_North_Remedello_C.SG     0.352
gendstat:    Germany_EN_LBK.AG        Denmark_IA.SG    -1.695
gendstat:    Germany_EN_LBK.AG Hungary_Langobard.SG    -2.690
gendstat:    Germany_EN_LBK.AG Germany_EarlyMedieval.SG    -0.857
gendstat:    Germany_EN_LBK.AG Italy_North_EarlyMedieval_Langobards_1.AG    -1.486
gendstat: Russia_Samara_EBA_Yamnaya.AG Italy_North_Remedello_C.SG     1.911
gendstat: Russia_Samara_EBA_Yamnaya.AG        Denmark_IA.SG     0.688
gendstat: Russia_Samara_EBA_Yamnaya.AG Hungary_Langobard.SG     0.587
gendstat: Russia_Samara_EBA_Yamnaya.AG Germany_EarlyMedieval.SG     2.066
gendstat: Russia_Samara_EBA_Yamnaya.AG Italy_North_EarlyMedieval_Langobards_1.AG     0.882
gendstat: Italy_North_Remedello_C.SG        Denmark_IA.SG    -1.314
gendstat: Italy_North_Remedello_C.SG Hungary_Langobard.SG    -1.662
gendstat: Italy_North_Remedello_C.SG Germany_EarlyMedieval.SG    -0.746
gendstat: Italy_North_Remedello_C.SG Italy_North_EarlyMedieval_Langobards_1.AG    -1.236
gendstat:        Denmark_IA.SG Hungary_Langobard.SG    -0.282
gendstat:        Denmark_IA.SG Germany_EarlyMedieval.SG     1.081
gendstat:        Denmark_IA.SG Italy_North_EarlyMedieval_Langobards_1.AG     0.162
gendstat: Hungary_Langobard.SG Germany_EarlyMedieval.SG     1.743
gendstat: Hungary_Langobard.SG Italy_North_EarlyMedieval_Langobards_1.AG     0.469
gendstat: Germany_EarlyMedieval.SG Italy_North_EarlyMedieval_Langobards_1.AG    -0.890

worst Z-score with right hand mix
f4(Target, Fit, Base, mix of Right pops;  Z:    -5.098 sum:     1.000
                           WHG    -1.137
Russia_YuzhniyOleniyOstrov_Mesolithic.AG     0.739
           Iran_GanjDareh_N.AG     0.805
                Jordan_PPNB.AG    -0.282
            Israel_Natufian.AG     0.419
     Morocco_Iberomaurusian.AG    -0.177
    Turkey_Marmara_Barcin_N.AG    -1.272
             Germany_EN_LBK.AG    -0.565
  Russia_Samara_EBA_Yamnaya.AG     0.762
    Italy_North_Remedello_C.SG    -0.197
                 Denmark_IA.SG     0.744
          Hungary_Langobard.SG     1.421
      Germany_EarlyMedieval.SG    -0.450
Italy_North_EarlyMedieval_Langobards_1.AG     0.189

removing /tmp/fsx.385303
oldmode set: terminating
##end of qpAdm:        5.145 seconds cpu        8.770 Mbytes in use
[2025-12-28T07:57:02Z] ✅ Target Trento.HO: success on attempt 1.
