qpAdm: parameter file: parqpAdm
### THE INPUT PARAMETERS
##PARAMETER NAME: VALUE
DIR: ../data
S1: v62.0_HO_updated_packed
indivname: ../data/v62.0_HO_updated_packed.ind
snpname: ../data/v62.0_HO_updated_packed.snp
genotypename: ../data/v62.0_HO_updated_packed.geno
popleft: leftsrc
popright: right1_posth_recent_all_snps_corrected_ehg_new2
allsnps: YES
inbreed: YES
details: YES
summary: YES
##  qpAdm -p parqpAdm
## qpAdm version: 2050
seed: 76274790
inbreed set YES
tmp: /tmp/fsx.673782

left pops:
           Trento.HO      2
Germany_Hallstatt_Cisalpine.AG      3
          Verona_LIA     13
   Italy_Imperial.SG     36

right pops:
  Ethiopia_4500BP.SG      2
                 WHG      3
Russia_YuzhniyOleniyOstrov_Mesolithic.AG     18
 Iran_GanjDareh_N.AG      8
      Jordan_PPNB.AG      7
  Israel_Natufian.AG      6
Morocco_Iberomaurusian.AG      7
Turkey_Marmara_Barcin_N.AG     23
   Germany_EN_LBK.AG     69
Russia_Samara_EBA_Yamnaya.AG      9
Italy_North_Remedello_C.SG      2
Hungary_Langobard.SG      7
       Denmark_IA.SG      4
Germany_EarlyMedieval.SG     19
Italy_North_EarlyMedieval_Langobards_1.AG      4

codimension 1
f4info: 
f4rank: 2 dof:     12 chisq:    24.807 tail:         0.0157654908 dofdiff:     14 chisqdiff:   -24.807 taildiff:                    1
B:
          scale     1.000     1.000 
            WHG     2.142    -1.918 
Russia_YuzhniyOleniyOstrov_Mesolithic.AG     1.668    -0.635 
Iran_GanjDareh_N.AG    -0.320     1.789 
 Jordan_PPNB.AG    -0.046     1.266 
Israel_Natufian.AG     0.218     1.601 
Morocco_Iberomaurusian.AG     0.086     0.762 
Turkey_Marmara_Barcin_N.AG     0.389     0.579 
Germany_EN_LBK.AG     0.568     0.586 
Russia_Samara_EBA_Yamnaya.AG     0.993     0.067 
Italy_North_Remedello_C.SG     0.849    -0.475 
Hungary_Langobard.SG     0.988    -0.495 
  Denmark_IA.SG     1.090    -0.655 
Germany_EarlyMedieval.SG     0.981    -0.596 
Italy_North_EarlyMedieval_Langobards_1.AG     1.079     0.190 
A:
          scale   289.515   571.075 
Germany_Hallstatt_Cisalpine.AG     0.999     1.694 
     Verona_LIA    -0.195    -0.269 
Italy_Imperial.SG    -1.401     0.237 


full rank
f4info: 
f4rank: 3 dof:      0 chisq:     0.000 tail:                    1 dofdiff:     12 chisqdiff:    24.807 taildiff:         0.0157654908
B:
          scale   385.426   541.823   171.856 
            WHG     0.941    -0.088    -1.905 
Russia_YuzhniyOleniyOstrov_Mesolithic.AG     0.994    -1.356    -1.677 
Iran_GanjDareh_N.AG     0.837    -1.495     0.063 
 Jordan_PPNB.AG     1.486    -0.399     0.074 
Israel_Natufian.AG     1.766    -1.032    -0.247 
Morocco_Iberomaurusian.AG     0.941    -0.410    -0.095 
Turkey_Marmara_Barcin_N.AG     1.032    -0.528    -0.369 
Germany_EN_LBK.AG     1.311    -0.592    -0.519 
Russia_Samara_EBA_Yamnaya.AG     0.707    -1.492    -1.124 
Italy_North_Remedello_C.SG     0.499    -0.466    -0.833 
Hungary_Langobard.SG     0.065    -1.383    -1.165 
  Denmark_IA.SG     0.068    -1.252    -1.235 
Germany_EarlyMedieval.SG     0.222    -0.875    -1.046 
Italy_North_EarlyMedieval_Langobards_1.AG     1.273    -1.098    -1.069 
A:
          scale     1.732     1.732     1.732 
Germany_Hallstatt_Cisalpine.AG     1.732     0.000     0.000 
     Verona_LIA     0.000     1.732     0.000 
Italy_Imperial.SG     0.000     0.000     1.732 


best coefficients:     0.142     0.878    -0.020 
totmean:      0.142     0.878    -0.020 
zzevarboot
   -0.193174278     1.132042584     0.061131694 
    0.002960035     0.002781586 
    0.000743562     0.000431891 
   -0.004415726     0.000791929 
zzevarboot2
    0.299716435     0.812411139    -0.112127574 
    0.002608771     0.002697586 
   -0.001675797    -0.000968048 
   -0.005168618     0.000196724 
boot mean:     0.145     0.874    -0.019 
bootstrap saimpling of F-coeffs: 1000
zzjmean     0.145     0.874    -0.019 
      std. errors:     0.331     0.317     0.065 

error covariance (* 1,000,000)
    109663    -102867      -6795 
   -102867     100301       2567 
     -6795       2567       4229 


summ: Trento.HO    3      0.015765     0.145     0.874    -0.019     109663    -102867      -6795     100301       2567   ...
      4229 

    fixed pat  wt  dof     chisq       tail prob
          000  0    12    24.807       0.0157655     0.142     0.878    -0.020  infeasible
          001  1    13    28.534      0.00761799     0.077     0.923     0.000 
          010  1    13    46.976     9.75246e-06     1.013     0.000    -0.013  infeasible
          100  1    13    28.002      0.00904407     0.000     1.002    -0.002  infeasible
          011  2    14    58.770     1.92559e-07     1.000     0.000     0.000 
          101  2    14    29.888      0.00790727     0.000     1.000     0.000 
          110  2    14   331.060               0     0.000     0.000     1.000 
best pat:          000        0.0157655              -  -
best pat:          100                0  chi(nested):     3.195 p-value for nested model:       0.0738546
best pat:          101       0.00790727  chi(nested):     1.886 p-value for nested model:        0.169641

coeffs:     0.142     0.878    -0.020 

## dscore:: f_4(Base, Fit, Rbase, right2)
## genstat:: f_4(Base, Fit, right1, right2)

details: Germany_Hallstatt_Cisalpine.AG                  WHG     0.002441    1.493637
details:           Verona_LIA                  WHG    -0.000163   -0.141939
details:    Italy_Imperial.SG                  WHG    -0.011083  -10.474914
dscore:                  WHG f4:     0.000431 Z:     0.375000

details: Germany_Hallstatt_Cisalpine.AG Russia_YuzhniyOleniyOstrov_Mesolithic.AG     0.002580    1.751936
details:           Verona_LIA Russia_YuzhniyOleniyOstrov_Mesolithic.AG    -0.002502   -2.429642
details:    Italy_Imperial.SG Russia_YuzhniyOleniyOstrov_Mesolithic.AG    -0.009756  -10.472645
dscore: Russia_YuzhniyOleniyOstrov_Mesolithic.AG f4:    -0.001630 Z:    -1.588996

details: Germany_Hallstatt_Cisalpine.AG  Iran_GanjDareh_N.AG     0.002173    1.589555
details:           Verona_LIA  Iran_GanjDareh_N.AG    -0.002760   -2.884441
details:    Italy_Imperial.SG  Iran_GanjDareh_N.AG     0.000366    0.398736
dscore:  Iran_GanjDareh_N.AG f4:    -0.002121 Z:    -2.233016

details: Germany_Hallstatt_Cisalpine.AG       Jordan_PPNB.AG     0.003855    2.416884
details:           Verona_LIA       Jordan_PPNB.AG    -0.000736   -0.646214
details:    Italy_Imperial.SG       Jordan_PPNB.AG     0.000429    0.410525
dscore:       Jordan_PPNB.AG f4:    -0.000106 Z:    -0.094227

details: Germany_Hallstatt_Cisalpine.AG   Israel_Natufian.AG     0.004582    2.689041
details:           Verona_LIA   Israel_Natufian.AG    -0.001906   -1.606776
details:    Italy_Imperial.SG   Israel_Natufian.AG    -0.001440   -1.291936
dscore:   Israel_Natufian.AG f4:    -0.000991 Z:    -0.842149

details: Germany_Hallstatt_Cisalpine.AG Morocco_Iberomaurusian.AG     0.002441    1.675008
details:           Verona_LIA Morocco_Iberomaurusian.AG    -0.000756   -0.744664
details:    Italy_Imperial.SG Morocco_Iberomaurusian.AG    -0.000554   -0.582965
dscore: Morocco_Iberomaurusian.AG f4:    -0.000305 Z:    -0.301345

details: Germany_Hallstatt_Cisalpine.AG Turkey_Marmara_Barcin_N.AG     0.002679    2.080007
details:           Verona_LIA Turkey_Marmara_Barcin_N.AG    -0.000975   -1.050236
details:    Italy_Imperial.SG Turkey_Marmara_Barcin_N.AG    -0.002145   -2.493216
dscore: Turkey_Marmara_Barcin_N.AG f4:    -0.000431 Z:    -0.466379

details: Germany_Hallstatt_Cisalpine.AG    Germany_EN_LBK.AG     0.003402    2.669922
details:           Verona_LIA    Germany_EN_LBK.AG    -0.001093   -1.182812
details:    Italy_Imperial.SG    Germany_EN_LBK.AG    -0.003022   -3.561923
dscore:    Germany_EN_LBK.AG f4:    -0.000414 Z:    -0.450079

details: Germany_Hallstatt_Cisalpine.AG Russia_Samara_EBA_Yamnaya.AG     0.001835    1.324502
details:           Verona_LIA Russia_Samara_EBA_Yamnaya.AG    -0.002754   -2.753772
details:    Italy_Imperial.SG Russia_Samara_EBA_Yamnaya.AG    -0.006540   -7.209498
dscore: Russia_Samara_EBA_Yamnaya.AG f4:    -0.002023 Z:    -2.031073

details: Germany_Hallstatt_Cisalpine.AG Italy_North_Remedello_C.SG     0.001296    0.709940
details:           Verona_LIA Italy_North_Remedello_C.SG    -0.000860   -0.677657
details:    Italy_Imperial.SG Italy_North_Remedello_C.SG    -0.004846   -4.040697
dscore: Italy_North_Remedello_C.SG f4:    -0.000471 Z:    -0.374218

details: Germany_Hallstatt_Cisalpine.AG Hungary_Langobard.SG     0.000169    0.124574
details:           Verona_LIA Hungary_Langobard.SG    -0.002553   -2.633680
details:    Italy_Imperial.SG Hungary_Langobard.SG    -0.006779   -7.665413
dscore: Hungary_Langobard.SG f4:    -0.002079 Z:    -2.160675

details: Germany_Hallstatt_Cisalpine.AG        Denmark_IA.SG     0.000177    0.122942
details:           Verona_LIA        Denmark_IA.SG    -0.002310   -2.288609
details:    Italy_Imperial.SG        Denmark_IA.SG    -0.007185   -7.682828
dscore:        Denmark_IA.SG f4:    -0.001856 Z:    -1.855892

details: Germany_Hallstatt_Cisalpine.AG Germany_EarlyMedieval.SG     0.000576    0.442766
details:           Verona_LIA Germany_EarlyMedieval.SG    -0.001616   -1.700931
details:    Italy_Imperial.SG Germany_EarlyMedieval.SG    -0.006084   -7.033867
dscore: Germany_EarlyMedieval.SG f4:    -0.001212 Z:    -1.285951

details: Germany_Hallstatt_Cisalpine.AG Italy_North_EarlyMedieval_Langobards_1.AG     0.003304    2.216648
details:           Verona_LIA Italy_North_EarlyMedieval_Langobards_1.AG    -0.002027   -1.895833
details:    Italy_Imperial.SG Italy_North_EarlyMedieval_Langobards_1.AG    -0.006222   -6.386045
dscore: Italy_North_EarlyMedieval_Langobards_1.AG f4:    -0.001182 Z:    -1.106742

gendstat:   Ethiopia_4500BP.SG                  WHG     0.375
gendstat:   Ethiopia_4500BP.SG Russia_YuzhniyOleniyOstrov_Mesolithic.AG    -1.589
gendstat:   Ethiopia_4500BP.SG  Iran_GanjDareh_N.AG    -2.233
gendstat:   Ethiopia_4500BP.SG       Jordan_PPNB.AG    -0.094
gendstat:   Ethiopia_4500BP.SG   Israel_Natufian.AG    -0.842
gendstat:   Ethiopia_4500BP.SG Morocco_Iberomaurusian.AG    -0.301
gendstat:   Ethiopia_4500BP.SG Turkey_Marmara_Barcin_N.AG    -0.466
gendstat:   Ethiopia_4500BP.SG    Germany_EN_LBK.AG    -0.450
gendstat:   Ethiopia_4500BP.SG Russia_Samara_EBA_Yamnaya.AG    -2.031
gendstat:   Ethiopia_4500BP.SG Italy_North_Remedello_C.SG    -0.374
gendstat:   Ethiopia_4500BP.SG Hungary_Langobard.SG    -2.161
gendstat:   Ethiopia_4500BP.SG        Denmark_IA.SG    -1.856
gendstat:   Ethiopia_4500BP.SG Germany_EarlyMedieval.SG    -1.286
gendstat:   Ethiopia_4500BP.SG Italy_North_EarlyMedieval_Langobards_1.AG    -1.107
gendstat:                  WHG Russia_YuzhniyOleniyOstrov_Mesolithic.AG    -2.495
gendstat:                  WHG  Iran_GanjDareh_N.AG    -2.481
gendstat:                  WHG       Jordan_PPNB.AG    -0.512
gendstat:                  WHG   Israel_Natufian.AG    -1.225
gendstat:                  WHG Morocco_Iberomaurusian.AG    -0.695
gendstat:                  WHG Turkey_Marmara_Barcin_N.AG    -1.042
gendstat:                  WHG    Germany_EN_LBK.AG    -1.034
gendstat:                  WHG Russia_Samara_EBA_Yamnaya.AG    -2.751
gendstat:                  WHG Italy_North_Remedello_C.SG    -0.777
gendstat:                  WHG Hungary_Langobard.SG    -3.156
gendstat:                  WHG        Denmark_IA.SG    -2.646
gendstat:                  WHG Germany_EarlyMedieval.SG    -2.060
gendstat:                  WHG Italy_North_EarlyMedieval_Langobards_1.AG    -1.709
gendstat: Russia_YuzhniyOleniyOstrov_Mesolithic.AG  Iran_GanjDareh_N.AG    -0.626
gendstat: Russia_YuzhniyOleniyOstrov_Mesolithic.AG       Jordan_PPNB.AG     1.570
gendstat: Russia_YuzhniyOleniyOstrov_Mesolithic.AG   Israel_Natufian.AG     0.590
gendstat: Russia_YuzhniyOleniyOstrov_Mesolithic.AG Morocco_Iberomaurusian.AG     1.417
gendstat: Russia_YuzhniyOleniyOstrov_Mesolithic.AG Turkey_Marmara_Barcin_N.AG     1.734
gendstat: Russia_YuzhniyOleniyOstrov_Mesolithic.AG    Germany_EN_LBK.AG     1.782
gendstat: Russia_YuzhniyOleniyOstrov_Mesolithic.AG Russia_Samara_EBA_Yamnaya.AG    -0.640
gendstat: Russia_YuzhniyOleniyOstrov_Mesolithic.AG Italy_North_Remedello_C.SG     1.076
gendstat: Russia_YuzhniyOleniyOstrov_Mesolithic.AG Hungary_Langobard.SG    -0.728
gendstat: Russia_YuzhniyOleniyOstrov_Mesolithic.AG        Denmark_IA.SG    -0.305
gendstat: Russia_YuzhniyOleniyOstrov_Mesolithic.AG Germany_EarlyMedieval.SG     0.657
gendstat: Russia_YuzhniyOleniyOstrov_Mesolithic.AG Italy_North_EarlyMedieval_Langobards_1.AG     0.571
gendstat:  Iran_GanjDareh_N.AG       Jordan_PPNB.AG     2.063
gendstat:  Iran_GanjDareh_N.AG   Israel_Natufian.AG     1.036
gendstat:  Iran_GanjDareh_N.AG Morocco_Iberomaurusian.AG     1.881
gendstat:  Iran_GanjDareh_N.AG Turkey_Marmara_Barcin_N.AG     2.363
gendstat:  Iran_GanjDareh_N.AG    Germany_EN_LBK.AG     2.409
gendstat:  Iran_GanjDareh_N.AG Russia_Samara_EBA_Yamnaya.AG     0.139
gendstat:  Iran_GanjDareh_N.AG Italy_North_Remedello_C.SG     1.542
gendstat:  Iran_GanjDareh_N.AG Hungary_Langobard.SG     0.061
gendstat:  Iran_GanjDareh_N.AG        Denmark_IA.SG     0.318
gendstat:  Iran_GanjDareh_N.AG Germany_EarlyMedieval.SG     1.228
gendstat:  Iran_GanjDareh_N.AG Italy_North_EarlyMedieval_Langobards_1.AG     1.093
gendstat:       Jordan_PPNB.AG   Israel_Natufian.AG    -0.837
gendstat:       Jordan_PPNB.AG Morocco_Iberomaurusian.AG    -0.198
gendstat:       Jordan_PPNB.AG Turkey_Marmara_Barcin_N.AG    -0.429
gendstat:       Jordan_PPNB.AG    Germany_EN_LBK.AG    -0.403
gendstat:       Jordan_PPNB.AG Russia_Samara_EBA_Yamnaya.AG    -2.107
gendstat:       Jordan_PPNB.AG Italy_North_Remedello_C.SG    -0.314
gendstat:       Jordan_PPNB.AG Hungary_Langobard.SG    -2.305
gendstat:       Jordan_PPNB.AG        Denmark_IA.SG    -1.889
gendstat:       Jordan_PPNB.AG Germany_EarlyMedieval.SG    -1.293
gendstat:       Jordan_PPNB.AG Italy_North_EarlyMedieval_Langobards_1.AG    -1.105
gendstat:   Israel_Natufian.AG Morocco_Iberomaurusian.AG     0.636
gendstat:   Israel_Natufian.AG Turkey_Marmara_Barcin_N.AG     0.614
gendstat:   Israel_Natufian.AG    Germany_EN_LBK.AG     0.625
gendstat:   Israel_Natufian.AG Russia_Samara_EBA_Yamnaya.AG    -0.991
gendstat:   Israel_Natufian.AG Italy_North_Remedello_C.SG     0.402
gendstat:   Israel_Natufian.AG Hungary_Langobard.SG    -1.111
gendstat:   Israel_Natufian.AG        Denmark_IA.SG    -0.809
gendstat:   Israel_Natufian.AG Germany_EarlyMedieval.SG    -0.227
gendstat:   Israel_Natufian.AG Italy_North_EarlyMedieval_Langobards_1.AG    -0.172
gendstat: Morocco_Iberomaurusian.AG Turkey_Marmara_Barcin_N.AG    -0.158
gendstat: Morocco_Iberomaurusian.AG    Germany_EN_LBK.AG    -0.137
gendstat: Morocco_Iberomaurusian.AG Russia_Samara_EBA_Yamnaya.AG    -1.850
gendstat: Morocco_Iberomaurusian.AG Italy_North_Remedello_C.SG    -0.141
gendstat: Morocco_Iberomaurusian.AG Hungary_Langobard.SG    -2.060
gendstat: Morocco_Iberomaurusian.AG        Denmark_IA.SG    -1.578
gendstat: Morocco_Iberomaurusian.AG Germany_EarlyMedieval.SG    -1.073
gendstat: Morocco_Iberomaurusian.AG Italy_North_EarlyMedieval_Langobards_1.AG    -0.915
gendstat: Turkey_Marmara_Barcin_N.AG    Germany_EN_LBK.AG     0.057
gendstat: Turkey_Marmara_Barcin_N.AG Russia_Samara_EBA_Yamnaya.AG    -2.487
gendstat: Turkey_Marmara_Barcin_N.AG Italy_North_Remedello_C.SG    -0.045
gendstat: Turkey_Marmara_Barcin_N.AG Hungary_Langobard.SG    -3.148
gendstat: Turkey_Marmara_Barcin_N.AG        Denmark_IA.SG    -2.143
gendstat: Turkey_Marmara_Barcin_N.AG Germany_EarlyMedieval.SG    -1.544
gendstat: Turkey_Marmara_Barcin_N.AG Italy_North_EarlyMedieval_Langobards_1.AG    -1.094
gendstat:    Germany_EN_LBK.AG Russia_Samara_EBA_Yamnaya.AG    -2.604
gendstat:    Germany_EN_LBK.AG Italy_North_Remedello_C.SG    -0.065
gendstat:    Germany_EN_LBK.AG Hungary_Langobard.SG    -3.335
gendstat:    Germany_EN_LBK.AG        Denmark_IA.SG    -2.155
gendstat:    Germany_EN_LBK.AG Germany_EarlyMedieval.SG    -1.646
gendstat:    Germany_EN_LBK.AG Italy_North_EarlyMedieval_Langobards_1.AG    -1.129
gendstat: Russia_Samara_EBA_Yamnaya.AG Italy_North_Remedello_C.SG     1.518
gendstat: Russia_Samara_EBA_Yamnaya.AG Hungary_Langobard.SG    -0.099
gendstat: Russia_Samara_EBA_Yamnaya.AG        Denmark_IA.SG     0.222
gendstat: Russia_Samara_EBA_Yamnaya.AG Germany_EarlyMedieval.SG     1.361
gendstat: Russia_Samara_EBA_Yamnaya.AG Italy_North_EarlyMedieval_Langobards_1.AG     1.135
gendstat: Italy_North_Remedello_C.SG Hungary_Langobard.SG    -1.634
gendstat: Italy_North_Remedello_C.SG        Denmark_IA.SG    -1.257
gendstat: Italy_North_Remedello_C.SG Germany_EarlyMedieval.SG    -0.763
gendstat: Italy_North_Remedello_C.SG Italy_North_EarlyMedieval_Langobards_1.AG    -0.663
gendstat: Hungary_Langobard.SG        Denmark_IA.SG     0.333
gendstat: Hungary_Langobard.SG Germany_EarlyMedieval.SG     1.674
gendstat: Hungary_Langobard.SG Italy_North_EarlyMedieval_Langobards_1.AG     1.336
gendstat:        Denmark_IA.SG Germany_EarlyMedieval.SG     0.973
gendstat:        Denmark_IA.SG Italy_North_EarlyMedieval_Langobards_1.AG     0.870
gendstat: Germany_EarlyMedieval.SG Italy_North_EarlyMedieval_Langobards_1.AG     0.045

worst Z-score with right hand mix
f4(Target, Fit, Base, mix of Right pops;  Z:    -4.992 sum:     1.000
                           WHG    -1.923
Russia_YuzhniyOleniyOstrov_Mesolithic.AG     0.090
           Iran_GanjDareh_N.AG     1.054
                Jordan_PPNB.AG    -0.629
            Israel_Natufian.AG     0.346
     Morocco_Iberomaurusian.AG    -0.179
    Turkey_Marmara_Barcin_N.AG    -1.307
             Germany_EN_LBK.AG    -2.391
  Russia_Samara_EBA_Yamnaya.AG     0.977
    Italy_North_Remedello_C.SG    -0.095
          Hungary_Langobard.SG     3.438
                 Denmark_IA.SG     1.569
      Germany_EarlyMedieval.SG     0.465
Italy_North_EarlyMedieval_Langobards_1.AG    -0.416

removing /tmp/fsx.673782
oldmode set: terminating
##end of qpAdm:        5.132 seconds cpu        8.770 Mbytes in use
[2025-12-30T03:09:12Z] ✅ Target Trento.HO: success on attempt 1.
